

Microchip MPLAB XC8 Assembler V2.32 build 20210201212658 
                                                                                               Sun May 07 22:29:38 2023

Microchip MPLAB XC8 C Compiler v2.32 (Free license) build 20210201212658 Og1 
     1                           	processor	18F57Q43
     2                           	fnconf	rparam,??,?,0
     3                           	pagewidth 120
     4                           	opt	flic
     5                           	psect	cinit,global,reloc=2,class=CODE,delta=1
     6                           	psect	cstackCOMRAM,global,class=COMRAM,space=1,delta=1,lowdata,noexec
     7                           	psect	text0,global,reloc=2,class=CODE,delta=1
     8                           	psect	text1,global,reloc=2,class=CODE,delta=1
     9                           	psect	text2,global,reloc=2,class=CODE,delta=1
    10                           	psect	text3,global,reloc=2,class=CODE,delta=1
    11                           	psect	text4,global,reloc=2,class=CODE,delta=1
    12                           	psect	text5,global,reloc=2,class=CODE,delta=1
    13                           	psect	text6,global,reloc=2,class=CODE,delta=1
    14                           	psect	intsave_regs,global,class=BIGRAM,space=1,delta=1,noexec
    15                           	psect	rparam,global,class=COMRAM,space=1,delta=1,noexec
    16                           	psect	idloc,global,abs,ovrld,class=IDLOC,space=5,delta=1,noexec
    17                           	psect	config,global,abs,ovrld,class=CONFIG,space=4,delta=1,noexec
    18  0000                     
    19                           ; Generated 17/06/2022 GMT
    20                           ; 
    21                           ; Copyright © 2022, Microchip Technology Inc. and its subsidiaries ("Microchip")
    22                           ; All rights reserved.
    23                           ; 
    24                           ; This software is developed by Microchip Technology Inc. and its subsidiaries ("Microch
      +                          ip").
    25                           ; 
    26                           ; Redistribution and use in source and binary forms, with or without modification, are
    27                           ; permitted provided that the following conditions are met:
    28                           ; 
    29                           ;     1. Redistributions of source code must retain the above copyright notice, this lis
      +                          t of
    30                           ;        conditions and the following disclaimer.
    31                           ; 
    32                           ;     2. Redistributions in binary form must reproduce the above copyright notice, this 
      +                          list
    33                           ;        of conditions and the following disclaimer in the documentation and/or other
    34                           ;        materials provided with the distribution. Publication is not required when
    35                           ;        this file is used in an embedded application.
    36                           ; 
    37                           ;     3. Microchip's name may not be used to endorse or promote products derived from th
      +                          is
    38                           ;        software without specific prior written permission.
    39                           ; 
    40                           ; THIS SOFTWARE IS PROVIDED BY MICROCHIP "AS IS" AND ANY EXPRESS OR IMPLIED WARRANTIES,
    41                           ; INCLUDING, BUT NOT LIMITED TO, THE IMPLIED WARRANTIES OF MERCHANTABILITY AND FITNESS F
      +                          OR
    42                           ; PURPOSE ARE DISCLAIMED.  IN NO EVENT SHALL MICROCHIP BE LIABLE FOR ANY DIRECT, INDIREC
      +                          T,
    43                           ; INCIDENTAL, SPECIAL, EXEMPLARY, OR CONSEQUENTIAL DAMAGES (INCLUDING BUT NOT LIMITED TO
    44                           ; PROCUREMENT OF SUBSTITUTE GOODS OR SERVICES; LOSS OF USE, DATA OR PROFITS; OR BUSINESS
    45                           ; INTERRUPTION) HOWSOEVER CAUSED AND ON ANY THEORY OF LIABILITY, WHETHER IN CONTRACT, ST
      +                          RICT
    46                           ; LIABILITY, OR TORT (INCLUDING NEGLIGENCE OR OTHERWISE) ARISING IN ANY WAY OUT OF THE U
      +                          SE OF
    47                           ; THIS SOFTWARE, EVEN IF ADVISED OF THE POSSIBILITY OF SUCH DAMAGE.
    48                           ; 
    49                           ; 
    50                           ; Code-generator required, PIC18F57Q43 Definitions
    51                           ; 
    52                           ; SFR Addresses
    53  0000                     _OSCFRQbits	set	177
    54  0000                     _OSCCON1bits	set	173
    55  0000                     _U3BRG	set	724
    56  0000                     _U3CON1	set	722
    57  0000                     _U3CON0	set	721
    58  0000                     _U3RXB	set	711
    59  0000                     _U3TXB	set	713
    60  0000                     _RF0PPS	set	553
    61  0000                     _U3RXPPS	set	630
    62  0000                     _ANSELF	set	1064
    63  0000                     _TRISF	set	1227
    64  0000                     _PIR9	set	1207
    65  0000                     _PIE9	set	1191
    66  0000                     _INTCON0	set	1238
    67  0000                     _LATF	set	1219
    68                           
    69                           ; #config settings
    70                           
    71                           	psect	cinit
    72  01FF14                     __pcinit:
    73                           	callstack 0
    74  01FF14                     start_initialization:
    75                           	callstack 0
    76  01FF14                     __initialization:
    77                           	callstack 0
    78  01FF14                     end_of_initialization:
    79                           	callstack 0
    80  01FF14                     __end_of__initialization:
    81                           	callstack 0
    82  01FF14  0100               	movlb	0
    83  01FF16  EFDD  F0FF         	goto	_main	;jump to C main() function
    84                           
    85                           	psect	cstackCOMRAM
    86  000501                     __pcstackCOMRAM:
    87                           	callstack 0
    88  000501                     Uart3_Tx_Byte@dato:
    89                           	callstack 0
    90  000501                     FM_Hfintosc_Init@clock_params:
    91                           	callstack 0
    92                           
    93                           ; 2 bytes @ 0x0
    94  000501                     	ds	2
    95  000503                     ??_FM_Hfintosc_Init:
    96                           
    97                           ; 1 bytes @ 0x2
    98  000503                     	ds	1
    99  000504                     Init_Internal_Oscillator@my_clock:
   100                           	callstack 0
   101                           
   102                           ; 2 bytes @ 0x3
   103  000504                     	ds	2
   104  000506                     ??_main:
   105                           
   106                           ; 1 bytes @ 0x5
   107  000506                     	ds	2
   108                           
   109 ;;
   110 ;;Main: autosize = 0, tempsize = 2, incstack = 0, save=0
   111 ;;
   112 ;; *************** function _main *****************
   113 ;; Defined at:
   114 ;;		line 44 in file "main.c"
   115 ;; Parameters:    Size  Location     Type
   116 ;;		None
   117 ;; Auto vars:     Size  Location     Type
   118 ;;		None
   119 ;; Return value:  Size  Location     Type
   120 ;;                  2   44[None  ] int 
   121 ;; Registers used:
   122 ;;		wreg, fsr2l, fsr2h, status,2, status,0, cstack
   123 ;; Tracked objects:
   124 ;;		On entry : 0/0
   125 ;;		On exit  : 0/0
   126 ;;		Unchanged: 0/0
   127 ;; Data sizes:     COMRAM   BANK5   BANK6   BANK7   BANK8   BANK9  BANK10  BANK11  BANK12  BANK13  BANK14  BANK15  BANK1
      +6  BANK17  BANK18  BANK19  BANK20  BANK21  BANK22  BANK23  BANK24  BANK25  BANK26  BANK27  BANK28  BANK29  BANK30  BANK3
      +1  BANK32  BANK33  BANK34  BANK35  BANK36
   128 ;;      Params:         0       0       0       0       0       0       0       0       0       0       0       0       
      +0       0       0       0       0       0       0       0       0       0       0       0       0       0       0       
      +0       0       0       0       0       0
   129 ;;      Locals:         0       0       0       0       0       0       0       0       0       0       0       0       
      +0       0       0       0       0       0       0       0       0       0       0       0       0       0       0       
      +0       0       0       0       0       0
   130 ;;      Temps:          2       0       0       0       0       0       0       0       0       0       0       0       
      +0       0       0       0       0       0       0       0       0       0       0       0       0       0       0       
      +0       0       0       0       0       0
   131 ;;      Totals:         2       0       0       0       0       0       0       0       0       0       0       0       
      +0       0       0       0       0       0       0       0       0       0       0       0       0       0       0       
      +0       0       0       0       0       0
   132 ;;Total ram usage:        2 bytes
   133 ;; Hardware stack levels required when called: 2
   134 ;; This function calls:
   135 ;;		_Init_Global_Interrupt
   136 ;;		_Init_Gpio_System
   137 ;;		_Init_Internal_Oscillator
   138 ;;		_Init_Uart3
   139 ;;		_Uart3_Tx_Byte
   140 ;; This function is called by:
   141 ;;		Startup code after reset
   142 ;; This function uses a non-reentrant model
   143 ;;
   144                           
   145                           	psect	text0
   146  01FFBA                     __ptext0:
   147                           	callstack 0
   148  01FFBA                     _main:
   149                           	callstack 125
   150  01FFBA                     
   151                           ;main.c: 47:     Init_Internal_Oscillator();
   152  01FFBA  ECA1  F0FF         	call	_Init_Internal_Oscillator	;wreg free
   153  01FFBE                     
   154                           ;main.c: 49:     Init_Global_Interrupt();
   155  01FFBE  EC92  F0FF         	call	_Init_Global_Interrupt	;wreg free
   156  01FFC2                     
   157                           ;main.c: 51:     Init_Gpio_System();
   158  01FFC2  EC99  F0FF         	call	_Init_Gpio_System	;wreg free
   159  01FFC6                     
   160                           ;main.c: 53:     Init_Uart3();
   161  01FFC6  ECAC  F0FF         	call	_Init_Uart3	;wreg free
   162  01FFCA                     
   163                           ;main.c: 57:     U3RXPPS = 0x29;
   164  01FFCA  0E29               	movlw	41
   165  01FFCC  0102               	movlb	2	; () banked
   166  01FFCE  6F76               	movwf	118,b	;volatile
   167  01FFD0                     
   168                           ; BSR set to: 2
   169                           ;main.c: 59:     RF0PPS = 0x26;
   170  01FFD0  0E26               	movlw	38
   171  01FFD2  6F29               	movwf	41,b	;volatile
   172  01FFD4                     l820:
   173                           
   174                           ;main.c: 61:     {;main.c: 62:         Uart3_Tx_Byte('F');
   175  01FFD4  0E46               	movlw	70
   176  01FFD6  EC8D  F0FF         	call	_Uart3_Tx_Byte
   177  01FFDA                     
   178                           ;main.c: 63:         LATF ^= (1 << 3);;
   179  01FFDA  0E08               	movlw	8
   180  01FFDC  1AC3               	xorwf	195,f,c	;volatile
   181  01FFDE                     
   182                           ;main.c: 64:         _delay((unsigned long)((1000)*(4000000UL/4000.0)));
   183  01FFDE  0E06               	movlw	6
   184  01FFE0  6E07               	movwf	(??_main+1)^(0+1280),c
   185  01FFE2  0E13               	movlw	19
   186  01FFE4  6E06               	movwf	??_main^(0+1280),c
   187  01FFE6  0EAE               	movlw	174
   188  01FFE8                     u17:
   189  01FFE8  2EE8               	decfsz	wreg,f,c
   190  01FFEA  D7FE               	bra	u17
   191  01FFEC  2E06               	decfsz	??_main^(0+1280),f,c
   192  01FFEE  D7FC               	bra	u17
   193  01FFF0  2E07               	decfsz	(??_main+1)^(0+1280),f,c
   194  01FFF2  D7FA               	bra	u17
   195  01FFF4  EFEA  F0FF         	goto	l820
   196  01FFF8  EFFE  F0FF         	goto	start
   197  01FFFC                     __end_of_main:
   198                           	callstack 0
   199                           
   200 ;; *************** function _Uart3_Tx_Byte *****************
   201 ;; Defined at:
   202 ;;		line 73 in file "main.c"
   203 ;; Parameters:    Size  Location     Type
   204 ;;  dato            1    wreg     unsigned char 
   205 ;; Auto vars:     Size  Location     Type
   206 ;;  dato            1    0[COMRAM] unsigned char 
   207 ;; Return value:  Size  Location     Type
   208 ;;                  1    wreg      void 
   209 ;; Registers used:
   210 ;;		wreg
   211 ;; Tracked objects:
   212 ;;		On entry : 0/0
   213 ;;		On exit  : 0/0
   214 ;;		Unchanged: 0/0
   215 ;; Data sizes:     COMRAM   BANK5   BANK6   BANK7   BANK8   BANK9  BANK10  BANK11  BANK12  BANK13  BANK14  BANK15  BANK1
      +6  BANK17  BANK18  BANK19  BANK20  BANK21  BANK22  BANK23  BANK24  BANK25  BANK26  BANK27  BANK28  BANK29  BANK30  BANK3
      +1  BANK32  BANK33  BANK34  BANK35  BANK36
   216 ;;      Params:         0       0       0       0       0       0       0       0       0       0       0       0       
      +0       0       0       0       0       0       0       0       0       0       0       0       0       0       0       
      +0       0       0       0       0       0
   217 ;;      Locals:         1       0       0       0       0       0       0       0       0       0       0       0       
      +0       0       0       0       0       0       0       0       0       0       0       0       0       0       0       
      +0       0       0       0       0       0
   218 ;;      Temps:          0       0       0       0       0       0       0       0       0       0       0       0       
      +0       0       0       0       0       0       0       0       0       0       0       0       0       0       0       
      +0       0       0       0       0       0
   219 ;;      Totals:         1       0       0       0       0       0       0       0       0       0       0       0       
      +0       0       0       0       0       0       0       0       0       0       0       0       0       0       0       
      +0       0       0       0       0       0
   220 ;;Total ram usage:        1 bytes
   221 ;; Hardware stack levels used: 1
   222 ;; This function calls:
   223 ;;		Nothing
   224 ;; This function is called by:
   225 ;;		_main
   226 ;; This function uses a non-reentrant model
   227 ;;
   228                           
   229                           	psect	text1
   230  01FF1A                     __ptext1:
   231                           	callstack 0
   232  01FF1A                     _Uart3_Tx_Byte:
   233                           	callstack 126
   234                           
   235                           ;incstack = 0
   236                           ;Uart3_Tx_Byte@dato stored from wreg
   237  01FF1A  6E01               	movwf	Uart3_Tx_Byte@dato^(0+1280),c
   238  01FF1C                     
   239                           ;main.c: 73: void Uart3_Tx_Byte (char dato);main.c: 74: {;main.c: 75:     U3TXB = dato;
   240  01FF1C  0061  F404  F2C9   	movff	Uart3_Tx_Byte@dato,713	;volatile
   241  01FF22  0012               	return		;funcret
   242  01FF24                     __end_of_Uart3_Tx_Byte:
   243                           	callstack 0
   244                           
   245 ;; *************** function _Init_Uart3 *****************
   246 ;; Defined at:
   247 ;;		line 79 in file "main.c"
   248 ;; Parameters:    Size  Location     Type
   249 ;;		None
   250 ;; Auto vars:     Size  Location     Type
   251 ;;		None
   252 ;; Return value:  Size  Location     Type
   253 ;;                  1    wreg      void 
   254 ;; Registers used:
   255 ;;		wreg, status,2, status,0
   256 ;; Tracked objects:
   257 ;;		On entry : 0/0
   258 ;;		On exit  : 0/0
   259 ;;		Unchanged: 0/0
   260 ;; Data sizes:     COMRAM   BANK5   BANK6   BANK7   BANK8   BANK9  BANK10  BANK11  BANK12  BANK13  BANK14  BANK15  BANK1
      +6  BANK17  BANK18  BANK19  BANK20  BANK21  BANK22  BANK23  BANK24  BANK25  BANK26  BANK27  BANK28  BANK29  BANK30  BANK3
      +1  BANK32  BANK33  BANK34  BANK35  BANK36
   261 ;;      Params:         0       0       0       0       0       0       0       0       0       0       0       0       
      +0       0       0       0       0       0       0       0       0       0       0       0       0       0       0       
      +0       0       0       0       0       0
   262 ;;      Locals:         0       0       0       0       0       0       0       0       0       0       0       0       
      +0       0       0       0       0       0       0       0       0       0       0       0       0       0       0       
      +0       0       0       0       0       0
   263 ;;      Temps:          0       0       0       0       0       0       0       0       0       0       0       0       
      +0       0       0       0       0       0       0       0       0       0       0       0       0       0       0       
      +0       0       0       0       0       0
   264 ;;      Totals:         0       0       0       0       0       0       0       0       0       0       0       0       
      +0       0       0       0       0       0       0       0       0       0       0       0       0       0       0       
      +0       0       0       0       0       0
   265 ;;Total ram usage:        0 bytes
   266 ;; Hardware stack levels used: 1
   267 ;; This function calls:
   268 ;;		Nothing
   269 ;; This function is called by:
   270 ;;		_main
   271 ;; This function uses a non-reentrant model
   272 ;;
   273                           
   274                           	psect	text2
   275  01FF58                     __ptext2:
   276                           	callstack 0
   277  01FF58                     _Init_Uart3:
   278                           	callstack 126
   279  01FF58                     
   280                           ;main.c: 83:     U3TXB = 0x00;
   281  01FF58  0E00               	movlw	0
   282  01FF5A  0102               	movlb	2	; () banked
   283  01FF5C  6FC9               	movwf	201,b	;volatile
   284                           
   285                           ;main.c: 84:     U3RXB = 0x00;
   286  01FF5E  0E00               	movlw	0
   287  01FF60  6FC7               	movwf	199,b	;volatile
   288  01FF62                     
   289                           ; BSR set to: 2
   290                           ;main.c: 87:     U3CON0 &= ~(1 << 0x7);
   291  01FF62  9FD1               	bcf	209,7,b	;volatile
   292  01FF64                     
   293                           ; BSR set to: 2
   294                           ;main.c: 88:     U3CON0 &= ~(1 << 0x6);
   295  01FF64  9DD1               	bcf	209,6,b	;volatile
   296  01FF66                     
   297                           ; BSR set to: 2
   298                           ;main.c: 89:     U3CON0 |= (1 << 0x5);
   299  01FF66  8BD1               	bsf	209,5,b	;volatile
   300  01FF68                     
   301                           ; BSR set to: 2
   302                           ;main.c: 90:     U3CON0 |= (1 << 0x4);
   303  01FF68  89D1               	bsf	209,4,b	;volatile
   304  01FF6A                     
   305                           ; BSR set to: 2
   306                           ;main.c: 91:     U3CON0 |= (0b0000 << 0x0);
   307  01FF6A  51D1               	movf	209,w,b	;volatile
   308  01FF6C                     
   309                           ; BSR set to: 2
   310                           ;main.c: 94:     U3CON1 |= (1 << 0x7);
   311  01FF6C  8FD2               	bsf	210,7,b	;volatile
   312  01FF6E                     
   313                           ; BSR set to: 2
   314                           ;main.c: 95:     U3CON1 &= ~(1 << 0x4);
   315  01FF6E  99D2               	bcf	210,4,b	;volatile
   316  01FF70                     
   317                           ; BSR set to: 2
   318                           ;main.c: 101:     U3BRG = 25;
   319  01FF70  0E00               	movlw	0
   320  01FF72  6FD5               	movwf	213,b	;volatile
   321  01FF74  0E19               	movlw	25
   322  01FF76  6FD4               	movwf	212,b	;volatile
   323  01FF78                     
   324                           ; BSR set to: 2
   325  01FF78  0012               	return		;funcret
   326  01FF7A                     __end_of_Init_Uart3:
   327                           	callstack 0
   328                           
   329 ;; *************** function _Init_Internal_Oscillator *****************
   330 ;; Defined at:
   331 ;;		line 131 in file "main.c"
   332 ;; Parameters:    Size  Location     Type
   333 ;;		None
   334 ;; Auto vars:     Size  Location     Type
   335 ;;  my_clock        2    3[COMRAM] struct .
   336 ;; Return value:  Size  Location     Type
   337 ;;                  1    wreg      void 
   338 ;; Registers used:
   339 ;;		wreg, fsr2l, fsr2h, status,2, status,0, cstack
   340 ;; Tracked objects:
   341 ;;		On entry : 0/0
   342 ;;		On exit  : 0/0
   343 ;;		Unchanged: 0/0
   344 ;; Data sizes:     COMRAM   BANK5   BANK6   BANK7   BANK8   BANK9  BANK10  BANK11  BANK12  BANK13  BANK14  BANK15  BANK1
      +6  BANK17  BANK18  BANK19  BANK20  BANK21  BANK22  BANK23  BANK24  BANK25  BANK26  BANK27  BANK28  BANK29  BANK30  BANK3
      +1  BANK32  BANK33  BANK34  BANK35  BANK36
   345 ;;      Params:         0       0       0       0       0       0       0       0       0       0       0       0       
      +0       0       0       0       0       0       0       0       0       0       0       0       0       0       0       
      +0       0       0       0       0       0
   346 ;;      Locals:         2       0       0       0       0       0       0       0       0       0       0       0       
      +0       0       0       0       0       0       0       0       0       0       0       0       0       0       0       
      +0       0       0       0       0       0
   347 ;;      Temps:          0       0       0       0       0       0       0       0       0       0       0       0       
      +0       0       0       0       0       0       0       0       0       0       0       0       0       0       0       
      +0       0       0       0       0       0
   348 ;;      Totals:         2       0       0       0       0       0       0       0       0       0       0       0       
      +0       0       0       0       0       0       0       0       0       0       0       0       0       0       0       
      +0       0       0       0       0       0
   349 ;;Total ram usage:        2 bytes
   350 ;; Hardware stack levels used: 1
   351 ;; Hardware stack levels required when called: 1
   352 ;; This function calls:
   353 ;;		_FM_Hfintosc_Init
   354 ;; This function is called by:
   355 ;;		_main
   356 ;; This function uses a non-reentrant model
   357 ;;
   358                           
   359                           	psect	text3
   360  01FF42                     __ptext3:
   361                           	callstack 0
   362  01FF42                     _Init_Internal_Oscillator:
   363                           	callstack 125
   364  01FF42                     
   365                           ;main.c: 133:     _clock_hfintosc_params_t my_clock;;main.c: 134:     my_clock.divisor_c
      +                          lock = clock_div_1;
   366  01FF42  0E00               	movlw	0
   367  01FF44  6E04               	movwf	Init_Internal_Oscillator@my_clock^(0+1280),c
   368                           
   369                           ;main.c: 135:     my_clock.frecuencia_clock = freq_clk_4MHZ;
   370  01FF46  0E02               	movlw	2
   371  01FF48  6E05               	movwf	(Init_Internal_Oscillator@my_clock+1)^(0+1280),c
   372  01FF4A                     
   373                           ;main.c: 137:     FM_Hfintosc_Init(&my_clock);
   374  01FF4A  0E04               	movlw	low Init_Internal_Oscillator@my_clock
   375  01FF4C  6E01               	movwf	FM_Hfintosc_Init@clock_params^(0+1280),c
   376  01FF4E  0E05               	movlw	high Init_Internal_Oscillator@my_clock
   377  01FF50  6E02               	movwf	(FM_Hfintosc_Init@clock_params+1)^(0+1280),c
   378  01FF52  ECBD  F0FF         	call	_FM_Hfintosc_Init	;wreg free
   379  01FF56  0012               	return		;funcret
   380  01FF58                     __end_of_Init_Internal_Oscillator:
   381                           	callstack 0
   382                           
   383 ;; *************** function _FM_Hfintosc_Init *****************
   384 ;; Defined at:
   385 ;;		line 8 in file "system_config.c"
   386 ;; Parameters:    Size  Location     Type
   387 ;;  clock_params    2    0[COMRAM] PTR struct .
   388 ;;		 -> Init_Internal_Oscillator@my_clock(2), 
   389 ;; Auto vars:     Size  Location     Type
   390 ;;		None
   391 ;; Return value:  Size  Location     Type
   392 ;;                  1    wreg      void 
   393 ;; Registers used:
   394 ;;		wreg, fsr2l, fsr2h, status,2, status,0
   395 ;; Tracked objects:
   396 ;;		On entry : 0/0
   397 ;;		On exit  : 0/0
   398 ;;		Unchanged: 0/0
   399 ;; Data sizes:     COMRAM   BANK5   BANK6   BANK7   BANK8   BANK9  BANK10  BANK11  BANK12  BANK13  BANK14  BANK15  BANK1
      +6  BANK17  BANK18  BANK19  BANK20  BANK21  BANK22  BANK23  BANK24  BANK25  BANK26  BANK27  BANK28  BANK29  BANK30  BANK3
      +1  BANK32  BANK33  BANK34  BANK35  BANK36
   400 ;;      Params:         2       0       0       0       0       0       0       0       0       0       0       0       
      +0       0       0       0       0       0       0       0       0       0       0       0       0       0       0       
      +0       0       0       0       0       0
   401 ;;      Locals:         0       0       0       0       0       0       0       0       0       0       0       0       
      +0       0       0       0       0       0       0       0       0       0       0       0       0       0       0       
      +0       0       0       0       0       0
   402 ;;      Temps:          1       0       0       0       0       0       0       0       0       0       0       0       
      +0       0       0       0       0       0       0       0       0       0       0       0       0       0       0       
      +0       0       0       0       0       0
   403 ;;      Totals:         3       0       0       0       0       0       0       0       0       0       0       0       
      +0       0       0       0       0       0       0       0       0       0       0       0       0       0       0       
      +0       0       0       0       0       0
   404 ;;Total ram usage:        3 bytes
   405 ;; Hardware stack levels used: 1
   406 ;; This function calls:
   407 ;;		Nothing
   408 ;; This function is called by:
   409 ;;		_Init_Internal_Oscillator
   410 ;; This function uses a non-reentrant model
   411 ;;
   412                           
   413                           	psect	text4
   414  01FF7A                     __ptext4:
   415                           	callstack 0
   416  01FF7A                     _FM_Hfintosc_Init:
   417                           	callstack 125
   418  01FF7A                     
   419                           ;system_config.c: 8: void FM_Hfintosc_Init (_clock_hfintosc_params_t *clock_params);syst
      +                          em_config.c: 9: {;system_config.c: 10:     OSCCON1bits.NOSC = 0b110;
   420  01FF7A  0100               	movlb	0	; () banked
   421  01FF7C  51AD               	movf	173,w,b	;volatile
   422  01FF7E  0B8F               	andlw	-113
   423  01FF80  0960               	iorlw	96
   424  01FF82  6FAD               	movwf	173,b	;volatile
   425  01FF84                     
   426                           ; BSR set to: 0
   427                           ;system_config.c: 11:     OSCCON1bits.NDIV = clock_params->divisor_clock;
   428  01FF84  0061  F404  F4D9   	movff	FM_Hfintosc_Init@clock_params,fsr2l
   429  01FF8A  0061  F408  F4DA   	movff	FM_Hfintosc_Init@clock_params+1,fsr2h
   430  01FF90  50DF               	movf	indf2,w,c
   431  01FF92  6E03               	movwf	??_FM_Hfintosc_Init^(0+1280),c
   432  01FF94  51AD               	movf	173,w,b	;volatile
   433  01FF96  1803               	xorwf	??_FM_Hfintosc_Init^(0+1280),w,c
   434  01FF98  0BF0               	andlw	-16
   435  01FF9A  1803               	xorwf	??_FM_Hfintosc_Init^(0+1280),w,c
   436  01FF9C  6FAD               	movwf	173,b	;volatile
   437  01FF9E                     
   438                           ; BSR set to: 0
   439                           ;system_config.c: 12:     OSCFRQbits.HFFRQ = clock_params->frecuencia_clock;
   440  01FF9E  EE20 F001          	lfsr	2,1
   441  01FFA2  5001               	movf	FM_Hfintosc_Init@clock_params^(0+1280),w,c
   442  01FFA4  26D9               	addwf	fsr2l,f,c
   443  01FFA6  5002               	movf	(FM_Hfintosc_Init@clock_params+1)^(0+1280),w,c
   444  01FFA8  22DA               	addwfc	fsr2h,f,c
   445  01FFAA  50DF               	movf	indf2,w,c
   446  01FFAC  6E03               	movwf	??_FM_Hfintosc_Init^(0+1280),c
   447  01FFAE  51B1               	movf	177,w,b	;volatile
   448  01FFB0  1803               	xorwf	??_FM_Hfintosc_Init^(0+1280),w,c
   449  01FFB2  0BF0               	andlw	-16
   450  01FFB4  1803               	xorwf	??_FM_Hfintosc_Init^(0+1280),w,c
   451  01FFB6  6FB1               	movwf	177,b	;volatile
   452  01FFB8                     
   453                           ; BSR set to: 0
   454  01FFB8  0012               	return		;funcret
   455  01FFBA                     __end_of_FM_Hfintosc_Init:
   456                           	callstack 0
   457                           
   458 ;; *************** function _Init_Gpio_System *****************
   459 ;; Defined at:
   460 ;;		line 118 in file "main.c"
   461 ;; Parameters:    Size  Location     Type
   462 ;;		None
   463 ;; Auto vars:     Size  Location     Type
   464 ;;		None
   465 ;; Return value:  Size  Location     Type
   466 ;;                  1    wreg      void 
   467 ;; Registers used:
   468 ;;		status,2, status,0
   469 ;; Tracked objects:
   470 ;;		On entry : 0/0
   471 ;;		On exit  : 0/0
   472 ;;		Unchanged: 0/0
   473 ;; Data sizes:     COMRAM   BANK5   BANK6   BANK7   BANK8   BANK9  BANK10  BANK11  BANK12  BANK13  BANK14  BANK15  BANK1
      +6  BANK17  BANK18  BANK19  BANK20  BANK21  BANK22  BANK23  BANK24  BANK25  BANK26  BANK27  BANK28  BANK29  BANK30  BANK3
      +1  BANK32  BANK33  BANK34  BANK35  BANK36
   474 ;;      Params:         0       0       0       0       0       0       0       0       0       0       0       0       
      +0       0       0       0       0       0       0       0       0       0       0       0       0       0       0       
      +0       0       0       0       0       0
   475 ;;      Locals:         0       0       0       0       0       0       0       0       0       0       0       0       
      +0       0       0       0       0       0       0       0       0       0       0       0       0       0       0       
      +0       0       0       0       0       0
   476 ;;      Temps:          0       0       0       0       0       0       0       0       0       0       0       0       
      +0       0       0       0       0       0       0       0       0       0       0       0       0       0       0       
      +0       0       0       0       0       0
   477 ;;      Totals:         0       0       0       0       0       0       0       0       0       0       0       0       
      +0       0       0       0       0       0       0       0       0       0       0       0       0       0       0       
      +0       0       0       0       0       0
   478 ;;Total ram usage:        0 bytes
   479 ;; Hardware stack levels used: 1
   480 ;; This function calls:
   481 ;;		Nothing
   482 ;; This function is called by:
   483 ;;		_main
   484 ;; This function uses a non-reentrant model
   485 ;;
   486                           
   487                           	psect	text5
   488  01FF32                     __ptext5:
   489                           	callstack 0
   490  01FF32                     _Init_Gpio_System:
   491                           	callstack 126
   492  01FF32                     
   493                           ;main.c: 120:     TRISF &= ~(1 << 3);
   494  01FF32  96CB               	bcf	203,3,c	;volatile
   495                           
   496                           ;main.c: 121:     LATF |= (1 << 3);;
   497  01FF34  86C3               	bsf	195,3,c	;volatile
   498                           
   499                           ;main.c: 124:     TRISF &= ~(1 << 0);
   500  01FF36  90CB               	bcf	203,0,c	;volatile
   501                           
   502                           ;main.c: 125:     LATF &= ~(1 << 0);
   503  01FF38  90C3               	bcf	195,0,c	;volatile
   504                           
   505                           ;main.c: 127:     ANSELF &= ~(1 << 1);
   506  01FF3A  0104               	movlb	4	; () banked
   507  01FF3C  9328               	bcf	40,1,b	;volatile
   508                           
   509                           ;main.c: 128:     TRISF |= (1 << 1);
   510  01FF3E  82CB               	bsf	203,1,c	;volatile
   511  01FF40                     
   512                           ; BSR set to: 4
   513  01FF40  0012               	return		;funcret
   514  01FF42                     __end_of_Init_Gpio_System:
   515                           	callstack 0
   516                           
   517 ;; *************** function _Init_Global_Interrupt *****************
   518 ;; Defined at:
   519 ;;		line 104 in file "main.c"
   520 ;; Parameters:    Size  Location     Type
   521 ;;		None
   522 ;; Auto vars:     Size  Location     Type
   523 ;;		None
   524 ;; Return value:  Size  Location     Type
   525 ;;                  1    wreg      void 
   526 ;; Registers used:
   527 ;;		status,2, status,0
   528 ;; Tracked objects:
   529 ;;		On entry : 0/0
   530 ;;		On exit  : 0/0
   531 ;;		Unchanged: 0/0
   532 ;; Data sizes:     COMRAM   BANK5   BANK6   BANK7   BANK8   BANK9  BANK10  BANK11  BANK12  BANK13  BANK14  BANK15  BANK1
      +6  BANK17  BANK18  BANK19  BANK20  BANK21  BANK22  BANK23  BANK24  BANK25  BANK26  BANK27  BANK28  BANK29  BANK30  BANK3
      +1  BANK32  BANK33  BANK34  BANK35  BANK36
   533 ;;      Params:         0       0       0       0       0       0       0       0       0       0       0       0       
      +0       0       0       0       0       0       0       0       0       0       0       0       0       0       0       
      +0       0       0       0       0       0
   534 ;;      Locals:         0       0       0       0       0       0       0       0       0       0       0       0       
      +0       0       0       0       0       0       0       0       0       0       0       0       0       0       0       
      +0       0       0       0       0       0
   535 ;;      Temps:          0       0       0       0       0       0       0       0       0       0       0       0       
      +0       0       0       0       0       0       0       0       0       0       0       0       0       0       0       
      +0       0       0       0       0       0
   536 ;;      Totals:         0       0       0       0       0       0       0       0       0       0       0       0       
      +0       0       0       0       0       0       0       0       0       0       0       0       0       0       0       
      +0       0       0       0       0       0
   537 ;;Total ram usage:        0 bytes
   538 ;; Hardware stack levels used: 1
   539 ;; This function calls:
   540 ;;		Nothing
   541 ;; This function is called by:
   542 ;;		_main
   543 ;; This function uses a non-reentrant model
   544 ;;
   545                           
   546                           	psect	text6
   547  01FF24                     __ptext6:
   548                           	callstack 0
   549  01FF24                     _Init_Global_Interrupt:
   550                           	callstack 126
   551  01FF24                     
   552                           ;main.c: 107:     INTCON0 &= ~(1 << 0x5);
   553  01FF24  9AD6               	bcf	214,5,c	;volatile
   554                           
   555                           ;main.c: 108:     INTCON0 |= (1 << 0x7);
   556  01FF26  8ED6               	bsf	214,7,c	;volatile
   557                           
   558                           ;main.c: 111:     PIE9 &= ~(1 << 0x1);
   559  01FF28  92A7               	bcf	167,1,c	;volatile
   560                           
   561                           ;main.c: 112:     PIE9 &= ~(1 << 0x0);
   562  01FF2A  90A7               	bcf	167,0,c	;volatile
   563                           
   564                           ;main.c: 114:     PIR9 &= ~(1 << 0x1);
   565  01FF2C  92B7               	bcf	183,1,c	;volatile
   566                           
   567                           ;main.c: 115:     PIR9 &= ~(1 << 0x0);
   568  01FF2E  90B7               	bcf	183,0,c	;volatile
   569  01FF30  0012               	return		;funcret
   570  01FF32                     __end_of_Init_Global_Interrupt:
   571                           	callstack 0
   572  0000                     
   573                           	psect	rparam
   574  0000                     
   575                           	psect	idloc
   576                           
   577                           ;Config register IDLOC0 @ 0x200000
   578                           ;	unspecified, using default values
   579  200000                     	org	2097152
   580  200000  0FFF               	dw	4095
   581                           
   582                           ;Config register IDLOC1 @ 0x200002
   583                           ;	unspecified, using default values
   584  200002                     	org	2097154
   585  200002  0FFF               	dw	4095
   586                           
   587                           ;Config register IDLOC2 @ 0x200004
   588                           ;	unspecified, using default values
   589  200004                     	org	2097156
   590  200004  0FFF               	dw	4095
   591                           
   592                           ;Config register IDLOC3 @ 0x200006
   593                           ;	unspecified, using default values
   594  200006                     	org	2097158
   595  200006  0FFF               	dw	4095
   596                           
   597                           ;Config register IDLOC4 @ 0x200008
   598                           ;	unspecified, using default values
   599  200008                     	org	2097160
   600  200008  0FFF               	dw	4095
   601                           
   602                           ;Config register IDLOC5 @ 0x20000A
   603                           ;	unspecified, using default values
   604  20000A                     	org	2097162
   605  20000A  0FFF               	dw	4095
   606                           
   607                           ;Config register IDLOC6 @ 0x20000C
   608                           ;	unspecified, using default values
   609  20000C                     	org	2097164
   610  20000C  0FFF               	dw	4095
   611                           
   612                           ;Config register IDLOC7 @ 0x20000E
   613                           ;	unspecified, using default values
   614  20000E                     	org	2097166
   615  20000E  0FFF               	dw	4095
   616                           
   617                           ;Config register IDLOC8 @ 0x200010
   618                           ;	unspecified, using default values
   619  200010                     	org	2097168
   620  200010  0FFF               	dw	4095
   621                           
   622                           ;Config register IDLOC9 @ 0x200012
   623                           ;	unspecified, using default values
   624  200012                     	org	2097170
   625  200012  0FFF               	dw	4095
   626                           
   627                           ;Config register IDLOC10 @ 0x200014
   628                           ;	unspecified, using default values
   629  200014                     	org	2097172
   630  200014  0FFF               	dw	4095
   631                           
   632                           ;Config register IDLOC11 @ 0x200016
   633                           ;	unspecified, using default values
   634  200016                     	org	2097174
   635  200016  0FFF               	dw	4095
   636                           
   637                           ;Config register IDLOC12 @ 0x200018
   638                           ;	unspecified, using default values
   639  200018                     	org	2097176
   640  200018  0FFF               	dw	4095
   641                           
   642                           ;Config register IDLOC13 @ 0x20001A
   643                           ;	unspecified, using default values
   644  20001A                     	org	2097178
   645  20001A  0FFF               	dw	4095
   646                           
   647                           ;Config register IDLOC14 @ 0x20001C
   648                           ;	unspecified, using default values
   649  20001C                     	org	2097180
   650  20001C  0FFF               	dw	4095
   651                           
   652                           ;Config register IDLOC15 @ 0x20001E
   653                           ;	unspecified, using default values
   654  20001E                     	org	2097182
   655  20001E  0FFF               	dw	4095
   656                           
   657                           ;Config register IDLOC16 @ 0x200020
   658                           ;	unspecified, using default values
   659  200020                     	org	2097184
   660  200020  0FFF               	dw	4095
   661                           
   662                           ;Config register IDLOC17 @ 0x200022
   663                           ;	unspecified, using default values
   664  200022                     	org	2097186
   665  200022  0FFF               	dw	4095
   666                           
   667                           ;Config register IDLOC18 @ 0x200024
   668                           ;	unspecified, using default values
   669  200024                     	org	2097188
   670  200024  0FFF               	dw	4095
   671                           
   672                           ;Config register IDLOC19 @ 0x200026
   673                           ;	unspecified, using default values
   674  200026                     	org	2097190
   675  200026  0FFF               	dw	4095
   676                           
   677                           ;Config register IDLOC20 @ 0x200028
   678                           ;	unspecified, using default values
   679  200028                     	org	2097192
   680  200028  0FFF               	dw	4095
   681                           
   682                           ;Config register IDLOC21 @ 0x20002A
   683                           ;	unspecified, using default values
   684  20002A                     	org	2097194
   685  20002A  0FFF               	dw	4095
   686                           
   687                           ;Config register IDLOC22 @ 0x20002C
   688                           ;	unspecified, using default values
   689  20002C                     	org	2097196
   690  20002C  0FFF               	dw	4095
   691                           
   692                           ;Config register IDLOC23 @ 0x20002E
   693                           ;	unspecified, using default values
   694  20002E                     	org	2097198
   695  20002E  0FFF               	dw	4095
   696                           
   697                           ;Config register IDLOC24 @ 0x200030
   698                           ;	unspecified, using default values
   699  200030                     	org	2097200
   700  200030  0FFF               	dw	4095
   701                           
   702                           ;Config register IDLOC25 @ 0x200032
   703                           ;	unspecified, using default values
   704  200032                     	org	2097202
   705  200032  0FFF               	dw	4095
   706                           
   707                           ;Config register IDLOC26 @ 0x200034
   708                           ;	unspecified, using default values
   709  200034                     	org	2097204
   710  200034  0FFF               	dw	4095
   711                           
   712                           ;Config register IDLOC27 @ 0x200036
   713                           ;	unspecified, using default values
   714  200036                     	org	2097206
   715  200036  0FFF               	dw	4095
   716                           
   717                           ;Config register IDLOC28 @ 0x200038
   718                           ;	unspecified, using default values
   719  200038                     	org	2097208
   720  200038  0FFF               	dw	4095
   721                           
   722                           ;Config register IDLOC29 @ 0x20003A
   723                           ;	unspecified, using default values
   724  20003A                     	org	2097210
   725  20003A  0FFF               	dw	4095
   726                           
   727                           ;Config register IDLOC30 @ 0x20003C
   728                           ;	unspecified, using default values
   729  20003C                     	org	2097212
   730  20003C  0FFF               	dw	4095
   731                           
   732                           ;Config register IDLOC31 @ 0x20003E
   733                           ;	unspecified, using default values
   734  20003E                     	org	2097214
   735  20003E  0FFF               	dw	4095
   736                           
   737                           	psect	config
   738                           
   739                           ;Config register CONFIG1 @ 0x300000
   740                           ;	External Oscillator Selection
   741                           ;	FEXTOSC = OFF, Oscillator not enabled
   742                           ;	Reset Oscillator Selection
   743                           ;	RSTOSC = HFINTOSC_64MHZ, HFINTOSC with HFFRQ = 64 MHz and CDIV = 1:1
   744  300000                     	org	3145728
   745  300000  8C                 	db	140
   746                           
   747                           ;Config register CONFIG2 @ 0x300001
   748                           ;	Clock out Enable bit
   749                           ;	CLKOUTEN = OFF, CLKOUT function is disabled
   750                           ;	PRLOCKED One-Way Set Enable bit
   751                           ;	PR1WAY = OFF, PRLOCKED bit can be set and cleared repeatedly
   752                           ;	Clock Switch Enable bit
   753                           ;	CSWEN = OFF, The NOSC and NDIV bits cannot be changed by user software
   754                           ;	Fail-Safe Clock Monitor Enable bit
   755                           ;	FCMEN = OFF, Fail-Safe Clock Monitor disabled
   756  300001                     	org	3145729
   757  300001  D5                 	db	213
   758                           
   759                           ;Config register CONFIG3 @ 0x300002
   760                           ;	MCLR Enable bit
   761                           ;	MCLRE = EXTMCLR, If LVP = 0, MCLR pin is MCLR; If LVP = 1, RE3 pin function is MCLR
   762                           ;	Power-up timer selection bits
   763                           ;	PWRTS = PWRT_OFF, PWRT is disabled
   764                           ;	Multi-vector enable bit
   765                           ;	MVECEN = ON, Multi-vector enabled, Vector table used for interrupts
   766                           ;	IVTLOCK bit One-way set enable bit
   767                           ;	IVT1WAY = OFF, IVTLOCKED bit can be cleared and set repeatedly
   768                           ;	Low Power BOR Enable bit
   769                           ;	LPBOREN = OFF, Low-Power BOR disabled
   770                           ;	Brown-out Reset Enable bits
   771                           ;	BOREN = SBORDIS, Brown-out Reset enabled , SBOREN bit is ignored
   772  300002                     	org	3145730
   773  300002  EF                 	db	239
   774                           
   775                           ;Config register CONFIG4 @ 0x300003
   776                           ;	Brown-out Reset Voltage Selection bits
   777                           ;	BORV = VBOR_1P9, Brown-out Reset Voltage (VBOR) set to 1.9V
   778                           ;	ZCD Disable bit
   779                           ;	ZCD = OFF, ZCD module is disabled. ZCD can be enabled by setting the ZCDSEN bit of ZCD
      +                          CON
   780                           ;	PPSLOCK bit One-Way Set Enable bit
   781                           ;	PPS1WAY = OFF, PPSLOCKED bit can be set and cleared repeatedly (subject to the unlock 
      +                          sequence)
   782                           ;	Stack Full/Underflow Reset Enable bit
   783                           ;	STVREN = OFF, Stack full/underflow will not cause Reset
   784                           ;	Low Voltage Programming Enable bit
   785                           ;	LVP = OFF, HV on MCLR/VPP must be used for programming
   786                           ;	Extended Instruction Set Enable bit
   787                           ;	XINST = OFF, Extended Instruction Set and Indexed Addressing Mode disabled
   788  300003                     	org	3145731
   789  300003  C7                 	db	199
   790                           
   791                           ;Config register CONFIG5 @ 0x300004
   792                           ;	WDT Period selection bits
   793                           ;	WDTCPS = WDTCPS_31, Divider ratio 1:65536; software control of WDTPS
   794                           ;	WDT operating mode
   795                           ;	WDTE = OFF, WDT Disabled; SWDTEN is ignored
   796  300004                     	org	3145732
   797  300004  9F                 	db	159
   798                           
   799                           ;Config register CONFIG6 @ 0x300005
   800                           ;	WDT Window Select bits
   801                           ;	WDTCWS = WDTCWS_7, window always open (100%); software control; keyed access not requi
      +                          red
   802                           ;	WDT input clock selector
   803                           ;	WDTCCS = SC, Software Control
   804  300005                     	org	3145733
   805  300005  FF                 	db	255
   806                           
   807                           ;Config register CONFIG7 @ 0x300006
   808                           ;	Boot Block Size selection bits
   809                           ;	BBSIZE = BBSIZE_512, Boot Block size is 512 words
   810                           ;	Boot Block enable bit
   811                           ;	BBEN = OFF, Boot block disabled
   812                           ;	Storage Area Flash enable bit
   813                           ;	SAFEN = OFF, SAF disabled
   814                           ;	Background Debugger
   815                           ;	DEBUG = OFF, Background Debugger disabled
   816  300006                     	org	3145734
   817  300006  FF                 	db	255
   818                           
   819                           ;Config register CONFIG8 @ 0x300007
   820                           ;	Boot Block Write Protection bit
   821                           ;	WRTB = OFF, Boot Block not Write protected
   822                           ;	Configuration Register Write Protection bit
   823                           ;	WRTC = OFF, Configuration registers not Write protected
   824                           ;	Data EEPROM Write Protection bit
   825                           ;	WRTD = OFF, Data EEPROM not Write protected
   826                           ;	SAF Write protection bit
   827                           ;	WRTSAF = OFF, SAF not Write Protected
   828                           ;	Application Block write protection bit
   829                           ;	WRTAPP = OFF, Application Block not write protected
   830  300007                     	org	3145735
   831  300007  FF                 	db	255
   832                           
   833                           ; Padding undefined space
   834  300008                     	org	3145736
   835  300008  FF                 	db	255
   836                           
   837                           ;Config register CONFIG10 @ 0x300009
   838                           ;	PFM and Data EEPROM Code Protection bit
   839                           ;	CP = OFF, PFM and Data EEPROM code protection disabled
   840  300009                     	org	3145737
   841  300009  FF                 	db	255
   842                           tosu	equ	0x4FF
   843                           tosh	equ	0x4FE
   844                           tosl	equ	0x4FD
   845                           stkptr	equ	0x4FC
   846                           pclatu	equ	0x4FB
   847                           pclath	equ	0x4FA
   848                           pcl	equ	0x4F9
   849                           tblptru	equ	0x4F8
   850                           tblptrh	equ	0x4F7
   851                           tblptrl	equ	0x4F6
   852                           tablat	equ	0x4F5
   853                           prodh	equ	0x4F4
   854                           prodl	equ	0x4F3
   855                           indf0	equ	0x4EF
   856                           postinc0	equ	0x4EE
   857                           postdec0	equ	0x4ED
   858                           preinc0	equ	0x4EC
   859                           plusw0	equ	0x4EB
   860                           fsr0h	equ	0x4EA
   861                           fsr0l	equ	0x4E9
   862                           wreg	equ	0x4E8
   863                           indf1	equ	0x4E7
   864                           postinc1	equ	0x4E6
   865                           postdec1	equ	0x4E5
   866                           preinc1	equ	0x4E4
   867                           plusw1	equ	0x4E3
   868                           fsr1h	equ	0x4E2
   869                           fsr1l	equ	0x4E1
   870                           bsr	equ	0x4E0
   871                           indf2	equ	0x4DF
   872                           postinc2	equ	0x4DE
   873                           postdec2	equ	0x4DD
   874                           preinc2	equ	0x4DC
   875                           plusw2	equ	0x4DB
   876                           fsr2h	equ	0x4DA
   877                           fsr2l	equ	0x4D9
   878                           status	equ	0x4D8

Data Sizes:
    Strings     0
    Constant    0
    Data        0
    BSS         0
    Persistent  0
    Stack       0

Auto Spaces:
    Space          Size  Autos    Used
    COMRAM           95      7       7
    BANK5           160      0       0
    BANK6           256      0       0
    BANK7           256      0       0
    BANK8           256      0       0
    BANK9           256      0       0
    BANK10          256      0       0
    BANK11          256      0       0
    BANK12          256      0       0
    BANK13          256      0       0
    BANK14          256      0       0
    BANK15          256      0       0
    BANK16          256      0       0
    BANK17          256      0       0
    BANK18          256      0       0
    BANK19          256      0       0
    BANK20          256      0       0
    BANK21          256      0       0
    BANK22          256      0       0
    BANK23          256      0       0
    BANK24          256      0       0
    BANK25          256      0       0
    BANK26          256      0       0
    BANK27          256      0       0
    BANK28          256      0       0
    BANK29          256      0       0
    BANK30          256      0       0
    BANK31          256      0       0
    BANK32          256      0       0
    BANK33          256      0       0
    BANK34          256      0       0
    BANK35          256      0       0
    BANK36          256      0       0

Pointer List with Targets:

    FM_Hfintosc_Init@clock_params	PTR struct . size(2) Largest target is 2
		 -> Init_Internal_Oscillator@my_clock(COMRAM[2]), 


Critical Paths under _main in COMRAM

    _main->_Init_Internal_Oscillator
    _Init_Internal_Oscillator->_FM_Hfintosc_Init

Critical Paths under _main in BANK5

    None.

Critical Paths under _main in BANK6

    None.

Critical Paths under _main in BANK7

    None.

Critical Paths under _main in BANK8

    None.

Critical Paths under _main in BANK9

    None.

Critical Paths under _main in BANK10

    None.

Critical Paths under _main in BANK11

    None.

Critical Paths under _main in BANK12

    None.

Critical Paths under _main in BANK13

    None.

Critical Paths under _main in BANK14

    None.

Critical Paths under _main in BANK15

    None.

Critical Paths under _main in BANK16

    None.

Critical Paths under _main in BANK17

    None.

Critical Paths under _main in BANK18

    None.

Critical Paths under _main in BANK19

    None.

Critical Paths under _main in BANK20

    None.

Critical Paths under _main in BANK21

    None.

Critical Paths under _main in BANK22

    None.

Critical Paths under _main in BANK23

    None.

Critical Paths under _main in BANK24

    None.

Critical Paths under _main in BANK25

    None.

Critical Paths under _main in BANK26

    None.

Critical Paths under _main in BANK27

    None.

Critical Paths under _main in BANK28

    None.

Critical Paths under _main in BANK29

    None.

Critical Paths under _main in BANK30

    None.

Critical Paths under _main in BANK31

    None.

Critical Paths under _main in BANK32

    None.

Critical Paths under _main in BANK33

    None.

Critical Paths under _main in BANK34

    None.

Critical Paths under _main in BANK35

    None.

Critical Paths under _main in BANK36

    None.

Call Graph Tables:

 ---------------------------------------------------------------------------------
 (Depth) Function   	        Calls       Base Space   Used Autos Params    Refs
 ---------------------------------------------------------------------------------
 (0) _main                                                 2     2      0     184
                                              5 COMRAM     2     2      0
              _Init_Global_Interrupt
                   _Init_Gpio_System
           _Init_Internal_Oscillator
                         _Init_Uart3
                      _Uart3_Tx_Byte
 ---------------------------------------------------------------------------------
 (1) _Uart3_Tx_Byte                                        1     1      0      15
                                              0 COMRAM     1     1      0
 ---------------------------------------------------------------------------------
 (1) _Init_Uart3                                           0     0      0       0
 ---------------------------------------------------------------------------------
 (1) _Init_Internal_Oscillator                             2     2      0     169
                                              3 COMRAM     2     2      0
                   _FM_Hfintosc_Init
 ---------------------------------------------------------------------------------
 (2) _FM_Hfintosc_Init                                     3     1      2     120
                                              0 COMRAM     3     1      2
 ---------------------------------------------------------------------------------
 (1) _Init_Gpio_System                                     0     0      0       0
 ---------------------------------------------------------------------------------
 (1) _Init_Global_Interrupt                                0     0      0       0
 ---------------------------------------------------------------------------------
 Estimated maximum stack depth 2
 ---------------------------------------------------------------------------------

 Call Graph Graphs:

 _main (ROOT)
   _Init_Global_Interrupt
   _Init_Gpio_System
   _Init_Internal_Oscillator
     _FM_Hfintosc_Init
   _Init_Uart3
   _Uart3_Tx_Byte

 Address spaces:
Name               Size   Autos  Total    Cost      Usage
BITCOMRAM           5F      0       0       0        0.0%
EEDATA             400      0       0       0        0.0%
NULL                 0      0       0       0        0.0%
CODE                 0      0       0       0        0.0%
COMRAM              5F      7       7       1        7.4%
STACK                0      0       0       2        0.0%
DATA                 0      0       0       3        0.0%
BITBANK5            A0      0       0       4        0.0%
BANK5               A0      0       0       5        0.0%
BITBANK6           100      0       0       6        0.0%
BANK6              100      0       0       7        0.0%
BITBANK7           100      0       0       8        0.0%
BANK7              100      0       0       9        0.0%
BITBANK8           100      0       0      10        0.0%
BANK8              100      0       0      11        0.0%
BITBANK9           100      0       0      12        0.0%
BANK9              100      0       0      13        0.0%
BITBANK10          100      0       0      14        0.0%
BANK10             100      0       0      15        0.0%
BITBANK11          100      0       0      16        0.0%
BANK11             100      0       0      17        0.0%
BITBANK12          100      0       0      18        0.0%
BANK12             100      0       0      19        0.0%
BITBANK13          100      0       0      20        0.0%
BANK13             100      0       0      21        0.0%
BITBANK14          100      0       0      22        0.0%
BANK14             100      0       0      23        0.0%
BITBANK15          100      0       0      24        0.0%
BANK15             100      0       0      25        0.0%
BITBANK16          100      0       0      26        0.0%
BANK16             100      0       0      27        0.0%
BITBANK17          100      0       0      28        0.0%
BANK17             100      0       0      29        0.0%
BITBANK18          100      0       0      30        0.0%
BANK18             100      0       0      31        0.0%
BITBANK19          100      0       0      32        0.0%
BANK19             100      0       0      33        0.0%
BITBANK20          100      0       0      34        0.0%
BANK20             100      0       0      35        0.0%
BITBANK21          100      0       0      36        0.0%
BANK21             100      0       0      37        0.0%
BITBANK22          100      0       0      38        0.0%
BANK22             100      0       0      39        0.0%
BITBANK23          100      0       0      40        0.0%
BANK23             100      0       0      41        0.0%
BITBANK24          100      0       0      42        0.0%
BANK24             100      0       0      43        0.0%
BITBANK25          100      0       0      44        0.0%
BANK25             100      0       0      45        0.0%
BITBANK26          100      0       0      46        0.0%
BANK26             100      0       0      47        0.0%
BITBANK27          100      0       0      48        0.0%
BANK27             100      0       0      49        0.0%
BITBANK28          100      0       0      50        0.0%
BANK28             100      0       0      51        0.0%
BITBANK29          100      0       0      52        0.0%
BANK29             100      0       0      53        0.0%
BITBANK30          100      0       0      54        0.0%
BANK30             100      0       0      55        0.0%
BITBANK31          100      0       0      56        0.0%
BANK31             100      0       0      57        0.0%
BITBANK32          100      0       0      58        0.0%
BANK32             100      0       0      59        0.0%
BITBANK33          100      0       0      60        0.0%
BANK33             100      0       0      61        0.0%
BITBANK34          100      0       0      62        0.0%
BANK34             100      0       0      63        0.0%
BITBANK35          100      0       0      64        0.0%
BANK35             100      0       0      65        0.0%
BITBANK36          100      0       0      66        0.0%
BANK36             100      0       0      67        0.0%
ABS                  0      0       0      68        0.0%
BIGRAM            1FFF      0       0      69        0.0%
BITSFR_6             0      0       0     200        0.0%
SFR_6                0      0       0     200        0.0%
BITSFR_5             0      0       0     200        0.0%
SFR_5                0      0       0     200        0.0%
BITSFR_4             0      0       0     200        0.0%
SFR_4                0      0       0     200        0.0%
BITSFR_3             0      0       0     200        0.0%
SFR_3                0      0       0     200        0.0%
BITSFR_2             0      0       0     200        0.0%
SFR_2                0      0       0     200        0.0%
BITSFR_1             0      0       0     200        0.0%
SFR_1                0      0       0     200        0.0%
BITSFR               0      0       0     200        0.0%
SFR                  0      0       0     200        0.0%


Microchip Technology PIC18 Macro Assembler V2.32 build 20210201212658 
Symbol Table                                                                                   Sun May 07 22:29:38 2023

                               l51 FF22                                 l60 FF40  
                               l70 FFB8                                 l54 FF78  
                               l63 FF56                                 l57 FF30  
                               u17 FFE8                                l800 FF84  
                              l802 FF9E                                l810 FFBE  
                              l804 FF42                                l820 FFD4  
                              l812 FFC2                                l806 FF4A  
                              l822 FFDA                                l814 FFC6  
                              l760 FF58                                l824 FFDE  
                              l816 FFCA                                l808 FFBA  
                              l770 FF6A                                l762 FF62  
                              l818 FFD0                                l756 FF24  
                              l772 FF6C                                l764 FF64  
                              l758 FF32                                l774 FF6E  
                              l766 FF66                                l776 FF70  
                              l768 FF68                                l778 FF1C  
                              l798 FF7A                                wreg 0004E8  
                             _LATF 0004C3                               _PIE9 0004A7  
                             _PIR9 0004B7                  ?_FM_Hfintosc_Init 0501  
                             _main FFBA                               fsr2h 0004DA  
                             indf2 0004DF                               fsr2l 0004D9  
               ??_FM_Hfintosc_Init 0503                               start FFFC  
                     ___param_bank 000000                  ?_Init_Gpio_System 0501  
                            ?_main 0501                              _U3BRG 0002D4  
                            _U3RXB 0002C7                              _U3TXB 0002C9  
               ??_Init_Gpio_System 0501                              _TRISF 0004CB  
 Init_Internal_Oscillator@my_clock 0504                    __initialization FF14  
                       _Init_Uart3 FF58                       __end_of_main FFFC  
                           ??_main 0506                      __activetblptr 000000  
   __size_of_Init_Global_Interrupt 000E      __end_of_Init_Global_Interrupt FF32  
                           _ANSELF 000428                             _U3CON0 0002D1  
                           _U3CON1 0002D2                             _RF0PPS 000229  
                Uart3_Tx_Byte@dato 0501                             isa$std 000001  
                       __accesstop 0560            __end_of__initialization FF14  
                    ___rparam_used 000001                        ?_Init_Uart3 0501  
                   __pcstackCOMRAM 0501       FM_Hfintosc_Init@clock_params 0501  
           __size_of_Uart3_Tx_Byte 000A          __size_of_FM_Hfintosc_Init 0040  
__size_of_Init_Internal_Oscillator 0016          ?_Init_Internal_Oscillator 0501  
                          _INTCON0 0004D6                            _U3RXPPS 000276  
              __size_of_Init_Uart3 0022          __size_of_Init_Gpio_System 0010  
                          __Hparam 0000                            __Lparam 0000  
                          __pcinit FF14                            __ramtop 2500  
                          __ptext0 FFBA                            __ptext1 FF1A  
                          __ptext2 FF58                            __ptext3 FF42  
                          __ptext4 FF7A                            __ptext5 FF32  
                          __ptext6 FF24                      _Uart3_Tx_Byte FF1A  
             end_of_initialization FF14                     ?_Uart3_Tx_Byte 0501  
            _Init_Global_Interrupt FF24                       ??_Init_Uart3 0501  
                 _FM_Hfintosc_Init FF7A                start_initialization FF14  
               __end_of_Init_Uart3 FF7A                   _Init_Gpio_System FF32  
 __end_of_Init_Internal_Oscillator FF58                    ??_Uart3_Tx_Byte 0501  
           ?_Init_Global_Interrupt 0501           _Init_Internal_Oscillator FF42  
         __end_of_FM_Hfintosc_Init FFBA                           __Hrparam 0000  
                         __Lrparam 0000           __end_of_Init_Gpio_System FF42  
                      _OSCCON1bits 0000AD                      __size_of_main 0042  
                         isa$xinst 000000            ??_Init_Global_Interrupt 0501  
                       _OSCFRQbits 0000B1              __end_of_Uart3_Tx_Byte FF24  
       ??_Init_Internal_Oscillator 0504  
