

Microchip MPLAB XC8 Assembler V2.32 build 20210201212658 
                                                                                               Sun Apr 23 19:47:44 2023

Microchip MPLAB XC8 C Compiler v2.32 (Free license) build 20210201212658 Og1 
     1                           	processor	18F57Q43
     2                           	fnconf	rparam,??,?,0
     3                           	pagewidth 120
     4                           	opt	flic
     5                           	psect	idataCOMRAM,global,class=CODE,delta=1,noexec
     6                           	psect	cinit,global,reloc=2,class=CODE,delta=1
     7                           	psect	dataCOMRAM,global,class=COMRAM,space=1,delta=1,lowdata,noexec
     8                           	psect	cstackCOMRAM,global,class=COMRAM,space=1,delta=1,lowdata,noexec
     9                           	psect	text0,global,reloc=2,class=CODE,delta=1
    10                           	psect	text1,global,reloc=2,class=CODE,delta=1
    11                           	psect	text2,global,reloc=2,class=CODE,delta=1
    12                           	psect	text3,global,reloc=2,class=CODE,delta=1
    13                           	psect	intsave_regs,global,class=BIGRAM,space=1,delta=1,noexec
    14                           	psect	rparam,global,class=COMRAM,space=1,delta=1,noexec
    15                           	psect	idloc,global,abs,ovrld,class=IDLOC,space=5,delta=1,noexec
    16                           	psect	config,global,abs,ovrld,class=CONFIG,space=4,delta=1,noexec
    17  0000                     
    18                           ; Generated 17/06/2022 GMT
    19                           ; 
    20                           ; Copyright © 2022, Microchip Technology Inc. and its subsidiaries ("Microchip")
    21                           ; All rights reserved.
    22                           ; 
    23                           ; This software is developed by Microchip Technology Inc. and its subsidiaries ("Microch
      +                          ip").
    24                           ; 
    25                           ; Redistribution and use in source and binary forms, with or without modification, are
    26                           ; permitted provided that the following conditions are met:
    27                           ; 
    28                           ;     1. Redistributions of source code must retain the above copyright notice, this lis
      +                          t of
    29                           ;        conditions and the following disclaimer.
    30                           ; 
    31                           ;     2. Redistributions in binary form must reproduce the above copyright notice, this 
      +                          list
    32                           ;        of conditions and the following disclaimer in the documentation and/or other
    33                           ;        materials provided with the distribution. Publication is not required when
    34                           ;        this file is used in an embedded application.
    35                           ; 
    36                           ;     3. Microchip's name may not be used to endorse or promote products derived from th
      +                          is
    37                           ;        software without specific prior written permission.
    38                           ; 
    39                           ; THIS SOFTWARE IS PROVIDED BY MICROCHIP "AS IS" AND ANY EXPRESS OR IMPLIED WARRANTIES,
    40                           ; INCLUDING, BUT NOT LIMITED TO, THE IMPLIED WARRANTIES OF MERCHANTABILITY AND FITNESS F
      +                          OR
    41                           ; PURPOSE ARE DISCLAIMED.  IN NO EVENT SHALL MICROCHIP BE LIABLE FOR ANY DIRECT, INDIREC
      +                          T,
    42                           ; INCIDENTAL, SPECIAL, EXEMPLARY, OR CONSEQUENTIAL DAMAGES (INCLUDING BUT NOT LIMITED TO
    43                           ; PROCUREMENT OF SUBSTITUTE GOODS OR SERVICES; LOSS OF USE, DATA OR PROFITS; OR BUSINESS
    44                           ; INTERRUPTION) HOWSOEVER CAUSED AND ON ANY THEORY OF LIABILITY, WHETHER IN CONTRACT, ST
      +                          RICT
    45                           ; LIABILITY, OR TORT (INCLUDING NEGLIGENCE OR OTHERWISE) ARISING IN ANY WAY OUT OF THE U
      +                          SE OF
    46                           ; THIS SOFTWARE, EVEN IF ADVISED OF THE POSSIBILITY OF SUCH DAMAGE.
    47                           ; 
    48                           ; 
    49                           ; Code-generator required, PIC18F57Q43 Definitions
    50                           ; 
    51                           ; SFR Addresses
    52  0000                     
    53                           	psect	idataCOMRAM
    54  01FF2E                     __pidataCOMRAM:
    55                           	callstack 0
    56                           
    57                           ;initializer for _num_comb_disp
    58  01FF2E  40                 	db	64
    59  01FF2F  79                 	db	121
    60  01FF30  24                 	db	36
    61  01FF31  30                 	db	48
    62  01FF32  19                 	db	25
    63  01FF33  12                 	db	18
    64  01FF34  02                 	db	2
    65  01FF35  78                 	db	120
    66  01FF36  00                 	db	0
    67  01FF37  10                 	db	16
    68  0000                     _OSCFRQbits	set	177
    69  0000                     _OSCCON1bits	set	173
    70  0000                     _WPUB	set	1033
    71  0000                     _ANSELB	set	1032
    72  0000                     _ANSELF	set	1064
    73  0000                     _TRISB	set	1223
    74  0000                     _TRISF	set	1227
    75  0000                     _PORTB	set	1231
    76  0000                     _LATF	set	1219
    77                           
    78                           ; #config settings
    79                           
    80                           	psect	cinit
    81  01FF5C                     __pcinit:
    82                           	callstack 0
    83  01FF5C                     start_initialization:
    84                           	callstack 0
    85  01FF5C                     __initialization:
    86                           	callstack 0
    87                           
    88                           ; Initialize objects allocated to COMRAM (10 bytes)
    89                           ; load TBLPTR registers with __pidataCOMRAM
    90  01FF5C  0E2E               	movlw	low __pidataCOMRAM
    91  01FF5E  6EF6               	movwf	tblptrl,c
    92  01FF60  0EFF               	movlw	high __pidataCOMRAM
    93  01FF62  6EF7               	movwf	tblptrh,c
    94  01FF64  0E01               	movlw	low (__pidataCOMRAM shr (0+16))
    95  01FF66  6EF8               	movwf	tblptru,c
    96  01FF68  EE01  F101         	lfsr	0,__pdataCOMRAM
    97  01FF6C  EE10 F00A          	lfsr	1,10
    98  01FF70                     copy_data0:
    99  01FF70  0009               	tblrd		*+
   100  01FF72  C4F5 F4EE          	movff	tablat,postinc0
   101  01FF76  50E5               	movf	postdec1,w,c
   102  01FF78  50E1               	movf	fsr1l,w,c
   103  01FF7A  E1FA               	bnz	copy_data0
   104  01FF7C                     end_of_initialization:
   105                           	callstack 0
   106  01FF7C                     __end_of__initialization:
   107                           	callstack 0
   108  01FF7C  0100               	movlb	0
   109  01FF7E  EFC1  F0FF         	goto	_main	;jump to C main() function
   110                           
   111                           	psect	dataCOMRAM
   112  000501                     __pdataCOMRAM:
   113                           	callstack 0
   114  000501                     _num_comb_disp:
   115                           	callstack 0
   116  000501                     	ds	10
   117                           
   118                           	psect	cstackCOMRAM
   119  00050B                     __pcstackCOMRAM:
   120                           	callstack 0
   121  00050B                     ??_main:
   122  00050B                     
   123                           ; 2 bytes @ 0x0
   124  00050B                     	ds	2
   125  00050D                     main@index:
   126                           	callstack 0
   127                           
   128                           ; 1 bytes @ 0x2
   129  00050D                     	ds	1
   130                           
   131 ;;
   132 ;;Main: autosize = 0, tempsize = 2, incstack = 0, save=0
   133 ;;
   134 ;; *************** function _main *****************
   135 ;; Defined at:
   136 ;;		line 39 in file "main.c"
   137 ;; Parameters:    Size  Location     Type
   138 ;;		None
   139 ;; Auto vars:     Size  Location     Type
   140 ;;  index           1    2[COMRAM] char 
   141 ;; Return value:  Size  Location     Type
   142 ;;                  2   28[None  ] int 
   143 ;; Registers used:
   144 ;;		wreg, fsr2l, fsr2h, status,2, status,0, cstack
   145 ;; Tracked objects:
   146 ;;		On entry : 0/0
   147 ;;		On exit  : 0/0
   148 ;;		Unchanged: 0/0
   149 ;; Data sizes:     COMRAM   BANK5   BANK6   BANK7   BANK8   BANK9  BANK10  BANK11  BANK12  BANK13  BANK14  BANK15  BANK1
      +6  BANK17  BANK18  BANK19  BANK20  BANK21  BANK22  BANK23  BANK24  BANK25  BANK26  BANK27  BANK28  BANK29  BANK30  BANK3
      +1  BANK32  BANK33  BANK34  BANK35  BANK36
   150 ;;      Params:         0       0       0       0       0       0       0       0       0       0       0       0       
      +0       0       0       0       0       0       0       0       0       0       0       0       0       0       0       
      +0       0       0       0       0       0
   151 ;;      Locals:         1       0       0       0       0       0       0       0       0       0       0       0       
      +0       0       0       0       0       0       0       0       0       0       0       0       0       0       0       
      +0       0       0       0       0       0
   152 ;;      Temps:          2       0       0       0       0       0       0       0       0       0       0       0       
      +0       0       0       0       0       0       0       0       0       0       0       0       0       0       0       
      +0       0       0       0       0       0
   153 ;;      Totals:         3       0       0       0       0       0       0       0       0       0       0       0       
      +0       0       0       0       0       0       0       0       0       0       0       0       0       0       0       
      +0       0       0       0       0       0
   154 ;;Total ram usage:        3 bytes
   155 ;; Hardware stack levels required when called: 1
   156 ;; This function calls:
   157 ;;		_Clock_Init
   158 ;;		_Init_User_Boton
   159 ;;		_Init_User_Disp
   160 ;; This function is called by:
   161 ;;		Startup code after reset
   162 ;; This function uses a non-reentrant model
   163 ;;
   164                           
   165                           	psect	text0
   166  01FF82                     __ptext0:
   167                           	callstack 0
   168  01FF82                     _main:
   169                           	callstack 126
   170  01FF82                     
   171                           ;main.c: 41:     Clock_Init();
   172  01FF82  ECA2  F0FF         	call	_Clock_Init	;wreg free
   173                           
   174                           ;main.c: 42:     Init_User_Disp();
   175  01FF86  EC9C  F0FF         	call	_Init_User_Disp	;wreg free
   176  01FF8A                     
   177                           ;main.c: 43:     Init_User_Boton();
   178  01FF8A  EC92  F0FF         	call	_Init_User_Boton	;wreg free
   179  01FF8E                     l735:
   180                           
   181                           ;main.c: 44:     int8_t index = 0;
   182  01FF8E  0E00               	movlw	0
   183  01FF90  6E0D               	movwf	main@index^(0+1280),c
   184  01FF92                     l737:
   185                           
   186                           ;main.c: 46:     {;main.c: 47:         LATF = num_comb_disp[index];
   187  01FF92  0E01               	movlw	low _num_comb_disp
   188  01FF94  240D               	addwf	main@index^(0+1280),w,c
   189  01FF96  6ED9               	movwf	fsr2l,c
   190  01FF98  6ADA               	clrf	fsr2h,c
   191  01FF9A  0E05               	movlw	high _num_comb_disp
   192  01FF9C  22DA               	addwfc	fsr2h,f,c
   193  01FF9E  50DF               	movf	indf2,w,c
   194  01FFA0  6EC3               	movwf	195,c	;volatile
   195  01FFA2                     
   196                           ;main.c: 48:         _delay((unsigned long)((500)*(16000000UL/4000.0)));
   197  01FFA2  0E0B               	movlw	11
   198  01FFA4  6E0C               	movwf	(??_main+1)^(0+1280),c
   199  01FFA6  0E26               	movlw	38
   200  01FFA8  6E0B               	movwf	??_main^(0+1280),c
   201  01FFAA  0E5E               	movlw	94
   202  01FFAC                     u47:
   203  01FFAC  2EE8               	decfsz	wreg,f,c
   204  01FFAE  D7FE               	bra	u47
   205  01FFB0  2E0B               	decfsz	??_main^(0+1280),f,c
   206  01FFB2  D7FC               	bra	u47
   207  01FFB4  2E0C               	decfsz	(??_main+1)^(0+1280),f,c
   208  01FFB6  D7FA               	bra	u47
   209  01FFB8                     
   210                           ;main.c: 49:         if(!(PORTB & (1 << 4)))
   211  01FFB8  B8CF               	btfsc	207,4,c	;volatile
   212  01FFBA  EFE1  F0FF         	goto	u11
   213  01FFBE  EFE3  F0FF         	goto	u10
   214  01FFC2                     u11:
   215  01FFC2  EFF0  F0FF         	goto	l749
   216  01FFC6                     u10:
   217  01FFC6                     
   218                           ;main.c: 50:         {;main.c: 51:             index++;
   219  01FFC6  2A0D               	incf	main@index^(0+1280),f,c
   220  01FFC8                     
   221                           ;main.c: 52:             if (index > 9) index = 0;
   222  01FFC8  500D               	movf	main@index^(0+1280),w,c
   223  01FFCA  0A80               	xorlw	128
   224  01FFCC  0F76               	addlw	-138
   225  01FFCE  A0D8               	btfss	status,0,c
   226  01FFD0  EFEC  F0FF         	goto	u21
   227  01FFD4  EFEE  F0FF         	goto	u20
   228  01FFD8                     u21:
   229  01FFD8  EFC9  F0FF         	goto	l737
   230  01FFDC                     u20:
   231  01FFDC  EFC7  F0FF         	goto	l735
   232  01FFE0                     l749:
   233                           
   234                           ;main.c: 55:         {;main.c: 56:             index--;
   235  01FFE0  060D               	decf	main@index^(0+1280),f,c
   236  01FFE2                     
   237                           ;main.c: 57:             if (index < 0) index = 9;
   238  01FFE2  BE0D               	btfsc	main@index^(0+1280),7,c
   239  01FFE4  EFF8  F0FF         	goto	u30
   240  01FFE8  EFF6  F0FF         	goto	u31
   241  01FFEC                     u31:
   242  01FFEC  EFC9  F0FF         	goto	l737
   243  01FFF0                     u30:
   244  01FFF0  0E09               	movlw	9
   245  01FFF2  6E0D               	movwf	main@index^(0+1280),c
   246  01FFF4  EFC9  F0FF         	goto	l737
   247  01FFF8  EFFE  F0FF         	goto	start
   248  01FFFC                     __end_of_main:
   249                           	callstack 0
   250                           
   251 ;; *************** function _Init_User_Disp *****************
   252 ;; Defined at:
   253 ;;		line 69 in file "main.c"
   254 ;; Parameters:    Size  Location     Type
   255 ;;		None
   256 ;; Auto vars:     Size  Location     Type
   257 ;;		None
   258 ;; Return value:  Size  Location     Type
   259 ;;                  1    wreg      void 
   260 ;; Registers used:
   261 ;;		wreg, status,2
   262 ;; Tracked objects:
   263 ;;		On entry : 0/0
   264 ;;		On exit  : 0/0
   265 ;;		Unchanged: 0/0
   266 ;; Data sizes:     COMRAM   BANK5   BANK6   BANK7   BANK8   BANK9  BANK10  BANK11  BANK12  BANK13  BANK14  BANK15  BANK1
      +6  BANK17  BANK18  BANK19  BANK20  BANK21  BANK22  BANK23  BANK24  BANK25  BANK26  BANK27  BANK28  BANK29  BANK30  BANK3
      +1  BANK32  BANK33  BANK34  BANK35  BANK36
   267 ;;      Params:         0       0       0       0       0       0       0       0       0       0       0       0       
      +0       0       0       0       0       0       0       0       0       0       0       0       0       0       0       
      +0       0       0       0       0       0
   268 ;;      Locals:         0       0       0       0       0       0       0       0       0       0       0       0       
      +0       0       0       0       0       0       0       0       0       0       0       0       0       0       0       
      +0       0       0       0       0       0
   269 ;;      Temps:          0       0       0       0       0       0       0       0       0       0       0       0       
      +0       0       0       0       0       0       0       0       0       0       0       0       0       0       0       
      +0       0       0       0       0       0
   270 ;;      Totals:         0       0       0       0       0       0       0       0       0       0       0       0       
      +0       0       0       0       0       0       0       0       0       0       0       0       0       0       0       
      +0       0       0       0       0       0
   271 ;;Total ram usage:        0 bytes
   272 ;; Hardware stack levels used: 1
   273 ;; This function calls:
   274 ;;		Nothing
   275 ;; This function is called by:
   276 ;;		_main
   277 ;; This function uses a non-reentrant model
   278 ;;
   279                           
   280                           	psect	text1
   281  01FF38                     __ptext1:
   282                           	callstack 0
   283  01FF38                     _Init_User_Disp:
   284                           	callstack 126
   285  01FF38                     
   286                           ;main.c: 71:     ANSELF = 0x00;
   287  01FF38  0E00               	movlw	0
   288  01FF3A  0104               	movlb	4	; () banked
   289  01FF3C  6F28               	movwf	40,b	;volatile
   290                           
   291                           ;main.c: 72:     TRISF = 0x00;
   292  01FF3E  0E00               	movlw	0
   293  01FF40  6ECB               	movwf	203,c	;volatile
   294  01FF42                     
   295                           ; BSR set to: 4
   296  01FF42  0012               	return		;funcret
   297  01FF44                     __end_of_Init_User_Disp:
   298                           	callstack 0
   299                           
   300 ;; *************** function _Init_User_Boton *****************
   301 ;; Defined at:
   302 ;;		line 75 in file "main.c"
   303 ;; Parameters:    Size  Location     Type
   304 ;;		None
   305 ;; Auto vars:     Size  Location     Type
   306 ;;		None
   307 ;; Return value:  Size  Location     Type
   308 ;;                  1    wreg      void 
   309 ;; Registers used:
   310 ;;		status,2, status,0
   311 ;; Tracked objects:
   312 ;;		On entry : 0/0
   313 ;;		On exit  : 0/0
   314 ;;		Unchanged: 0/0
   315 ;; Data sizes:     COMRAM   BANK5   BANK6   BANK7   BANK8   BANK9  BANK10  BANK11  BANK12  BANK13  BANK14  BANK15  BANK1
      +6  BANK17  BANK18  BANK19  BANK20  BANK21  BANK22  BANK23  BANK24  BANK25  BANK26  BANK27  BANK28  BANK29  BANK30  BANK3
      +1  BANK32  BANK33  BANK34  BANK35  BANK36
   316 ;;      Params:         0       0       0       0       0       0       0       0       0       0       0       0       
      +0       0       0       0       0       0       0       0       0       0       0       0       0       0       0       
      +0       0       0       0       0       0
   317 ;;      Locals:         0       0       0       0       0       0       0       0       0       0       0       0       
      +0       0       0       0       0       0       0       0       0       0       0       0       0       0       0       
      +0       0       0       0       0       0
   318 ;;      Temps:          0       0       0       0       0       0       0       0       0       0       0       0       
      +0       0       0       0       0       0       0       0       0       0       0       0       0       0       0       
      +0       0       0       0       0       0
   319 ;;      Totals:         0       0       0       0       0       0       0       0       0       0       0       0       
      +0       0       0       0       0       0       0       0       0       0       0       0       0       0       0       
      +0       0       0       0       0       0
   320 ;;Total ram usage:        0 bytes
   321 ;; Hardware stack levels used: 1
   322 ;; This function calls:
   323 ;;		Nothing
   324 ;; This function is called by:
   325 ;;		_main
   326 ;; This function uses a non-reentrant model
   327 ;;
   328                           
   329                           	psect	text2
   330  01FF24                     __ptext2:
   331                           	callstack 0
   332  01FF24                     _Init_User_Boton:
   333                           	callstack 126
   334  01FF24                     
   335                           ;main.c: 77:     TRISB |= (1 << 4);
   336  01FF24  88C7               	bsf	199,4,c	;volatile
   337                           
   338                           ;main.c: 78:     ANSELB &= ~(1 << 4);
   339  01FF26  0104               	movlb	4	; () banked
   340  01FF28  9908               	bcf	8,4,b	;volatile
   341                           
   342                           ;main.c: 79:     WPUB |= (1 << 4);
   343  01FF2A  8909               	bsf	9,4,b	;volatile
   344  01FF2C                     
   345                           ; BSR set to: 4
   346  01FF2C  0012               	return		;funcret
   347  01FF2E                     __end_of_Init_User_Boton:
   348                           	callstack 0
   349                           
   350 ;; *************** function _Clock_Init *****************
   351 ;; Defined at:
   352 ;;		line 3 in file "system_config.c"
   353 ;; Parameters:    Size  Location     Type
   354 ;;		None
   355 ;; Auto vars:     Size  Location     Type
   356 ;;		None
   357 ;; Return value:  Size  Location     Type
   358 ;;                  1    wreg      void 
   359 ;; Registers used:
   360 ;;		wreg, status,2
   361 ;; Tracked objects:
   362 ;;		On entry : 0/0
   363 ;;		On exit  : 0/0
   364 ;;		Unchanged: 0/0
   365 ;; Data sizes:     COMRAM   BANK5   BANK6   BANK7   BANK8   BANK9  BANK10  BANK11  BANK12  BANK13  BANK14  BANK15  BANK1
      +6  BANK17  BANK18  BANK19  BANK20  BANK21  BANK22  BANK23  BANK24  BANK25  BANK26  BANK27  BANK28  BANK29  BANK30  BANK3
      +1  BANK32  BANK33  BANK34  BANK35  BANK36
   366 ;;      Params:         0       0       0       0       0       0       0       0       0       0       0       0       
      +0       0       0       0       0       0       0       0       0       0       0       0       0       0       0       
      +0       0       0       0       0       0
   367 ;;      Locals:         0       0       0       0       0       0       0       0       0       0       0       0       
      +0       0       0       0       0       0       0       0       0       0       0       0       0       0       0       
      +0       0       0       0       0       0
   368 ;;      Temps:          0       0       0       0       0       0       0       0       0       0       0       0       
      +0       0       0       0       0       0       0       0       0       0       0       0       0       0       0       
      +0       0       0       0       0       0
   369 ;;      Totals:         0       0       0       0       0       0       0       0       0       0       0       0       
      +0       0       0       0       0       0       0       0       0       0       0       0       0       0       0       
      +0       0       0       0       0       0
   370 ;;Total ram usage:        0 bytes
   371 ;; Hardware stack levels used: 1
   372 ;; This function calls:
   373 ;;		Nothing
   374 ;; This function is called by:
   375 ;;		_main
   376 ;; This function uses a non-reentrant model
   377 ;;
   378                           
   379                           	psect	text3
   380  01FF44                     __ptext3:
   381                           	callstack 0
   382  01FF44                     _Clock_Init:
   383                           	callstack 126
   384  01FF44                     
   385                           ;system_config.c: 5:     OSCCON1bits.NDIV = 0b0000;
   386  01FF44  0EF0               	movlw	-16
   387  01FF46  0100               	movlb	0	; () banked
   388  01FF48  17AD               	andwf	173,f,b	;volatile
   389                           
   390                           ;system_config.c: 6:     OSCCON1bits.NOSC = 0b110;
   391  01FF4A  51AD               	movf	173,w,b	;volatile
   392  01FF4C  0B8F               	andlw	-113
   393  01FF4E  0960               	iorlw	96
   394  01FF50  6FAD               	movwf	173,b	;volatile
   395                           
   396                           ;system_config.c: 7:     OSCFRQbits.HFFRQ = 0b0101;
   397  01FF52  51B1               	movf	177,w,b	;volatile
   398  01FF54  0BF0               	andlw	-16
   399  01FF56  0905               	iorlw	5
   400  01FF58  6FB1               	movwf	177,b	;volatile
   401  01FF5A                     
   402                           ; BSR set to: 0
   403  01FF5A  0012               	return		;funcret
   404  01FF5C                     __end_of_Clock_Init:
   405                           	callstack 0
   406  0000                     
   407                           	psect	rparam
   408  0000                     
   409                           	psect	idloc
   410                           
   411                           ;Config register IDLOC0 @ 0x200000
   412                           ;	unspecified, using default values
   413  200000                     	org	2097152
   414  200000  0FFF               	dw	4095
   415                           
   416                           ;Config register IDLOC1 @ 0x200002
   417                           ;	unspecified, using default values
   418  200002                     	org	2097154
   419  200002  0FFF               	dw	4095
   420                           
   421                           ;Config register IDLOC2 @ 0x200004
   422                           ;	unspecified, using default values
   423  200004                     	org	2097156
   424  200004  0FFF               	dw	4095
   425                           
   426                           ;Config register IDLOC3 @ 0x200006
   427                           ;	unspecified, using default values
   428  200006                     	org	2097158
   429  200006  0FFF               	dw	4095
   430                           
   431                           ;Config register IDLOC4 @ 0x200008
   432                           ;	unspecified, using default values
   433  200008                     	org	2097160
   434  200008  0FFF               	dw	4095
   435                           
   436                           ;Config register IDLOC5 @ 0x20000A
   437                           ;	unspecified, using default values
   438  20000A                     	org	2097162
   439  20000A  0FFF               	dw	4095
   440                           
   441                           ;Config register IDLOC6 @ 0x20000C
   442                           ;	unspecified, using default values
   443  20000C                     	org	2097164
   444  20000C  0FFF               	dw	4095
   445                           
   446                           ;Config register IDLOC7 @ 0x20000E
   447                           ;	unspecified, using default values
   448  20000E                     	org	2097166
   449  20000E  0FFF               	dw	4095
   450                           
   451                           ;Config register IDLOC8 @ 0x200010
   452                           ;	unspecified, using default values
   453  200010                     	org	2097168
   454  200010  0FFF               	dw	4095
   455                           
   456                           ;Config register IDLOC9 @ 0x200012
   457                           ;	unspecified, using default values
   458  200012                     	org	2097170
   459  200012  0FFF               	dw	4095
   460                           
   461                           ;Config register IDLOC10 @ 0x200014
   462                           ;	unspecified, using default values
   463  200014                     	org	2097172
   464  200014  0FFF               	dw	4095
   465                           
   466                           ;Config register IDLOC11 @ 0x200016
   467                           ;	unspecified, using default values
   468  200016                     	org	2097174
   469  200016  0FFF               	dw	4095
   470                           
   471                           ;Config register IDLOC12 @ 0x200018
   472                           ;	unspecified, using default values
   473  200018                     	org	2097176
   474  200018  0FFF               	dw	4095
   475                           
   476                           ;Config register IDLOC13 @ 0x20001A
   477                           ;	unspecified, using default values
   478  20001A                     	org	2097178
   479  20001A  0FFF               	dw	4095
   480                           
   481                           ;Config register IDLOC14 @ 0x20001C
   482                           ;	unspecified, using default values
   483  20001C                     	org	2097180
   484  20001C  0FFF               	dw	4095
   485                           
   486                           ;Config register IDLOC15 @ 0x20001E
   487                           ;	unspecified, using default values
   488  20001E                     	org	2097182
   489  20001E  0FFF               	dw	4095
   490                           
   491                           ;Config register IDLOC16 @ 0x200020
   492                           ;	unspecified, using default values
   493  200020                     	org	2097184
   494  200020  0FFF               	dw	4095
   495                           
   496                           ;Config register IDLOC17 @ 0x200022
   497                           ;	unspecified, using default values
   498  200022                     	org	2097186
   499  200022  0FFF               	dw	4095
   500                           
   501                           ;Config register IDLOC18 @ 0x200024
   502                           ;	unspecified, using default values
   503  200024                     	org	2097188
   504  200024  0FFF               	dw	4095
   505                           
   506                           ;Config register IDLOC19 @ 0x200026
   507                           ;	unspecified, using default values
   508  200026                     	org	2097190
   509  200026  0FFF               	dw	4095
   510                           
   511                           ;Config register IDLOC20 @ 0x200028
   512                           ;	unspecified, using default values
   513  200028                     	org	2097192
   514  200028  0FFF               	dw	4095
   515                           
   516                           ;Config register IDLOC21 @ 0x20002A
   517                           ;	unspecified, using default values
   518  20002A                     	org	2097194
   519  20002A  0FFF               	dw	4095
   520                           
   521                           ;Config register IDLOC22 @ 0x20002C
   522                           ;	unspecified, using default values
   523  20002C                     	org	2097196
   524  20002C  0FFF               	dw	4095
   525                           
   526                           ;Config register IDLOC23 @ 0x20002E
   527                           ;	unspecified, using default values
   528  20002E                     	org	2097198
   529  20002E  0FFF               	dw	4095
   530                           
   531                           ;Config register IDLOC24 @ 0x200030
   532                           ;	unspecified, using default values
   533  200030                     	org	2097200
   534  200030  0FFF               	dw	4095
   535                           
   536                           ;Config register IDLOC25 @ 0x200032
   537                           ;	unspecified, using default values
   538  200032                     	org	2097202
   539  200032  0FFF               	dw	4095
   540                           
   541                           ;Config register IDLOC26 @ 0x200034
   542                           ;	unspecified, using default values
   543  200034                     	org	2097204
   544  200034  0FFF               	dw	4095
   545                           
   546                           ;Config register IDLOC27 @ 0x200036
   547                           ;	unspecified, using default values
   548  200036                     	org	2097206
   549  200036  0FFF               	dw	4095
   550                           
   551                           ;Config register IDLOC28 @ 0x200038
   552                           ;	unspecified, using default values
   553  200038                     	org	2097208
   554  200038  0FFF               	dw	4095
   555                           
   556                           ;Config register IDLOC29 @ 0x20003A
   557                           ;	unspecified, using default values
   558  20003A                     	org	2097210
   559  20003A  0FFF               	dw	4095
   560                           
   561                           ;Config register IDLOC30 @ 0x20003C
   562                           ;	unspecified, using default values
   563  20003C                     	org	2097212
   564  20003C  0FFF               	dw	4095
   565                           
   566                           ;Config register IDLOC31 @ 0x20003E
   567                           ;	unspecified, using default values
   568  20003E                     	org	2097214
   569  20003E  0FFF               	dw	4095
   570                           
   571                           	psect	config
   572                           
   573                           ;Config register CONFIG1 @ 0x300000
   574                           ;	External Oscillator Selection
   575                           ;	FEXTOSC = OFF, Oscillator not enabled
   576                           ;	Reset Oscillator Selection
   577                           ;	RSTOSC = HFINTOSC_64MHZ, HFINTOSC with HFFRQ = 64 MHz and CDIV = 1:1
   578  300000                     	org	3145728
   579  300000  8C                 	db	140
   580                           
   581                           ;Config register CONFIG2 @ 0x300001
   582                           ;	Clock out Enable bit
   583                           ;	CLKOUTEN = OFF, CLKOUT function is disabled
   584                           ;	PRLOCKED One-Way Set Enable bit
   585                           ;	PR1WAY = OFF, PRLOCKED bit can be set and cleared repeatedly
   586                           ;	Clock Switch Enable bit
   587                           ;	CSWEN = ON, Writing to NOSC and NDIV is allowed
   588                           ;	Fail-Safe Clock Monitor Enable bit
   589                           ;	FCMEN = OFF, Fail-Safe Clock Monitor disabled
   590  300001                     	org	3145729
   591  300001  DD                 	db	221
   592                           
   593                           ;Config register CONFIG3 @ 0x300002
   594                           ;	MCLR Enable bit
   595                           ;	MCLRE = EXTMCLR, If LVP = 0, MCLR pin is MCLR; If LVP = 1, RE3 pin function is MCLR
   596                           ;	Power-up timer selection bits
   597                           ;	PWRTS = PWRT_OFF, PWRT is disabled
   598                           ;	Multi-vector enable bit
   599                           ;	MVECEN = OFF, Interrupt contoller does not use vector table to prioritze interrupts
   600                           ;	IVTLOCK bit One-way set enable bit
   601                           ;	IVT1WAY = OFF, IVTLOCKED bit can be cleared and set repeatedly
   602                           ;	Low Power BOR Enable bit
   603                           ;	LPBOREN = OFF, Low-Power BOR disabled
   604                           ;	Brown-out Reset Enable bits
   605                           ;	BOREN = SBORDIS, Brown-out Reset enabled , SBOREN bit is ignored
   606  300002                     	org	3145730
   607  300002  E7                 	db	231
   608                           
   609                           ;Config register CONFIG4 @ 0x300003
   610                           ;	Brown-out Reset Voltage Selection bits
   611                           ;	BORV = VBOR_1P9, Brown-out Reset Voltage (VBOR) set to 1.9V
   612                           ;	ZCD Disable bit
   613                           ;	ZCD = OFF, ZCD module is disabled. ZCD can be enabled by setting the ZCDSEN bit of ZCD
      +                          CON
   614                           ;	PPSLOCK bit One-Way Set Enable bit
   615                           ;	PPS1WAY = OFF, PPSLOCKED bit can be set and cleared repeatedly (subject to the unlock 
      +                          sequence)
   616                           ;	Stack Full/Underflow Reset Enable bit
   617                           ;	STVREN = OFF, Stack full/underflow will not cause Reset
   618                           ;	Low Voltage Programming Enable bit
   619                           ;	LVP = OFF, HV on MCLR/VPP must be used for programming
   620                           ;	Extended Instruction Set Enable bit
   621                           ;	XINST = OFF, Extended Instruction Set and Indexed Addressing Mode disabled
   622  300003                     	org	3145731
   623  300003  C7                 	db	199
   624                           
   625                           ;Config register CONFIG5 @ 0x300004
   626                           ;	WDT Period selection bits
   627                           ;	WDTCPS = WDTCPS_31, Divider ratio 1:65536; software control of WDTPS
   628                           ;	WDT operating mode
   629                           ;	WDTE = OFF, WDT Disabled; SWDTEN is ignored
   630  300004                     	org	3145732
   631  300004  9F                 	db	159
   632                           
   633                           ;Config register CONFIG6 @ 0x300005
   634                           ;	WDT Window Select bits
   635                           ;	WDTCWS = WDTCWS_7, window always open (100%); software control; keyed access not requi
      +                          red
   636                           ;	WDT input clock selector
   637                           ;	WDTCCS = SC, Software Control
   638  300005                     	org	3145733
   639  300005  FF                 	db	255
   640                           
   641                           ;Config register CONFIG7 @ 0x300006
   642                           ;	Boot Block Size selection bits
   643                           ;	BBSIZE = BBSIZE_512, Boot Block size is 512 words
   644                           ;	Boot Block enable bit
   645                           ;	BBEN = OFF, Boot block disabled
   646                           ;	Storage Area Flash enable bit
   647                           ;	SAFEN = OFF, SAF disabled
   648                           ;	Background Debugger
   649                           ;	DEBUG = OFF, Background Debugger disabled
   650  300006                     	org	3145734
   651  300006  FF                 	db	255
   652                           
   653                           ;Config register CONFIG8 @ 0x300007
   654                           ;	Boot Block Write Protection bit
   655                           ;	WRTB = OFF, Boot Block not Write protected
   656                           ;	Configuration Register Write Protection bit
   657                           ;	WRTC = OFF, Configuration registers not Write protected
   658                           ;	Data EEPROM Write Protection bit
   659                           ;	WRTD = OFF, Data EEPROM not Write protected
   660                           ;	SAF Write protection bit
   661                           ;	WRTSAF = OFF, SAF not Write Protected
   662                           ;	Application Block write protection bit
   663                           ;	WRTAPP = OFF, Application Block not write protected
   664  300007                     	org	3145735
   665  300007  FF                 	db	255
   666                           
   667                           ; Padding undefined space
   668  300008                     	org	3145736
   669  300008  FF                 	db	255
   670                           
   671                           ;Config register CONFIG10 @ 0x300009
   672                           ;	PFM and Data EEPROM Code Protection bit
   673                           ;	CP = OFF, PFM and Data EEPROM code protection disabled
   674  300009                     	org	3145737
   675  300009  FF                 	db	255
   676                           tosu	equ	0x4FF
   677                           tosh	equ	0x4FE
   678                           tosl	equ	0x4FD
   679                           stkptr	equ	0x4FC
   680                           pclatu	equ	0x4FB
   681                           pclath	equ	0x4FA
   682                           pcl	equ	0x4F9
   683                           tblptru	equ	0x4F8
   684                           tblptrh	equ	0x4F7
   685                           tblptrl	equ	0x4F6
   686                           tablat	equ	0x4F5
   687                           prodh	equ	0x4F4
   688                           prodl	equ	0x4F3
   689                           indf0	equ	0x4EF
   690                           postinc0	equ	0x4EE
   691                           postdec0	equ	0x4ED
   692                           preinc0	equ	0x4EC
   693                           plusw0	equ	0x4EB
   694                           fsr0h	equ	0x4EA
   695                           fsr0l	equ	0x4E9
   696                           wreg	equ	0x4E8
   697                           indf1	equ	0x4E7
   698                           postinc1	equ	0x4E6
   699                           postdec1	equ	0x4E5
   700                           preinc1	equ	0x4E4
   701                           plusw1	equ	0x4E3
   702                           fsr1h	equ	0x4E2
   703                           fsr1l	equ	0x4E1
   704                           bsr	equ	0x4E0
   705                           indf2	equ	0x4DF
   706                           postinc2	equ	0x4DE
   707                           postdec2	equ	0x4DD
   708                           preinc2	equ	0x4DC
   709                           plusw2	equ	0x4DB
   710                           fsr2h	equ	0x4DA
   711                           fsr2l	equ	0x4D9
   712                           status	equ	0x4D8

Data Sizes:
    Strings     0
    Constant    0
    Data        10
    BSS         0
    Persistent  0
    Stack       0

Auto Spaces:
    Space          Size  Autos    Used
    COMRAM           95      3      13
    BANK5           160      0       0
    BANK6           256      0       0
    BANK7           256      0       0
    BANK8           256      0       0
    BANK9           256      0       0
    BANK10          256      0       0
    BANK11          256      0       0
    BANK12          256      0       0
    BANK13          256      0       0
    BANK14          256      0       0
    BANK15          256      0       0
    BANK16          256      0       0
    BANK17          256      0       0
    BANK18          256      0       0
    BANK19          256      0       0
    BANK20          256      0       0
    BANK21          256      0       0
    BANK22          256      0       0
    BANK23          256      0       0
    BANK24          256      0       0
    BANK25          256      0       0
    BANK26          256      0       0
    BANK27          256      0       0
    BANK28          256      0       0
    BANK29          256      0       0
    BANK30          256      0       0
    BANK31          256      0       0
    BANK32          256      0       0
    BANK33          256      0       0
    BANK34          256      0       0
    BANK35          256      0       0
    BANK36          256      0       0

Pointer List with Targets:

    None.

Critical Paths under _main in COMRAM

    None.

Critical Paths under _main in BANK5

    None.

Critical Paths under _main in BANK6

    None.

Critical Paths under _main in BANK7

    None.

Critical Paths under _main in BANK8

    None.

Critical Paths under _main in BANK9

    None.

Critical Paths under _main in BANK10

    None.

Critical Paths under _main in BANK11

    None.

Critical Paths under _main in BANK12

    None.

Critical Paths under _main in BANK13

    None.

Critical Paths under _main in BANK14

    None.

Critical Paths under _main in BANK15

    None.

Critical Paths under _main in BANK16

    None.

Critical Paths under _main in BANK17

    None.

Critical Paths under _main in BANK18

    None.

Critical Paths under _main in BANK19

    None.

Critical Paths under _main in BANK20

    None.

Critical Paths under _main in BANK21

    None.

Critical Paths under _main in BANK22

    None.

Critical Paths under _main in BANK23

    None.

Critical Paths under _main in BANK24

    None.

Critical Paths under _main in BANK25

    None.

Critical Paths under _main in BANK26

    None.

Critical Paths under _main in BANK27

    None.

Critical Paths under _main in BANK28

    None.

Critical Paths under _main in BANK29

    None.

Critical Paths under _main in BANK30

    None.

Critical Paths under _main in BANK31

    None.

Critical Paths under _main in BANK32

    None.

Critical Paths under _main in BANK33

    None.

Critical Paths under _main in BANK34

    None.

Critical Paths under _main in BANK35

    None.

Critical Paths under _main in BANK36

    None.

Call Graph Tables:

 ---------------------------------------------------------------------------------
 (Depth) Function   	        Calls       Base Space   Used Autos Params    Refs
 ---------------------------------------------------------------------------------
 (0) _main                                                 3     3      0      45
                                              0 COMRAM     3     3      0
                         _Clock_Init
                    _Init_User_Boton
                     _Init_User_Disp
 ---------------------------------------------------------------------------------
 (1) _Init_User_Disp                                       0     0      0       0
 ---------------------------------------------------------------------------------
 (1) _Init_User_Boton                                      0     0      0       0
 ---------------------------------------------------------------------------------
 (1) _Clock_Init                                           0     0      0       0
 ---------------------------------------------------------------------------------
 Estimated maximum stack depth 1
 ---------------------------------------------------------------------------------

 Call Graph Graphs:

 _main (ROOT)
   _Clock_Init
   _Init_User_Boton
   _Init_User_Disp

 Address spaces:
Name               Size   Autos  Total    Cost      Usage
BIGRAM            1FFF      0       0      69        0.0%
EEDATA             400      0       0       0        0.0%
BITBANK36          100      0       0      66        0.0%
BANK36             100      0       0      67        0.0%
BITBANK35          100      0       0      64        0.0%
BANK35             100      0       0      65        0.0%
BITBANK34          100      0       0      62        0.0%
BANK34             100      0       0      63        0.0%
BITBANK33          100      0       0      60        0.0%
BANK33             100      0       0      61        0.0%
BITBANK32          100      0       0      58        0.0%
BANK32             100      0       0      59        0.0%
BITBANK31          100      0       0      56        0.0%
BANK31             100      0       0      57        0.0%
BITBANK30          100      0       0      54        0.0%
BANK30             100      0       0      55        0.0%
BITBANK29          100      0       0      52        0.0%
BANK29             100      0       0      53        0.0%
BITBANK28          100      0       0      50        0.0%
BANK28             100      0       0      51        0.0%
BITBANK27          100      0       0      48        0.0%
BANK27             100      0       0      49        0.0%
BITBANK26          100      0       0      46        0.0%
BANK26             100      0       0      47        0.0%
BITBANK25          100      0       0      44        0.0%
BANK25             100      0       0      45        0.0%
BITBANK24          100      0       0      42        0.0%
BANK24             100      0       0      43        0.0%
BITBANK23          100      0       0      40        0.0%
BANK23             100      0       0      41        0.0%
BITBANK22          100      0       0      38        0.0%
BANK22             100      0       0      39        0.0%
BITBANK21          100      0       0      36        0.0%
BANK21             100      0       0      37        0.0%
BITBANK20          100      0       0      34        0.0%
BANK20             100      0       0      35        0.0%
BITBANK19          100      0       0      32        0.0%
BANK19             100      0       0      33        0.0%
BITBANK18          100      0       0      30        0.0%
BANK18             100      0       0      31        0.0%
BITBANK17          100      0       0      28        0.0%
BANK17             100      0       0      29        0.0%
BITBANK16          100      0       0      26        0.0%
BANK16             100      0       0      27        0.0%
BITBANK15          100      0       0      24        0.0%
BANK15             100      0       0      25        0.0%
BITBANK14          100      0       0      22        0.0%
BANK14             100      0       0      23        0.0%
BITBANK13          100      0       0      20        0.0%
BANK13             100      0       0      21        0.0%
BITBANK12          100      0       0      18        0.0%
BANK12             100      0       0      19        0.0%
BITBANK11          100      0       0      16        0.0%
BANK11             100      0       0      17        0.0%
BITBANK10          100      0       0      14        0.0%
BANK10             100      0       0      15        0.0%
BITBANK9           100      0       0      12        0.0%
BANK9              100      0       0      13        0.0%
BITBANK8           100      0       0      10        0.0%
BANK8              100      0       0      11        0.0%
BITBANK7           100      0       0       8        0.0%
BANK7              100      0       0       9        0.0%
BITBANK6           100      0       0       6        0.0%
BANK6              100      0       0       7        0.0%
BITBANK5            A0      0       0       4        0.0%
BANK5               A0      0       0       5        0.0%
BITCOMRAM           5F      0       0       0        0.0%
COMRAM              5F      3       D       1       13.7%
BITSFR_6             0      0       0     200        0.0%
SFR_6                0      0       0     200        0.0%
BITSFR_5             0      0       0     200        0.0%
SFR_5                0      0       0     200        0.0%
BITSFR_4             0      0       0     200        0.0%
SFR_4                0      0       0     200        0.0%
BITSFR_3             0      0       0     200        0.0%
SFR_3                0      0       0     200        0.0%
BITSFR_2             0      0       0     200        0.0%
SFR_2                0      0       0     200        0.0%
BITSFR_1             0      0       0     200        0.0%
SFR_1                0      0       0     200        0.0%
BITSFR               0      0       0     200        0.0%
SFR                  0      0       0     200        0.0%
STACK                0      0       0       2        0.0%
NULL                 0      0       0       0        0.0%
ABS                  0      0       D      68        0.0%
DATA                 0      0       D       3        0.0%
CODE                 0      0       0       0        0.0%


Microchip Technology PIC18 Macro Assembler V2.32 build 20210201212658 
Symbol Table                                                                                   Sun Apr 23 19:47:44 2023

 __size_of_Init_User_Disp 000C                        l42 FF2C                        l39 FF42  
                      l49 FF5A                        u10 FFC6                        u11 FFC2  
                      u20 FFDC                        u21 FFD8                        u30 FFF0  
                      u31 FFEC                        u47 FFAC  __size_of_Init_User_Boton 000A  
                     l731 FF82                       l725 FF44                       l741 FFB8  
                     l733 FF8A                       l727 FF38                       l751 FFE2  
                     l743 FFC6                       l735 FF8E                       l729 FF24  
                     l753 FFF0                       l745 FFC8                       l737 FF92  
                     l739 FFA2                       l749 FFE0                       wreg 0004E8  
                    _LATF 0004C3                      _WPUB 000409                      _main FF82  
                    indf2 0004DF                      fsr1l 0004E1                      fsr2l 0004D9  
                    start FFFC              ___param_bank 000000                _Clock_Init FF44  
                   ?_main 050B                     _PORTB 0004CF                     _TRISB 0004C7  
                   _TRISF 0004CB                     tablat 0004F5                     status 0004D8  
         __initialization FF5C              __end_of_main FFFC                    ??_main 050B  
           __activetblptr 000000         ??_Init_User_Boton 050B                    _ANSELB 000408  
                  _ANSELF 000428            _Init_User_Disp FF38               ?_Clock_Init 050B  
                  isa$std 000001              __pdataCOMRAM 0501                    tblptrh 0004F7  
                  tblptrl 0004F6                    tblptru 0004F8                __accesstop 0560  
 __end_of__initialization FF7C             ___rparam_used 000001    __end_of_Init_User_Disp FF44  
          __pcstackCOMRAM 050B       __size_of_Clock_Init 0018           ?_Init_User_Disp 050B  
                 __Hparam 0000                   __Lparam 0000           _Init_User_Boton FF24  
                 __pcinit FF5C                   __ramtop 2500                   __ptext0 FF82  
                 __ptext1 FF38                   __ptext2 FF24                   __ptext3 FF44  
    end_of_initialization FF7C                   postdec1 0004E5                   postinc0 0004EE  
            ??_Clock_Init 050B        __end_of_Clock_Init FF5C   __end_of_Init_User_Boton FF2E  
           __pidataCOMRAM FF2E       start_initialization FF5C          ??_Init_User_Disp 050B  
        ?_Init_User_Boton 050B                 main@index 050D                 copy_data0 FF70  
                __Hrparam 0000             _num_comb_disp 0501                  __Lrparam 0000  
             _OSCCON1bits 0000AD             __size_of_main 007A                  isa$xinst 000000  
              _OSCFRQbits 0000B1  
