

Microchip MPLAB XC8 Assembler V2.32 build 20210201212658 
                                                                                               Mon May 22 09:43:06 2023

Microchip MPLAB XC8 C Compiler v2.32 (Free license) build 20210201212658 Og1 
     1                           	processor	18F57Q43
     2                           	fnconf	rparam,??,?,0
     3                           	pagewidth 120
     4                           	opt	flic
     5                           	psect	cinit,global,reloc=2,class=CODE,delta=1
     6                           	psect	cstackCOMRAM,global,class=COMRAM,space=1,delta=1,lowdata,noexec
     7                           	psect	text0,global,reloc=2,class=CODE,delta=1
     8                           	psect	text1,global,reloc=2,class=CODE,delta=1
     9                           	psect	text2,global,reloc=2,class=CODE,delta=1
    10                           	psect	text3,global,reloc=2,class=CODE,delta=1
    11                           	psect	intsave_regs,global,class=BIGRAM,space=1,delta=1,noexec
    12                           	psect	rparam,global,class=COMRAM,space=1,delta=1,noexec
    13                           	psect	idloc,global,abs,ovrld,class=IDLOC,space=5,delta=1,noexec
    14                           	psect	config,global,abs,ovrld,class=CONFIG,space=4,delta=1,noexec
    15  0000                     
    16                           ; Generated 17/06/2022 GMT
    17                           ; 
    18                           ; Copyright © 2022, Microchip Technology Inc. and its subsidiaries ("Microchip")
    19                           ; All rights reserved.
    20                           ; 
    21                           ; This software is developed by Microchip Technology Inc. and its subsidiaries ("Microch
      +                          ip").
    22                           ; 
    23                           ; Redistribution and use in source and binary forms, with or without modification, are
    24                           ; permitted provided that the following conditions are met:
    25                           ; 
    26                           ;     1. Redistributions of source code must retain the above copyright notice, this lis
      +                          t of
    27                           ;        conditions and the following disclaimer.
    28                           ; 
    29                           ;     2. Redistributions in binary form must reproduce the above copyright notice, this 
      +                          list
    30                           ;        of conditions and the following disclaimer in the documentation and/or other
    31                           ;        materials provided with the distribution. Publication is not required when
    32                           ;        this file is used in an embedded application.
    33                           ; 
    34                           ;     3. Microchip's name may not be used to endorse or promote products derived from th
      +                          is
    35                           ;        software without specific prior written permission.
    36                           ; 
    37                           ; THIS SOFTWARE IS PROVIDED BY MICROCHIP "AS IS" AND ANY EXPRESS OR IMPLIED WARRANTIES,
    38                           ; INCLUDING, BUT NOT LIMITED TO, THE IMPLIED WARRANTIES OF MERCHANTABILITY AND FITNESS F
      +                          OR
    39                           ; PURPOSE ARE DISCLAIMED.  IN NO EVENT SHALL MICROCHIP BE LIABLE FOR ANY DIRECT, INDIREC
      +                          T,
    40                           ; INCIDENTAL, SPECIAL, EXEMPLARY, OR CONSEQUENTIAL DAMAGES (INCLUDING BUT NOT LIMITED TO
    41                           ; PROCUREMENT OF SUBSTITUTE GOODS OR SERVICES; LOSS OF USE, DATA OR PROFITS; OR BUSINESS
    42                           ; INTERRUPTION) HOWSOEVER CAUSED AND ON ANY THEORY OF LIABILITY, WHETHER IN CONTRACT, ST
      +                          RICT
    43                           ; LIABILITY, OR TORT (INCLUDING NEGLIGENCE OR OTHERWISE) ARISING IN ANY WAY OUT OF THE U
      +                          SE OF
    44                           ; THIS SOFTWARE, EVEN IF ADVISED OF THE POSSIBILITY OF SUCH DAMAGE.
    45                           ; 
    46                           ; 
    47                           ; Code-generator required, PIC18F57Q43 Definitions
    48                           ; 
    49                           ; SFR Addresses
    50  0000                     _OSCFRQbits	set	177
    51  0000                     _OSCCON1bits	set	173
    52  0000                     _TRISF	set	1227
    53  0000                     _LATF	set	1219
    54                           
    55                           ; #config settings
    56                           
    57                           	psect	cinit
    58  01FF7C                     __pcinit:
    59                           	callstack 0
    60  01FF7C                     start_initialization:
    61                           	callstack 0
    62  01FF7C                     __initialization:
    63                           	callstack 0
    64  01FF7C                     end_of_initialization:
    65                           	callstack 0
    66  01FF7C                     __end_of__initialization:
    67                           	callstack 0
    68  01FF7C  0100               	movlb	0
    69  01FF7E  EFCC  F0FF         	goto	_main	;jump to C main() function
    70                           
    71                           	psect	cstackCOMRAM
    72  000501                     __pcstackCOMRAM:
    73                           	callstack 0
    74  000501                     FM_Hfintosc_Init@clock_params:
    75                           	callstack 0
    76                           
    77                           ; 2 bytes @ 0x0
    78  000501                     	ds	2
    79  000503                     ??_FM_Hfintosc_Init:
    80                           
    81                           ; 1 bytes @ 0x2
    82  000503                     	ds	1
    83  000504                     FM_Internal_Oscillator_Config@my_clock:
    84                           	callstack 0
    85                           
    86                           ; 2 bytes @ 0x3
    87  000504                     	ds	2
    88  000506                     ??_main:
    89                           
    90                           ; 1 bytes @ 0x5
    91  000506                     	ds	1
    92                           
    93 ;;
    94 ;;Main: autosize = 0, tempsize = 1, incstack = 0, save=0
    95 ;;
    96 ;; *************** function _main *****************
    97 ;; Defined at:
    98 ;;		line 38 in file "main.c"
    99 ;; Parameters:    Size  Location     Type
   100 ;;		None
   101 ;; Auto vars:     Size  Location     Type
   102 ;;		None
   103 ;; Return value:  Size  Location     Type
   104 ;;                  2   16[None  ] int 
   105 ;; Registers used:
   106 ;;		wreg, fsr2l, fsr2h, status,2, status,0, cstack
   107 ;; Tracked objects:
   108 ;;		On entry : 0/0
   109 ;;		On exit  : 0/0
   110 ;;		Unchanged: 0/0
   111 ;; Data sizes:     COMRAM   BANK5   BANK6   BANK7   BANK8   BANK9  BANK10  BANK11  BANK12  BANK13  BANK14  BANK15  BANK1
      +6  BANK17  BANK18  BANK19  BANK20  BANK21  BANK22  BANK23  BANK24  BANK25  BANK26  BANK27  BANK28  BANK29  BANK30  BANK3
      +1  BANK32  BANK33  BANK34  BANK35  BANK36
   112 ;;      Params:         0       0       0       0       0       0       0       0       0       0       0       0       
      +0       0       0       0       0       0       0       0       0       0       0       0       0       0       0       
      +0       0       0       0       0       0
   113 ;;      Locals:         0       0       0       0       0       0       0       0       0       0       0       0       
      +0       0       0       0       0       0       0       0       0       0       0       0       0       0       0       
      +0       0       0       0       0       0
   114 ;;      Temps:          1       0       0       0       0       0       0       0       0       0       0       0       
      +0       0       0       0       0       0       0       0       0       0       0       0       0       0       0       
      +0       0       0       0       0       0
   115 ;;      Totals:         1       0       0       0       0       0       0       0       0       0       0       0       
      +0       0       0       0       0       0       0       0       0       0       0       0       0       0       0       
      +0       0       0       0       0       0
   116 ;;Total ram usage:        1 bytes
   117 ;; Hardware stack levels required when called: 2
   118 ;; This function calls:
   119 ;;		_FM_Gpio_Config
   120 ;;		_FM_Internal_Oscillator_Config
   121 ;; This function is called by:
   122 ;;		Startup code after reset
   123 ;; This function uses a non-reentrant model
   124 ;;
   125                           
   126                           	psect	text0
   127  01FF98                     __ptext0:
   128                           	callstack 0
   129  01FF98                     _main:
   130                           	callstack 125
   131  01FF98                     
   132                           ;main.c: 40:     FM_Internal_Oscillator_Config();
   133  01FF98  ECC1  F0FF         	call	_FM_Internal_Oscillator_Config	;wreg free
   134  01FF9C                     
   135                           ;main.c: 41:     FM_Gpio_Config();
   136  01FF9C  ECBB  F0FF         	call	_FM_Gpio_Config	;wreg free
   137  01FFA0                     l743:
   138                           
   139                           ;main.c: 43:     {;main.c: 44:         LATF ^= (1 << 3);;
   140  01FFA0  0E08               	movlw	8
   141  01FFA2  1AC3               	xorwf	195,f,c	;volatile
   142  01FFA4                     
   143                           ;main.c: 45:         _delay((unsigned long)((150)*(4000000UL/4000.0)));
   144  01FFA4  0EC3               	movlw	195
   145  01FFA6  6E06               	movwf	??_main^(0+1280),c
   146  01FFA8  0ECD               	movlw	205
   147  01FFAA                     u17:
   148  01FFAA  2EE8               	decfsz	wreg,f,c
   149  01FFAC  D7FE               	bra	u17
   150  01FFAE  2E06               	decfsz	??_main^(0+1280),f,c
   151  01FFB0  D7FC               	bra	u17
   152  01FFB2  F000               	nop	
   153  01FFB4  EFD0  F0FF         	goto	l743
   154  01FFB8  EFFE  F0FF         	goto	start
   155  01FFBC                     __end_of_main:
   156                           	callstack 0
   157                           
   158 ;; *************** function _FM_Internal_Oscillator_Config *****************
   159 ;; Defined at:
   160 ;;		line 62 in file "main.c"
   161 ;; Parameters:    Size  Location     Type
   162 ;;		None
   163 ;; Auto vars:     Size  Location     Type
   164 ;;  my_clock        2    3[COMRAM] struct .
   165 ;; Return value:  Size  Location     Type
   166 ;;                  1    wreg      void 
   167 ;; Registers used:
   168 ;;		wreg, fsr2l, fsr2h, status,2, status,0, cstack
   169 ;; Tracked objects:
   170 ;;		On entry : 0/0
   171 ;;		On exit  : 0/0
   172 ;;		Unchanged: 0/0
   173 ;; Data sizes:     COMRAM   BANK5   BANK6   BANK7   BANK8   BANK9  BANK10  BANK11  BANK12  BANK13  BANK14  BANK15  BANK1
      +6  BANK17  BANK18  BANK19  BANK20  BANK21  BANK22  BANK23  BANK24  BANK25  BANK26  BANK27  BANK28  BANK29  BANK30  BANK3
      +1  BANK32  BANK33  BANK34  BANK35  BANK36
   174 ;;      Params:         0       0       0       0       0       0       0       0       0       0       0       0       
      +0       0       0       0       0       0       0       0       0       0       0       0       0       0       0       
      +0       0       0       0       0       0
   175 ;;      Locals:         2       0       0       0       0       0       0       0       0       0       0       0       
      +0       0       0       0       0       0       0       0       0       0       0       0       0       0       0       
      +0       0       0       0       0       0
   176 ;;      Temps:          0       0       0       0       0       0       0       0       0       0       0       0       
      +0       0       0       0       0       0       0       0       0       0       0       0       0       0       0       
      +0       0       0       0       0       0
   177 ;;      Totals:         2       0       0       0       0       0       0       0       0       0       0       0       
      +0       0       0       0       0       0       0       0       0       0       0       0       0       0       0       
      +0       0       0       0       0       0
   178 ;;Total ram usage:        2 bytes
   179 ;; Hardware stack levels used: 1
   180 ;; Hardware stack levels required when called: 1
   181 ;; This function calls:
   182 ;;		_FM_Hfintosc_Init
   183 ;; This function is called by:
   184 ;;		_main
   185 ;; This function uses a non-reentrant model
   186 ;;
   187                           
   188                           	psect	text1
   189  01FF82                     __ptext1:
   190                           	callstack 0
   191  01FF82                     _FM_Internal_Oscillator_Config:
   192                           	callstack 125
   193  01FF82                     
   194                           ;main.c: 64:     _clock_hfintosc_params_t my_clock;;main.c: 67:     my_clock.divisor_clo
      +                          ck = clock_div_1;
   195  01FF82  0E00               	movlw	0
   196  01FF84  6E04               	movwf	FM_Internal_Oscillator_Config@my_clock^(0+1280),c
   197                           
   198                           ;main.c: 68:     my_clock.frecuencia_clock = freq_clk_4MHZ;
   199  01FF86  0E02               	movlw	2
   200  01FF88  6E05               	movwf	(FM_Internal_Oscillator_Config@my_clock+1)^(0+1280),c
   201  01FF8A                     
   202                           ;main.c: 71:     FM_Hfintosc_Init(&my_clock);
   203  01FF8A  0E04               	movlw	low FM_Internal_Oscillator_Config@my_clock
   204  01FF8C  6E01               	movwf	FM_Hfintosc_Init@clock_params^(0+1280),c
   205  01FF8E  0E05               	movlw	high FM_Internal_Oscillator_Config@my_clock
   206  01FF90  6E02               	movwf	(FM_Hfintosc_Init@clock_params+1)^(0+1280),c
   207  01FF92  ECDE  F0FF         	call	_FM_Hfintosc_Init	;wreg free
   208  01FF96  0012               	return		;funcret
   209  01FF98                     __end_of_FM_Internal_Oscillator_Config:
   210                           	callstack 0
   211                           
   212 ;; *************** function _FM_Hfintosc_Init *****************
   213 ;; Defined at:
   214 ;;		line 8 in file "system_config.c"
   215 ;; Parameters:    Size  Location     Type
   216 ;;  clock_params    2    0[COMRAM] PTR struct .
   217 ;;		 -> FM_Internal_Oscillator_Config@my_clock(2), 
   218 ;; Auto vars:     Size  Location     Type
   219 ;;		None
   220 ;; Return value:  Size  Location     Type
   221 ;;                  1    wreg      void 
   222 ;; Registers used:
   223 ;;		wreg, fsr2l, fsr2h, status,2, status,0
   224 ;; Tracked objects:
   225 ;;		On entry : 0/0
   226 ;;		On exit  : 0/0
   227 ;;		Unchanged: 0/0
   228 ;; Data sizes:     COMRAM   BANK5   BANK6   BANK7   BANK8   BANK9  BANK10  BANK11  BANK12  BANK13  BANK14  BANK15  BANK1
      +6  BANK17  BANK18  BANK19  BANK20  BANK21  BANK22  BANK23  BANK24  BANK25  BANK26  BANK27  BANK28  BANK29  BANK30  BANK3
      +1  BANK32  BANK33  BANK34  BANK35  BANK36
   229 ;;      Params:         2       0       0       0       0       0       0       0       0       0       0       0       
      +0       0       0       0       0       0       0       0       0       0       0       0       0       0       0       
      +0       0       0       0       0       0
   230 ;;      Locals:         0       0       0       0       0       0       0       0       0       0       0       0       
      +0       0       0       0       0       0       0       0       0       0       0       0       0       0       0       
      +0       0       0       0       0       0
   231 ;;      Temps:          1       0       0       0       0       0       0       0       0       0       0       0       
      +0       0       0       0       0       0       0       0       0       0       0       0       0       0       0       
      +0       0       0       0       0       0
   232 ;;      Totals:         3       0       0       0       0       0       0       0       0       0       0       0       
      +0       0       0       0       0       0       0       0       0       0       0       0       0       0       0       
      +0       0       0       0       0       0
   233 ;;Total ram usage:        3 bytes
   234 ;; Hardware stack levels used: 1
   235 ;; This function calls:
   236 ;;		Nothing
   237 ;; This function is called by:
   238 ;;		_FM_Internal_Oscillator_Config
   239 ;; This function uses a non-reentrant model
   240 ;;
   241                           
   242                           	psect	text2
   243  01FFBC                     __ptext2:
   244                           	callstack 0
   245  01FFBC                     _FM_Hfintosc_Init:
   246                           	callstack 125
   247  01FFBC                     
   248                           ;system_config.c: 8: void FM_Hfintosc_Init (_clock_hfintosc_params_t *clock_params);syst
      +                          em_config.c: 9: {;system_config.c: 10:     OSCCON1bits.NOSC = 0b110;
   249  01FFBC  0100               	movlb	0	; () banked
   250  01FFBE  51AD               	movf	173,w,b	;volatile
   251  01FFC0  0B8F               	andlw	-113
   252  01FFC2  0960               	iorlw	96
   253  01FFC4  6FAD               	movwf	173,b	;volatile
   254  01FFC6                     
   255                           ; BSR set to: 0
   256                           ;system_config.c: 11:     OSCCON1bits.NDIV = clock_params->divisor_clock;
   257  01FFC6  0061  F404  F4D9   	movff	FM_Hfintosc_Init@clock_params,fsr2l
   258  01FFCC  0061  F408  F4DA   	movff	FM_Hfintosc_Init@clock_params+1,fsr2h
   259  01FFD2  50DF               	movf	indf2,w,c
   260  01FFD4  6E03               	movwf	??_FM_Hfintosc_Init^(0+1280),c
   261  01FFD6  51AD               	movf	173,w,b	;volatile
   262  01FFD8  1803               	xorwf	??_FM_Hfintosc_Init^(0+1280),w,c
   263  01FFDA  0BF0               	andlw	-16
   264  01FFDC  1803               	xorwf	??_FM_Hfintosc_Init^(0+1280),w,c
   265  01FFDE  6FAD               	movwf	173,b	;volatile
   266  01FFE0                     
   267                           ; BSR set to: 0
   268                           ;system_config.c: 12:     OSCFRQbits.HFFRQ = clock_params->frecuencia_clock;
   269  01FFE0  EE20 F001          	lfsr	2,1
   270  01FFE4  5001               	movf	FM_Hfintosc_Init@clock_params^(0+1280),w,c
   271  01FFE6  26D9               	addwf	fsr2l,f,c
   272  01FFE8  5002               	movf	(FM_Hfintosc_Init@clock_params+1)^(0+1280),w,c
   273  01FFEA  22DA               	addwfc	fsr2h,f,c
   274  01FFEC  50DF               	movf	indf2,w,c
   275  01FFEE  6E03               	movwf	??_FM_Hfintosc_Init^(0+1280),c
   276  01FFF0  51B1               	movf	177,w,b	;volatile
   277  01FFF2  1803               	xorwf	??_FM_Hfintosc_Init^(0+1280),w,c
   278  01FFF4  0BF0               	andlw	-16
   279  01FFF6  1803               	xorwf	??_FM_Hfintosc_Init^(0+1280),w,c
   280  01FFF8  6FB1               	movwf	177,b	;volatile
   281  01FFFA                     
   282                           ; BSR set to: 0
   283  01FFFA  0012               	return		;funcret
   284  01FFFC                     __end_of_FM_Hfintosc_Init:
   285                           	callstack 0
   286                           
   287 ;; *************** function _FM_Gpio_Config *****************
   288 ;; Defined at:
   289 ;;		line 54 in file "main.c"
   290 ;; Parameters:    Size  Location     Type
   291 ;;		None
   292 ;; Auto vars:     Size  Location     Type
   293 ;;		None
   294 ;; Return value:  Size  Location     Type
   295 ;;                  1    wreg      void 
   296 ;; Registers used:
   297 ;;		status,2, status,0
   298 ;; Tracked objects:
   299 ;;		On entry : 0/0
   300 ;;		On exit  : 0/0
   301 ;;		Unchanged: 0/0
   302 ;; Data sizes:     COMRAM   BANK5   BANK6   BANK7   BANK8   BANK9  BANK10  BANK11  BANK12  BANK13  BANK14  BANK15  BANK1
      +6  BANK17  BANK18  BANK19  BANK20  BANK21  BANK22  BANK23  BANK24  BANK25  BANK26  BANK27  BANK28  BANK29  BANK30  BANK3
      +1  BANK32  BANK33  BANK34  BANK35  BANK36
   303 ;;      Params:         0       0       0       0       0       0       0       0       0       0       0       0       
      +0       0       0       0       0       0       0       0       0       0       0       0       0       0       0       
      +0       0       0       0       0       0
   304 ;;      Locals:         0       0       0       0       0       0       0       0       0       0       0       0       
      +0       0       0       0       0       0       0       0       0       0       0       0       0       0       0       
      +0       0       0       0       0       0
   305 ;;      Temps:          0       0       0       0       0       0       0       0       0       0       0       0       
      +0       0       0       0       0       0       0       0       0       0       0       0       0       0       0       
      +0       0       0       0       0       0
   306 ;;      Totals:         0       0       0       0       0       0       0       0       0       0       0       0       
      +0       0       0       0       0       0       0       0       0       0       0       0       0       0       0       
      +0       0       0       0       0       0
   307 ;;Total ram usage:        0 bytes
   308 ;; Hardware stack levels used: 1
   309 ;; This function calls:
   310 ;;		Nothing
   311 ;; This function is called by:
   312 ;;		_main
   313 ;; This function uses a non-reentrant model
   314 ;;
   315                           
   316                           	psect	text3
   317  01FF76                     __ptext3:
   318                           	callstack 0
   319  01FF76                     _FM_Gpio_Config:
   320                           	callstack 126
   321  01FF76                     
   322                           ;main.c: 57:     TRISF &= ~(1 << 3);
   323  01FF76  96CB               	bcf	203,3,c	;volatile
   324                           
   325                           ;main.c: 59:     LATF |= (1 << 3);;
   326  01FF78  86C3               	bsf	195,3,c	;volatile
   327  01FF7A  0012               	return		;funcret
   328  01FF7C                     __end_of_FM_Gpio_Config:
   329                           	callstack 0
   330  0000                     
   331                           	psect	rparam
   332  0000                     
   333                           	psect	idloc
   334                           
   335                           ;Config register IDLOC0 @ 0x200000
   336                           ;	unspecified, using default values
   337  200000                     	org	2097152
   338  200000  0FFF               	dw	4095
   339                           
   340                           ;Config register IDLOC1 @ 0x200002
   341                           ;	unspecified, using default values
   342  200002                     	org	2097154
   343  200002  0FFF               	dw	4095
   344                           
   345                           ;Config register IDLOC2 @ 0x200004
   346                           ;	unspecified, using default values
   347  200004                     	org	2097156
   348  200004  0FFF               	dw	4095
   349                           
   350                           ;Config register IDLOC3 @ 0x200006
   351                           ;	unspecified, using default values
   352  200006                     	org	2097158
   353  200006  0FFF               	dw	4095
   354                           
   355                           ;Config register IDLOC4 @ 0x200008
   356                           ;	unspecified, using default values
   357  200008                     	org	2097160
   358  200008  0FFF               	dw	4095
   359                           
   360                           ;Config register IDLOC5 @ 0x20000A
   361                           ;	unspecified, using default values
   362  20000A                     	org	2097162
   363  20000A  0FFF               	dw	4095
   364                           
   365                           ;Config register IDLOC6 @ 0x20000C
   366                           ;	unspecified, using default values
   367  20000C                     	org	2097164
   368  20000C  0FFF               	dw	4095
   369                           
   370                           ;Config register IDLOC7 @ 0x20000E
   371                           ;	unspecified, using default values
   372  20000E                     	org	2097166
   373  20000E  0FFF               	dw	4095
   374                           
   375                           ;Config register IDLOC8 @ 0x200010
   376                           ;	unspecified, using default values
   377  200010                     	org	2097168
   378  200010  0FFF               	dw	4095
   379                           
   380                           ;Config register IDLOC9 @ 0x200012
   381                           ;	unspecified, using default values
   382  200012                     	org	2097170
   383  200012  0FFF               	dw	4095
   384                           
   385                           ;Config register IDLOC10 @ 0x200014
   386                           ;	unspecified, using default values
   387  200014                     	org	2097172
   388  200014  0FFF               	dw	4095
   389                           
   390                           ;Config register IDLOC11 @ 0x200016
   391                           ;	unspecified, using default values
   392  200016                     	org	2097174
   393  200016  0FFF               	dw	4095
   394                           
   395                           ;Config register IDLOC12 @ 0x200018
   396                           ;	unspecified, using default values
   397  200018                     	org	2097176
   398  200018  0FFF               	dw	4095
   399                           
   400                           ;Config register IDLOC13 @ 0x20001A
   401                           ;	unspecified, using default values
   402  20001A                     	org	2097178
   403  20001A  0FFF               	dw	4095
   404                           
   405                           ;Config register IDLOC14 @ 0x20001C
   406                           ;	unspecified, using default values
   407  20001C                     	org	2097180
   408  20001C  0FFF               	dw	4095
   409                           
   410                           ;Config register IDLOC15 @ 0x20001E
   411                           ;	unspecified, using default values
   412  20001E                     	org	2097182
   413  20001E  0FFF               	dw	4095
   414                           
   415                           ;Config register IDLOC16 @ 0x200020
   416                           ;	unspecified, using default values
   417  200020                     	org	2097184
   418  200020  0FFF               	dw	4095
   419                           
   420                           ;Config register IDLOC17 @ 0x200022
   421                           ;	unspecified, using default values
   422  200022                     	org	2097186
   423  200022  0FFF               	dw	4095
   424                           
   425                           ;Config register IDLOC18 @ 0x200024
   426                           ;	unspecified, using default values
   427  200024                     	org	2097188
   428  200024  0FFF               	dw	4095
   429                           
   430                           ;Config register IDLOC19 @ 0x200026
   431                           ;	unspecified, using default values
   432  200026                     	org	2097190
   433  200026  0FFF               	dw	4095
   434                           
   435                           ;Config register IDLOC20 @ 0x200028
   436                           ;	unspecified, using default values
   437  200028                     	org	2097192
   438  200028  0FFF               	dw	4095
   439                           
   440                           ;Config register IDLOC21 @ 0x20002A
   441                           ;	unspecified, using default values
   442  20002A                     	org	2097194
   443  20002A  0FFF               	dw	4095
   444                           
   445                           ;Config register IDLOC22 @ 0x20002C
   446                           ;	unspecified, using default values
   447  20002C                     	org	2097196
   448  20002C  0FFF               	dw	4095
   449                           
   450                           ;Config register IDLOC23 @ 0x20002E
   451                           ;	unspecified, using default values
   452  20002E                     	org	2097198
   453  20002E  0FFF               	dw	4095
   454                           
   455                           ;Config register IDLOC24 @ 0x200030
   456                           ;	unspecified, using default values
   457  200030                     	org	2097200
   458  200030  0FFF               	dw	4095
   459                           
   460                           ;Config register IDLOC25 @ 0x200032
   461                           ;	unspecified, using default values
   462  200032                     	org	2097202
   463  200032  0FFF               	dw	4095
   464                           
   465                           ;Config register IDLOC26 @ 0x200034
   466                           ;	unspecified, using default values
   467  200034                     	org	2097204
   468  200034  0FFF               	dw	4095
   469                           
   470                           ;Config register IDLOC27 @ 0x200036
   471                           ;	unspecified, using default values
   472  200036                     	org	2097206
   473  200036  0FFF               	dw	4095
   474                           
   475                           ;Config register IDLOC28 @ 0x200038
   476                           ;	unspecified, using default values
   477  200038                     	org	2097208
   478  200038  0FFF               	dw	4095
   479                           
   480                           ;Config register IDLOC29 @ 0x20003A
   481                           ;	unspecified, using default values
   482  20003A                     	org	2097210
   483  20003A  0FFF               	dw	4095
   484                           
   485                           ;Config register IDLOC30 @ 0x20003C
   486                           ;	unspecified, using default values
   487  20003C                     	org	2097212
   488  20003C  0FFF               	dw	4095
   489                           
   490                           ;Config register IDLOC31 @ 0x20003E
   491                           ;	unspecified, using default values
   492  20003E                     	org	2097214
   493  20003E  0FFF               	dw	4095
   494                           
   495                           	psect	config
   496                           
   497                           ;Config register CONFIG1 @ 0x300000
   498                           ;	External Oscillator Selection
   499                           ;	FEXTOSC = OFF, Oscillator not enabled
   500                           ;	Reset Oscillator Selection
   501                           ;	RSTOSC = HFINTOSC_64MHZ, HFINTOSC with HFFRQ = 64 MHz and CDIV = 1:1
   502  300000                     	org	3145728
   503  300000  8C                 	db	140
   504                           
   505                           ;Config register CONFIG2 @ 0x300001
   506                           ;	Clock out Enable bit
   507                           ;	CLKOUTEN = OFF, CLKOUT function is disabled
   508                           ;	PRLOCKED One-Way Set Enable bit
   509                           ;	PR1WAY = OFF, PRLOCKED bit can be set and cleared repeatedly
   510                           ;	Clock Switch Enable bit
   511                           ;	CSWEN = OFF, The NOSC and NDIV bits cannot be changed by user software
   512                           ;	Fail-Safe Clock Monitor Enable bit
   513                           ;	FCMEN = OFF, Fail-Safe Clock Monitor disabled
   514  300001                     	org	3145729
   515  300001  D5                 	db	213
   516                           
   517                           ;Config register CONFIG3 @ 0x300002
   518                           ;	MCLR Enable bit
   519                           ;	MCLRE = EXTMCLR, If LVP = 0, MCLR pin is MCLR; If LVP = 1, RE3 pin function is MCLR
   520                           ;	Power-up timer selection bits
   521                           ;	PWRTS = PWRT_OFF, PWRT is disabled
   522                           ;	Multi-vector enable bit
   523                           ;	MVECEN = ON, Multi-vector enabled, Vector table used for interrupts
   524                           ;	IVTLOCK bit One-way set enable bit
   525                           ;	IVT1WAY = OFF, IVTLOCKED bit can be cleared and set repeatedly
   526                           ;	Low Power BOR Enable bit
   527                           ;	LPBOREN = OFF, Low-Power BOR disabled
   528                           ;	Brown-out Reset Enable bits
   529                           ;	BOREN = SBORDIS, Brown-out Reset enabled , SBOREN bit is ignored
   530  300002                     	org	3145730
   531  300002  EF                 	db	239
   532                           
   533                           ;Config register CONFIG4 @ 0x300003
   534                           ;	Brown-out Reset Voltage Selection bits
   535                           ;	BORV = VBOR_1P9, Brown-out Reset Voltage (VBOR) set to 1.9V
   536                           ;	ZCD Disable bit
   537                           ;	ZCD = OFF, ZCD module is disabled. ZCD can be enabled by setting the ZCDSEN bit of ZCD
      +                          CON
   538                           ;	PPSLOCK bit One-Way Set Enable bit
   539                           ;	PPS1WAY = OFF, PPSLOCKED bit can be set and cleared repeatedly (subject to the unlock 
      +                          sequence)
   540                           ;	Stack Full/Underflow Reset Enable bit
   541                           ;	STVREN = OFF, Stack full/underflow will not cause Reset
   542                           ;	Low Voltage Programming Enable bit
   543                           ;	LVP = OFF, HV on MCLR/VPP must be used for programming
   544                           ;	Extended Instruction Set Enable bit
   545                           ;	XINST = OFF, Extended Instruction Set and Indexed Addressing Mode disabled
   546  300003                     	org	3145731
   547  300003  C7                 	db	199
   548                           
   549                           ;Config register CONFIG5 @ 0x300004
   550                           ;	WDT Period selection bits
   551                           ;	WDTCPS = WDTCPS_31, Divider ratio 1:65536; software control of WDTPS
   552                           ;	WDT operating mode
   553                           ;	WDTE = OFF, WDT Disabled; SWDTEN is ignored
   554  300004                     	org	3145732
   555  300004  9F                 	db	159
   556                           
   557                           ;Config register CONFIG6 @ 0x300005
   558                           ;	WDT Window Select bits
   559                           ;	WDTCWS = WDTCWS_7, window always open (100%); software control; keyed access not requi
      +                          red
   560                           ;	WDT input clock selector
   561                           ;	WDTCCS = SC, Software Control
   562  300005                     	org	3145733
   563  300005  FF                 	db	255
   564                           
   565                           ;Config register CONFIG7 @ 0x300006
   566                           ;	Boot Block Size selection bits
   567                           ;	BBSIZE = BBSIZE_512, Boot Block size is 512 words
   568                           ;	Boot Block enable bit
   569                           ;	BBEN = OFF, Boot block disabled
   570                           ;	Storage Area Flash enable bit
   571                           ;	SAFEN = OFF, SAF disabled
   572                           ;	Background Debugger
   573                           ;	DEBUG = OFF, Background Debugger disabled
   574  300006                     	org	3145734
   575  300006  FF                 	db	255
   576                           
   577                           ;Config register CONFIG8 @ 0x300007
   578                           ;	Boot Block Write Protection bit
   579                           ;	WRTB = OFF, Boot Block not Write protected
   580                           ;	Configuration Register Write Protection bit
   581                           ;	WRTC = OFF, Configuration registers not Write protected
   582                           ;	Data EEPROM Write Protection bit
   583                           ;	WRTD = OFF, Data EEPROM not Write protected
   584                           ;	SAF Write protection bit
   585                           ;	WRTSAF = OFF, SAF not Write Protected
   586                           ;	Application Block write protection bit
   587                           ;	WRTAPP = OFF, Application Block not write protected
   588  300007                     	org	3145735
   589  300007  FF                 	db	255
   590                           
   591                           ; Padding undefined space
   592  300008                     	org	3145736
   593  300008  FF                 	db	255
   594                           
   595                           ;Config register CONFIG10 @ 0x300009
   596                           ;	PFM and Data EEPROM Code Protection bit
   597                           ;	CP = OFF, PFM and Data EEPROM code protection disabled
   598  300009                     	org	3145737
   599  300009  FF                 	db	255
   600                           tosu	equ	0x4FF
   601                           tosh	equ	0x4FE
   602                           tosl	equ	0x4FD
   603                           stkptr	equ	0x4FC
   604                           pclatu	equ	0x4FB
   605                           pclath	equ	0x4FA
   606                           pcl	equ	0x4F9
   607                           tblptru	equ	0x4F8
   608                           tblptrh	equ	0x4F7
   609                           tblptrl	equ	0x4F6
   610                           tablat	equ	0x4F5
   611                           prodh	equ	0x4F4
   612                           prodl	equ	0x4F3
   613                           indf0	equ	0x4EF
   614                           postinc0	equ	0x4EE
   615                           postdec0	equ	0x4ED
   616                           preinc0	equ	0x4EC
   617                           plusw0	equ	0x4EB
   618                           fsr0h	equ	0x4EA
   619                           fsr0l	equ	0x4E9
   620                           wreg	equ	0x4E8
   621                           indf1	equ	0x4E7
   622                           postinc1	equ	0x4E6
   623                           postdec1	equ	0x4E5
   624                           preinc1	equ	0x4E4
   625                           plusw1	equ	0x4E3
   626                           fsr1h	equ	0x4E2
   627                           fsr1l	equ	0x4E1
   628                           bsr	equ	0x4E0
   629                           indf2	equ	0x4DF
   630                           postinc2	equ	0x4DE
   631                           postdec2	equ	0x4DD
   632                           preinc2	equ	0x4DC
   633                           plusw2	equ	0x4DB
   634                           fsr2h	equ	0x4DA
   635                           fsr2l	equ	0x4D9
   636                           status	equ	0x4D8

Data Sizes:
    Strings     0
    Constant    0
    Data        0
    BSS         0
    Persistent  0
    Stack       0

Auto Spaces:
    Space          Size  Autos    Used
    COMRAM           95      6       6
    BANK5           160      0       0
    BANK6           256      0       0
    BANK7           256      0       0
    BANK8           256      0       0
    BANK9           256      0       0
    BANK10          256      0       0
    BANK11          256      0       0
    BANK12          256      0       0
    BANK13          256      0       0
    BANK14          256      0       0
    BANK15          256      0       0
    BANK16          256      0       0
    BANK17          256      0       0
    BANK18          256      0       0
    BANK19          256      0       0
    BANK20          256      0       0
    BANK21          256      0       0
    BANK22          256      0       0
    BANK23          256      0       0
    BANK24          256      0       0
    BANK25          256      0       0
    BANK26          256      0       0
    BANK27          256      0       0
    BANK28          256      0       0
    BANK29          256      0       0
    BANK30          256      0       0
    BANK31          256      0       0
    BANK32          256      0       0
    BANK33          256      0       0
    BANK34          256      0       0
    BANK35          256      0       0
    BANK36          256      0       0

Pointer List with Targets:

    FM_Hfintosc_Init@clock_params	PTR struct . size(2) Largest target is 2
		 -> FM_Internal_Oscillator_Config@my_clock(COMRAM[2]), 


Critical Paths under _main in COMRAM

    _main->_FM_Internal_Oscillator_Config
    _FM_Internal_Oscillator_Config->_FM_Hfintosc_Init

Critical Paths under _main in BANK5

    None.

Critical Paths under _main in BANK6

    None.

Critical Paths under _main in BANK7

    None.

Critical Paths under _main in BANK8

    None.

Critical Paths under _main in BANK9

    None.

Critical Paths under _main in BANK10

    None.

Critical Paths under _main in BANK11

    None.

Critical Paths under _main in BANK12

    None.

Critical Paths under _main in BANK13

    None.

Critical Paths under _main in BANK14

    None.

Critical Paths under _main in BANK15

    None.

Critical Paths under _main in BANK16

    None.

Critical Paths under _main in BANK17

    None.

Critical Paths under _main in BANK18

    None.

Critical Paths under _main in BANK19

    None.

Critical Paths under _main in BANK20

    None.

Critical Paths under _main in BANK21

    None.

Critical Paths under _main in BANK22

    None.

Critical Paths under _main in BANK23

    None.

Critical Paths under _main in BANK24

    None.

Critical Paths under _main in BANK25

    None.

Critical Paths under _main in BANK26

    None.

Critical Paths under _main in BANK27

    None.

Critical Paths under _main in BANK28

    None.

Critical Paths under _main in BANK29

    None.

Critical Paths under _main in BANK30

    None.

Critical Paths under _main in BANK31

    None.

Critical Paths under _main in BANK32

    None.

Critical Paths under _main in BANK33

    None.

Critical Paths under _main in BANK34

    None.

Critical Paths under _main in BANK35

    None.

Critical Paths under _main in BANK36

    None.

Call Graph Tables:

 ---------------------------------------------------------------------------------
 (Depth) Function   	        Calls       Base Space   Used Autos Params    Refs
 ---------------------------------------------------------------------------------
 (0) _main                                                 1     1      0     169
                                              5 COMRAM     1     1      0
                     _FM_Gpio_Config
      _FM_Internal_Oscillator_Config
 ---------------------------------------------------------------------------------
 (1) _FM_Internal_Oscillator_Config                        2     2      0     169
                                              3 COMRAM     2     2      0
                   _FM_Hfintosc_Init
 ---------------------------------------------------------------------------------
 (2) _FM_Hfintosc_Init                                     3     1      2     120
                                              0 COMRAM     3     1      2
 ---------------------------------------------------------------------------------
 (1) _FM_Gpio_Config                                       0     0      0       0
 ---------------------------------------------------------------------------------
 Estimated maximum stack depth 2
 ---------------------------------------------------------------------------------

 Call Graph Graphs:

 _main (ROOT)
   _FM_Gpio_Config
   _FM_Internal_Oscillator_Config
     _FM_Hfintosc_Init

 Address spaces:
Name               Size   Autos  Total    Cost      Usage
BITCOMRAM           5F      0       0       0        0.0%
EEDATA             400      0       0       0        0.0%
NULL                 0      0       0       0        0.0%
CODE                 0      0       0       0        0.0%
COMRAM              5F      6       6       1        6.3%
STACK                0      0       0       2        0.0%
DATA                 0      0       0       3        0.0%
BITBANK5            A0      0       0       4        0.0%
BANK5               A0      0       0       5        0.0%
BITBANK6           100      0       0       6        0.0%
BANK6              100      0       0       7        0.0%
BITBANK7           100      0       0       8        0.0%
BANK7              100      0       0       9        0.0%
BITBANK8           100      0       0      10        0.0%
BANK8              100      0       0      11        0.0%
BITBANK9           100      0       0      12        0.0%
BANK9              100      0       0      13        0.0%
BITBANK10          100      0       0      14        0.0%
BANK10             100      0       0      15        0.0%
BITBANK11          100      0       0      16        0.0%
BANK11             100      0       0      17        0.0%
BITBANK12          100      0       0      18        0.0%
BANK12             100      0       0      19        0.0%
BITBANK13          100      0       0      20        0.0%
BANK13             100      0       0      21        0.0%
BITBANK14          100      0       0      22        0.0%
BANK14             100      0       0      23        0.0%
BITBANK15          100      0       0      24        0.0%
BANK15             100      0       0      25        0.0%
BITBANK16          100      0       0      26        0.0%
BANK16             100      0       0      27        0.0%
BITBANK17          100      0       0      28        0.0%
BANK17             100      0       0      29        0.0%
BITBANK18          100      0       0      30        0.0%
BANK18             100      0       0      31        0.0%
BITBANK19          100      0       0      32        0.0%
BANK19             100      0       0      33        0.0%
BITBANK20          100      0       0      34        0.0%
BANK20             100      0       0      35        0.0%
BITBANK21          100      0       0      36        0.0%
BANK21             100      0       0      37        0.0%
BITBANK22          100      0       0      38        0.0%
BANK22             100      0       0      39        0.0%
BITBANK23          100      0       0      40        0.0%
BANK23             100      0       0      41        0.0%
BITBANK24          100      0       0      42        0.0%
BANK24             100      0       0      43        0.0%
BITBANK25          100      0       0      44        0.0%
BANK25             100      0       0      45        0.0%
BITBANK26          100      0       0      46        0.0%
BANK26             100      0       0      47        0.0%
BITBANK27          100      0       0      48        0.0%
BANK27             100      0       0      49        0.0%
BITBANK28          100      0       0      50        0.0%
BANK28             100      0       0      51        0.0%
BITBANK29          100      0       0      52        0.0%
BANK29             100      0       0      53        0.0%
BITBANK30          100      0       0      54        0.0%
BANK30             100      0       0      55        0.0%
BITBANK31          100      0       0      56        0.0%
BANK31             100      0       0      57        0.0%
BITBANK32          100      0       0      58        0.0%
BANK32             100      0       0      59        0.0%
BITBANK33          100      0       0      60        0.0%
BANK33             100      0       0      61        0.0%
BITBANK34          100      0       0      62        0.0%
BANK34             100      0       0      63        0.0%
BITBANK35          100      0       0      64        0.0%
BANK35             100      0       0      65        0.0%
BITBANK36          100      0       0      66        0.0%
BANK36             100      0       0      67        0.0%
ABS                  0      0       0      68        0.0%
BIGRAM            1FFF      0       0      69        0.0%
BITSFR_6             0      0       0     200        0.0%
SFR_6                0      0       0     200        0.0%
BITSFR_5             0      0       0     200        0.0%
SFR_5                0      0       0     200        0.0%
BITSFR_4             0      0       0     200        0.0%
SFR_4                0      0       0     200        0.0%
BITSFR_3             0      0       0     200        0.0%
SFR_3                0      0       0     200        0.0%
BITSFR_2             0      0       0     200        0.0%
SFR_2                0      0       0     200        0.0%
BITSFR_1             0      0       0     200        0.0%
SFR_1                0      0       0     200        0.0%
BITSFR               0      0       0     200        0.0%
SFR                  0      0       0     200        0.0%


Microchip Technology PIC18 Macro Assembler V2.32 build 20210201212658 
Symbol Table                                                                                   Mon May 22 09:43:06 2023

                                    l23 FF7A                                      l33 FFFA  
                                    l26 FF96                                      u17 FFAA  
                                   l731 FFC6                                     l733 FFE0  
                                   l741 FF9C                                     l719 FF76  
                                   l735 FF82                                     l743 FFA0  
                                   l729 FFBC                                     l737 FF8A  
                                   l745 FFA4                                     l739 FF98  
                                   wreg 0004E8                        ??_FM_Gpio_Config 0501  
                                  _LATF 0004C3                       ?_FM_Hfintosc_Init 0501  
                                  _main FF98                                    fsr2h 0004DA  
                                  indf2 0004DF                                    fsr2l 0004D9  
                    ??_FM_Hfintosc_Init 0503                                    start FFFC  
                          ___param_bank 000000                                   ?_main 0501  
                                 _TRISF 0004CB                         __initialization FF7C  
                          __end_of_main FFBC                                  ??_main 0506  
                         __activetblptr 000000   FM_Internal_Oscillator_Config@my_clock 0504  
                                isa$std 000001                              __accesstop 0560  
               __end_of__initialization FF7C                           ___rparam_used 000001  
                        __pcstackCOMRAM 0501            FM_Hfintosc_Init@clock_params 0501  
             __size_of_FM_Hfintosc_Init 0040                                 __Hparam 0000  
                               __Lparam 0000                                 __pcinit FF7C  
                               __ramtop 2500                                 __ptext0 FF98  
                               __ptext1 FF82                                 __ptext2 FFBC  
                               __ptext3 FF76                    end_of_initialization FF7C  
               __size_of_FM_Gpio_Config 0006                        _FM_Hfintosc_Init FFBC  
                   start_initialization FF7C         ??_FM_Internal_Oscillator_Config 0504  
                        _FM_Gpio_Config FF76                  __end_of_FM_Gpio_Config FF7C  
 __end_of_FM_Internal_Oscillator_Config FF98  __size_of_FM_Internal_Oscillator_Config 0016  
         _FM_Internal_Oscillator_Config FF82                __end_of_FM_Hfintosc_Init FFFC  
                       ?_FM_Gpio_Config 0501                                __Hrparam 0000  
                              __Lrparam 0000                             _OSCCON1bits 0000AD  
                         __size_of_main 0024                                isa$xinst 000000  
        ?_FM_Internal_Oscillator_Config 0501                              _OSCFRQbits 0000B1  
