

Microchip MPLAB XC8 Assembler V2.10 build 88905656 
                                                                                               Sat Apr 22 14:30:05 2023

Microchip MPLAB XC8 C Compiler v2.10 (Free license) build 20190730164152 Og1 
     1                           	processor	18F57Q43
     2                           	fnconf	rparam,??,?,0
     3                           	opt	pw 120
     4                           	opt	flic
     5                           	psect	cinit,global,reloc=2,class=CODE,delta=1
     6                           	psect	cstackCOMRAM,global,class=COMRAM,space=1,delta=1,noexec
     7                           	psect	text0,global,reloc=2,class=CODE,delta=1
     8                           	psect	text1,global,reloc=2,class=CODE,delta=1
     9                           	psect	text2,global,reloc=2,class=CODE,delta=1
    10                           	psect	text3,global,reloc=2,class=CODE,delta=1
    11                           	psect	text4,global,reloc=2,class=CODE,delta=1
    12                           	psect	text5,global,reloc=2,class=CODE,delta=1
    13                           	psect	text6,global,reloc=2,class=CODE,delta=1
    14                           	psect	text7,global,reloc=2,class=CODE,delta=1
    15                           	psect	text8,global,reloc=2,class=CODE,delta=1
    16                           	psect	text9,global,reloc=2,class=CODE,delta=1
    17                           	psect	intsave_regs,global,class=BIGRAM,space=1,delta=1,noexec
    18                           	psect	rparam,global,class=COMRAM,space=1,delta=1,noexec
    19  0000                     
    20                           ; Version 2.10
    21                           ; Generated 31/07/2019 GMT
    22                           ; 
    23                           ; Copyright © 2019, Microchip Technology Inc. and its subsidiaries ("Microchip")
    24                           ; All rights reserved.
    25                           ; 
    26                           ; This software is developed by Microchip Technology Inc. and its subsidiaries ("Microch
      +                          ip").
    27                           ; 
    28                           ; Redistribution and use in source and binary forms, with or without modification, are
    29                           ; permitted provided that the following conditions are met:
    30                           ; 
    31                           ;     1. Redistributions of source code must retain the above copyright notice, this lis
      +                          t of
    32                           ;        conditions and the following disclaimer.
    33                           ; 
    34                           ;     2. Redistributions in binary form must reproduce the above copyright notice, this 
      +                          list
    35                           ;        of conditions and the following disclaimer in the documentation and/or other
    36                           ;        materials provided with the distribution.
    37                           ; 
    38                           ;     3. Microchip's name may not be used to endorse or promote products derived from th
      +                          is
    39                           ;        software without specific prior written permission.
    40                           ; 
    41                           ; THIS SOFTWARE IS PROVIDED BY MICROCHIP "AS IS" AND ANY EXPRESS OR IMPLIED WARRANTIES,
    42                           ; INCLUDING, BUT NOT LIMITED TO, THE IMPLIED WARRANTIES OF MERCHANTABILITY AND FITNESS F
      +                          OR
    43                           ; PURPOSE ARE DISCLAIMED.  IN NO EVENT SHALL MICROCHIP BE LIABLE FOR ANY DIRECT, INDIREC
      +                          T,
    44                           ; INCIDENTAL, SPECIAL, EXEMPLARY, OR CONSEQUENTIAL DAMAGES (INCLUDING BUT NOT LIMITED TO
    45                           ; PROCUREMENT OF SUBSTITUTE GOODS OR SERVICES; LOSS OF USE, DATA OR PROFITS; OR BUSINESS
    46                           ; INTERRUPTION) HOWSOEVER CAUSED AND ON ANY THEORY OF LIABILITY, WHETHER IN CONTRACT, ST
      +                          RICT
    47                           ; LIABILITY, OR TORT (INCLUDING NEGLIGENCE OR OTHERWISE) ARISING IN ANY WAY OUT OF THE U
      +                          SE OF
    48                           ; THIS SOFTWARE, EVEN IF ADVISED OF THE POSSIBILITY OF SUCH DAMAGE.
    49                           ; 
    50                           ; 
    51                           ; Code-generator required, PIC18F57Q43 Definitions
    52                           ; 
    53                           ; SFR Addresses
    54  0000                     _PMD8	set	104
    55  0000                     _PMD7	set	103
    56  0000                     _PMD6	set	102
    57  0000                     _PMD5	set	101
    58  0000                     _PMD4	set	100
    59  0000                     _PMD3	set	99
    60  0000                     _PMD1	set	97
    61  0000                     _PMD0	set	96
    62  0000                     _ACTCON	set	172
    63  0000                     _OSCTUNE	set	176
    64  0000                     _OSCFRQ	set	177
    65  0000                     _OSCEN	set	179
    66  0000                     _OSCCON3	set	175
    67  0000                     _OSCCON1	set	173
    68  0000                     _RC4I2C	set	646
    69  0000                     _RC3I2C	set	647
    70  0000                     _RB2I2C	set	648
    71  0000                     _RB1I2C	set	649
    72  0000                     _INLVLF	set	1068
    73  0000                     _INLVLE	set	1060
    74  0000                     _INLVLD	set	1052
    75  0000                     _INLVLC	set	1044
    76  0000                     _INLVLB	set	1036
    77  0000                     _INLVLA	set	1028
    78  0000                     _SLRCONF	set	1067
    79  0000                     _SLRCONE	set	1059
    80  0000                     _SLRCOND	set	1051
    81  0000                     _SLRCONC	set	1043
    82  0000                     _SLRCONB	set	1035
    83  0000                     _SLRCONA	set	1027
    84  0000                     _ODCOND	set	1050
    85  0000                     _ODCONC	set	1042
    86  0000                     _ODCONB	set	1034
    87  0000                     _ODCONA	set	1026
    88  0000                     _ODCONF	set	1066
    89  0000                     _ODCONE	set	1058
    90  0000                     _WPUC	set	1041
    91  0000                     _WPUA	set	1025
    92  0000                     _WPUB	set	1033
    93  0000                     _WPUE	set	1057
    94  0000                     _WPUF	set	1065
    95  0000                     _WPUD	set	1049
    96  0000                     _ANSELA	set	1024
    97  0000                     _ANSELF	set	1064
    98  0000                     _ANSELE	set	1056
    99  0000                     _ANSELB	set	1032
   100  0000                     _ANSELC	set	1040
   101  0000                     _ANSELD	set	1048
   102  0000                     _TRISD	set	1225
   103  0000                     _TRISC	set	1224
   104  0000                     _TRISB	set	1223
   105  0000                     _TRISA	set	1222
   106  0000                     _TRISF	set	1227
   107  0000                     _TRISE	set	1226
   108  0000                     _LATC	set	1216
   109  0000                     _LATB	set	1215
   110  0000                     _LATF	set	1219
   111  0000                     _LATA	set	1214
   112  0000                     _LATD	set	1217
   113  0000                     _LATE	set	1218
   114                           
   115                           ; #config settings
   116  0000                     
   117                           	psect	cinit
   118  01FED8                     __pcinit:
   119                           	opt callstack 0
   120  01FED8                     start_initialization:
   121                           	opt callstack 0
   122  01FED8                     __initialization:
   123                           	opt callstack 0
   124  01FED8                     end_of_initialization:
   125                           	opt callstack 0
   126  01FED8                     __end_of__initialization:
   127                           	opt callstack 0
   128  01FED8  0100               	movlb	0
   129  01FEDA  EFB5  F0FF         	goto	_main	;jump to C main() function
   130                           
   131                           	psect	cstackCOMRAM
   132  000501                     __pcstackCOMRAM:
   133                           	opt callstack 0
   134  000501                     ??_FM_Lcd_Send_Nibble:
   135                           
   136                           ; 1 bytes @ 0x0
   137  000501                     	ds	1
   138  000502                     FM_Lcd_Send_Nibble@byte_to_send:
   139                           	opt callstack 0
   140                           
   141                           ; 1 bytes @ 0x1
   142  000502                     	ds	1
   143  000503                     FM_Lcd_Send_Nibble@upper_bits:
   144                           	opt callstack 0
   145                           
   146                           ; 1 bytes @ 0x2
   147  000503                     	ds	1
   148  000504                     FM_Lcd_Send_Nibble@lower_bits:
   149                           	opt callstack 0
   150                           
   151                           ; 1 bytes @ 0x3
   152  000504                     	ds	1
   153  000505                     FM_Lcd_Send_Command@command_to_send:
   154                           	opt callstack 0
   155  000505                     FM_Lcd_Send_Character@character_to_send:
   156                           	opt callstack 0
   157                           
   158                           ; 1 bytes @ 0x4
   159  000505                     	ds	1
   160  000506                     ??_main:
   161                           
   162                           ; 1 bytes @ 0x5
   163  000506                     	ds	2
   164                           
   165 ;;
   166 ;;Main: autosize = 0, tempsize = 2, incstack = 0, save=0
   167 ;;
   168 ;; *************** function _main *****************
   169 ;; Defined at:
   170 ;;		line 23 in file "main.c"
   171 ;; Parameters:    Size  Location     Type
   172 ;;		None
   173 ;; Auto vars:     Size  Location     Type
   174 ;;		None
   175 ;; Return value:  Size  Location     Type
   176 ;;                  1    wreg      void 
   177 ;; Registers used:
   178 ;;		wreg, status,2, status,0, cstack
   179 ;; Tracked objects:
   180 ;;		On entry : 0/0
   181 ;;		On exit  : 0/0
   182 ;;		Unchanged: 0/0
   183 ;; Data sizes:     COMRAM   BANK5   BANK6   BANK7   BANK8   BANK9  BANK10  BANK11  BANK12  BANK13  BANK14  BANK15  BANK1
      +6  BANK17  BANK18  BANK19  BANK20  BANK21  BANK22  BANK23  BANK24  BANK25  BANK26  BANK27  BANK28  BANK29  BANK30  BANK3
      +1  BANK32  BANK33  BANK34  BANK35  BANK36
   184 ;;      Params:         0       0       0       0       0       0       0       0       0       0       0       0       
      +0       0       0       0       0       0       0       0       0       0       0       0       0       0       0       
      +0       0       0       0       0       0
   185 ;;      Locals:         0       0       0       0       0       0       0       0       0       0       0       0       
      +0       0       0       0       0       0       0       0       0       0       0       0       0       0       0       
      +0       0       0       0       0       0
   186 ;;      Temps:          2       0       0       0       0       0       0       0       0       0       0       0       
      +0       0       0       0       0       0       0       0       0       0       0       0       0       0       0       
      +0       0       0       0       0       0
   187 ;;      Totals:         2       0       0       0       0       0       0       0       0       0       0       0       
      +0       0       0       0       0       0       0       0       0       0       0       0       0       0       0       
      +0       0       0       0       0       0
   188 ;;Total ram usage:        2 bytes
   189 ;; Hardware stack levels required when called:    3
   190 ;; This function calls:
   191 ;;		_FM_Init_Gpio
   192 ;;		_FM_Lcd_Easy_Init
   193 ;;		_FM_Lcd_Send_Character
   194 ;;		_FM_Lcd_Send_Command
   195 ;;		_SYSTEM_Initialize
   196 ;; This function is called by:
   197 ;;		Startup code after reset
   198 ;; This function uses a non-reentrant model
   199 ;;
   200                           
   201                           	psect	text0
   202  01FF6A                     __ptext0:
   203                           	opt callstack 0
   204  01FF6A                     _main:
   205                           	opt callstack 125
   206  01FF6A                     
   207                           ;main.c: 26:     SYSTEM_Initialize();
   208  01FF6A  EC6F  F0FF         	call	_SYSTEM_Initialize	;wreg free
   209  01FF6E                     
   210                           ;main.c: 27:     FM_Init_Gpio();
   211  01FF6E  EC67  F0FF         	call	_FM_Init_Gpio	;wreg free
   212  01FF72                     
   213                           ;main.c: 28:     FM_Lcd_Easy_Init();
   214  01FF72  ECA0  F0FF         	call	_FM_Lcd_Easy_Init	;wreg free
   215  01FF76                     
   216                           ;main.c: 29:     FM_Lcd_Send_Command(0x80);
   217  01FF76  0E80               	movlw	128
   218  01FF78  EC74  F0FF         	call	_FM_Lcd_Send_Command
   219  01FF7C                     
   220                           ;main.c: 30:     FM_Lcd_Send_Character('A');
   221  01FF7C  0E41               	movlw	65
   222  01FF7E  EC7A  F0FF         	call	_FM_Lcd_Send_Character
   223  01FF82                     l949:
   224                           
   225                           ;main.c: 32:     {;main.c: 33:         LATF ^= (1 << 3);;
   226  01FF82  0E08               	movlw	8
   227  01FF84  1AC3               	xorwf	195,f,c	;volatile
   228  01FF86                     
   229                           ;main.c: 34:         _delay((unsigned long)((250)*(16000000/4000.0)));
   230  01FF86  0E06               	movlw	6
   231  01FF88  6E07               	movwf	(??_main+1)^(0+1280),c
   232  01FF8A  0E13               	movlw	19
   233  01FF8C  6E06               	movwf	??_main^(0+1280),c
   234  01FF8E  0EAE               	movlw	174
   235  01FF90                     u17:
   236  01FF90  2EE8               	decfsz	wreg,f,c
   237  01FF92  D7FE               	bra	u17
   238  01FF94  2E06               	decfsz	??_main^(0+1280),f,c
   239  01FF96  D7FC               	bra	u17
   240  01FF98  2E07               	decfsz	(??_main+1)^(0+1280),f,c
   241  01FF9A  D7FA               	bra	u17
   242  01FF9C  EFC1  F0FF         	goto	l949
   243  01FFA0  EFFE  F0FF         	goto	start
   244  01FFA4                     __end_of_main:
   245                           	opt callstack 0
   246                           
   247 ;; *************** function _SYSTEM_Initialize *****************
   248 ;; Defined at:
   249 ;;		line 50 in file "mcc_generated_files/mcc.c"
   250 ;; Parameters:    Size  Location     Type
   251 ;;		None
   252 ;; Auto vars:     Size  Location     Type
   253 ;;		None
   254 ;; Return value:  Size  Location     Type
   255 ;;                  1    wreg      void 
   256 ;; Registers used:
   257 ;;		wreg, status,2, cstack
   258 ;; Tracked objects:
   259 ;;		On entry : 0/0
   260 ;;		On exit  : 0/0
   261 ;;		Unchanged: 0/0
   262 ;; Data sizes:     COMRAM   BANK5   BANK6   BANK7   BANK8   BANK9  BANK10  BANK11  BANK12  BANK13  BANK14  BANK15  BANK1
      +6  BANK17  BANK18  BANK19  BANK20  BANK21  BANK22  BANK23  BANK24  BANK25  BANK26  BANK27  BANK28  BANK29  BANK30  BANK3
      +1  BANK32  BANK33  BANK34  BANK35  BANK36
   263 ;;      Params:         0       0       0       0       0       0       0       0       0       0       0       0       
      +0       0       0       0       0       0       0       0       0       0       0       0       0       0       0       
      +0       0       0       0       0       0
   264 ;;      Locals:         0       0       0       0       0       0       0       0       0       0       0       0       
      +0       0       0       0       0       0       0       0       0       0       0       0       0       0       0       
      +0       0       0       0       0       0
   265 ;;      Temps:          0       0       0       0       0       0       0       0       0       0       0       0       
      +0       0       0       0       0       0       0       0       0       0       0       0       0       0       0       
      +0       0       0       0       0       0
   266 ;;      Totals:         0       0       0       0       0       0       0       0       0       0       0       0       
      +0       0       0       0       0       0       0       0       0       0       0       0       0       0       0       
      +0       0       0       0       0       0
   267 ;;Total ram usage:        0 bytes
   268 ;; Hardware stack levels used:    1
   269 ;; Hardware stack levels required when called:    1
   270 ;; This function calls:
   271 ;;		_OSCILLATOR_Initialize
   272 ;;		_PMD_Initialize
   273 ;; This function is called by:
   274 ;;		_main
   275 ;; This function uses a non-reentrant model
   276 ;;
   277                           
   278                           	psect	text1
   279  01FEDE                     __ptext1:
   280                           	opt callstack 0
   281  01FEDE                     _SYSTEM_Initialize:
   282                           	opt callstack 126
   283  01FEDE                     
   284                           ;mcc_generated_files/mcc.c: 52:     PMD_Initialize();
   285  01FEDE  EC8E  F0FF         	call	_PMD_Initialize	;wreg free
   286                           
   287                           ;mcc_generated_files/mcc.c: 54:     OSCILLATOR_Initialize();
   288  01FEE2  EC80  F0FF         	call	_OSCILLATOR_Initialize	;wreg free
   289  01FEE6  0012               	return		;funcret
   290  01FEE8                     __end_of_SYSTEM_Initialize:
   291                           	opt callstack 0
   292                           
   293 ;; *************** function _PMD_Initialize *****************
   294 ;; Defined at:
   295 ;;		line 73 in file "mcc_generated_files/mcc.c"
   296 ;; Parameters:    Size  Location     Type
   297 ;;		None
   298 ;; Auto vars:     Size  Location     Type
   299 ;;		None
   300 ;; Return value:  Size  Location     Type
   301 ;;                  1    wreg      void 
   302 ;; Registers used:
   303 ;;		wreg, status,2
   304 ;; Tracked objects:
   305 ;;		On entry : 0/0
   306 ;;		On exit  : 0/0
   307 ;;		Unchanged: 0/0
   308 ;; Data sizes:     COMRAM   BANK5   BANK6   BANK7   BANK8   BANK9  BANK10  BANK11  BANK12  BANK13  BANK14  BANK15  BANK1
      +6  BANK17  BANK18  BANK19  BANK20  BANK21  BANK22  BANK23  BANK24  BANK25  BANK26  BANK27  BANK28  BANK29  BANK30  BANK3
      +1  BANK32  BANK33  BANK34  BANK35  BANK36
   309 ;;      Params:         0       0       0       0       0       0       0       0       0       0       0       0       
      +0       0       0       0       0       0       0       0       0       0       0       0       0       0       0       
      +0       0       0       0       0       0
   310 ;;      Locals:         0       0       0       0       0       0       0       0       0       0       0       0       
      +0       0       0       0       0       0       0       0       0       0       0       0       0       0       0       
      +0       0       0       0       0       0
   311 ;;      Temps:          0       0       0       0       0       0       0       0       0       0       0       0       
      +0       0       0       0       0       0       0       0       0       0       0       0       0       0       0       
      +0       0       0       0       0       0
   312 ;;      Totals:         0       0       0       0       0       0       0       0       0       0       0       0       
      +0       0       0       0       0       0       0       0       0       0       0       0       0       0       0       
      +0       0       0       0       0       0
   313 ;;Total ram usage:        0 bytes
   314 ;; Hardware stack levels used:    1
   315 ;; This function calls:
   316 ;;		Nothing
   317 ;; This function is called by:
   318 ;;		_SYSTEM_Initialize
   319 ;; This function uses a non-reentrant model
   320 ;;
   321                           
   322                           	psect	text2
   323  01FF1C                     __ptext2:
   324                           	opt callstack 0
   325  01FF1C                     _PMD_Initialize:
   326                           	opt callstack 126
   327  01FF1C                     
   328                           ;mcc_generated_files/mcc.c: 76:     PMD0 = 0x00;
   329  01FF1C  0E00               	movlw	0
   330  01FF1E  0100               	movlb	0	; () banked
   331  01FF20  6F60               	movwf	96,b	;volatile
   332                           
   333                           ;mcc_generated_files/mcc.c: 78:     PMD1 = 0x00;
   334  01FF22  0E00               	movlw	0
   335  01FF24  6F61               	movwf	97,b	;volatile
   336                           
   337                           ;mcc_generated_files/mcc.c: 80:     PMD3 = 0x00;
   338  01FF26  0E00               	movlw	0
   339  01FF28  6F63               	movwf	99,b	;volatile
   340                           
   341                           ;mcc_generated_files/mcc.c: 82:     PMD4 = 0x00;
   342  01FF2A  0E00               	movlw	0
   343  01FF2C  6F64               	movwf	100,b	;volatile
   344                           
   345                           ;mcc_generated_files/mcc.c: 84:     PMD5 = 0x00;
   346  01FF2E  0E00               	movlw	0
   347  01FF30  6F65               	movwf	101,b	;volatile
   348                           
   349                           ;mcc_generated_files/mcc.c: 86:     PMD6 = 0x00;
   350  01FF32  0E00               	movlw	0
   351  01FF34  6F66               	movwf	102,b	;volatile
   352                           
   353                           ;mcc_generated_files/mcc.c: 88:     PMD7 = 0x00;
   354  01FF36  0E00               	movlw	0
   355  01FF38  6F67               	movwf	103,b	;volatile
   356                           
   357                           ;mcc_generated_files/mcc.c: 90:     PMD8 = 0x00;
   358  01FF3A  0E00               	movlw	0
   359  01FF3C  6F68               	movwf	104,b	;volatile
   360  01FF3E                     
   361                           ; BSR set to: 0
   362  01FF3E  0012               	return		;funcret
   363  01FF40                     __end_of_PMD_Initialize:
   364                           	opt callstack 0
   365                           
   366 ;; *************** function _OSCILLATOR_Initialize *****************
   367 ;; Defined at:
   368 ;;		line 57 in file "mcc_generated_files/mcc.c"
   369 ;; Parameters:    Size  Location     Type
   370 ;;		None
   371 ;; Auto vars:     Size  Location     Type
   372 ;;		None
   373 ;; Return value:  Size  Location     Type
   374 ;;                  1    wreg      void 
   375 ;; Registers used:
   376 ;;		wreg, status,2
   377 ;; Tracked objects:
   378 ;;		On entry : 0/0
   379 ;;		On exit  : 0/0
   380 ;;		Unchanged: 0/0
   381 ;; Data sizes:     COMRAM   BANK5   BANK6   BANK7   BANK8   BANK9  BANK10  BANK11  BANK12  BANK13  BANK14  BANK15  BANK1
      +6  BANK17  BANK18  BANK19  BANK20  BANK21  BANK22  BANK23  BANK24  BANK25  BANK26  BANK27  BANK28  BANK29  BANK30  BANK3
      +1  BANK32  BANK33  BANK34  BANK35  BANK36
   382 ;;      Params:         0       0       0       0       0       0       0       0       0       0       0       0       
      +0       0       0       0       0       0       0       0       0       0       0       0       0       0       0       
      +0       0       0       0       0       0
   383 ;;      Locals:         0       0       0       0       0       0       0       0       0       0       0       0       
      +0       0       0       0       0       0       0       0       0       0       0       0       0       0       0       
      +0       0       0       0       0       0
   384 ;;      Temps:          0       0       0       0       0       0       0       0       0       0       0       0       
      +0       0       0       0       0       0       0       0       0       0       0       0       0       0       0       
      +0       0       0       0       0       0
   385 ;;      Totals:         0       0       0       0       0       0       0       0       0       0       0       0       
      +0       0       0       0       0       0       0       0       0       0       0       0       0       0       0       
      +0       0       0       0       0       0
   386 ;;Total ram usage:        0 bytes
   387 ;; Hardware stack levels used:    1
   388 ;; This function calls:
   389 ;;		Nothing
   390 ;; This function is called by:
   391 ;;		_SYSTEM_Initialize
   392 ;; This function uses a non-reentrant model
   393 ;;
   394                           
   395                           	psect	text3
   396  01FF00                     __ptext3:
   397                           	opt callstack 0
   398  01FF00                     _OSCILLATOR_Initialize:
   399                           	opt callstack 126
   400  01FF00                     
   401                           ;mcc_generated_files/mcc.c: 60:     OSCCON1 = 0x60;
   402  01FF00  0E60               	movlw	96
   403  01FF02  0100               	movlb	0	; () banked
   404  01FF04  6FAD               	movwf	173,b	;volatile
   405                           
   406                           ;mcc_generated_files/mcc.c: 62:     OSCCON3 = 0x00;
   407  01FF06  0E00               	movlw	0
   408  01FF08  6FAF               	movwf	175,b	;volatile
   409                           
   410                           ;mcc_generated_files/mcc.c: 64:     OSCEN = 0x00;
   411  01FF0A  0E00               	movlw	0
   412  01FF0C  6FB3               	movwf	179,b	;volatile
   413                           
   414                           ;mcc_generated_files/mcc.c: 66:     OSCFRQ = 0x05;
   415  01FF0E  0E05               	movlw	5
   416  01FF10  6FB1               	movwf	177,b	;volatile
   417                           
   418                           ;mcc_generated_files/mcc.c: 68:     OSCTUNE = 0x00;
   419  01FF12  0E00               	movlw	0
   420  01FF14  6FB0               	movwf	176,b	;volatile
   421                           
   422                           ;mcc_generated_files/mcc.c: 70:     ACTCON = 0x00;
   423  01FF16  0E00               	movlw	0
   424  01FF18  6FAC               	movwf	172,b	;volatile
   425  01FF1A                     
   426                           ; BSR set to: 0
   427  01FF1A  0012               	return		;funcret
   428  01FF1C                     __end_of_OSCILLATOR_Initialize:
   429                           	opt callstack 0
   430                           
   431 ;; *************** function _FM_Lcd_Send_Character *****************
   432 ;; Defined at:
   433 ;;		line 48 in file "FM_Lcd_Easy.c"
   434 ;; Parameters:    Size  Location     Type
   435 ;;  character_to    1    wreg     unsigned char 
   436 ;; Auto vars:     Size  Location     Type
   437 ;;  character_to    1    4[COMRAM] unsigned char 
   438 ;; Return value:  Size  Location     Type
   439 ;;                  1    wreg      void 
   440 ;; Registers used:
   441 ;;		wreg, status,2, status,0, cstack
   442 ;; Tracked objects:
   443 ;;		On entry : 0/0
   444 ;;		On exit  : 0/0
   445 ;;		Unchanged: 0/0
   446 ;; Data sizes:     COMRAM   BANK5   BANK6   BANK7   BANK8   BANK9  BANK10  BANK11  BANK12  BANK13  BANK14  BANK15  BANK1
      +6  BANK17  BANK18  BANK19  BANK20  BANK21  BANK22  BANK23  BANK24  BANK25  BANK26  BANK27  BANK28  BANK29  BANK30  BANK3
      +1  BANK32  BANK33  BANK34  BANK35  BANK36
   447 ;;      Params:         0       0       0       0       0       0       0       0       0       0       0       0       
      +0       0       0       0       0       0       0       0       0       0       0       0       0       0       0       
      +0       0       0       0       0       0
   448 ;;      Locals:         1       0       0       0       0       0       0       0       0       0       0       0       
      +0       0       0       0       0       0       0       0       0       0       0       0       0       0       0       
      +0       0       0       0       0       0
   449 ;;      Temps:          0       0       0       0       0       0       0       0       0       0       0       0       
      +0       0       0       0       0       0       0       0       0       0       0       0       0       0       0       
      +0       0       0       0       0       0
   450 ;;      Totals:         1       0       0       0       0       0       0       0       0       0       0       0       
      +0       0       0       0       0       0       0       0       0       0       0       0       0       0       0       
      +0       0       0       0       0       0
   451 ;;Total ram usage:        1 bytes
   452 ;; Hardware stack levels used:    1
   453 ;; Hardware stack levels required when called:    1
   454 ;; This function calls:
   455 ;;		_FM_Lcd_Send_Nibble
   456 ;; This function is called by:
   457 ;;		_main
   458 ;; This function uses a non-reentrant model
   459 ;;
   460                           
   461                           	psect	text4
   462  01FEF4                     __ptext4:
   463                           	opt callstack 0
   464  01FEF4                     _FM_Lcd_Send_Character:
   465                           	opt callstack 126
   466                           
   467                           ; BSR set to: 0
   468                           ;incstack = 0
   469                           ;FM_Lcd_Send_Character@character_to_send stored from wreg
   470  01FEF4  6E05               	movwf	FM_Lcd_Send_Character@character_to_send^(0+1280),c
   471  01FEF6                     
   472                           ;FM_Lcd_Easy.c: 48: void FM_Lcd_Send_Character (char character_to_send);FM_Lcd_Easy.c: 4
      +                          9: {;FM_Lcd_Easy.c: 50:     LATF |= (1 << 0);;
   473  01FEF6  80C3               	bsf	195,0,c	;volatile
   474  01FEF8                     
   475                           ;FM_Lcd_Easy.c: 51:     FM_Lcd_Send_Nibble(character_to_send);
   476  01FEF8  5005               	movf	FM_Lcd_Send_Character@character_to_send^(0+1280),w,c
   477  01FEFA  ECD2  F0FF         	call	_FM_Lcd_Send_Nibble
   478  01FEFE  0012               	return		;funcret
   479  01FF00                     __end_of_FM_Lcd_Send_Character:
   480                           	opt callstack 0
   481                           
   482 ;; *************** function _FM_Lcd_Easy_Init *****************
   483 ;; Defined at:
   484 ;;		line 54 in file "FM_Lcd_Easy.c"
   485 ;; Parameters:    Size  Location     Type
   486 ;;		None
   487 ;; Auto vars:     Size  Location     Type
   488 ;;		None
   489 ;; Return value:  Size  Location     Type
   490 ;;                  1    wreg      void 
   491 ;; Registers used:
   492 ;;		wreg, status,2, status,0, cstack
   493 ;; Tracked objects:
   494 ;;		On entry : 0/0
   495 ;;		On exit  : 0/0
   496 ;;		Unchanged: 0/0
   497 ;; Data sizes:     COMRAM   BANK5   BANK6   BANK7   BANK8   BANK9  BANK10  BANK11  BANK12  BANK13  BANK14  BANK15  BANK1
      +6  BANK17  BANK18  BANK19  BANK20  BANK21  BANK22  BANK23  BANK24  BANK25  BANK26  BANK27  BANK28  BANK29  BANK30  BANK3
      +1  BANK32  BANK33  BANK34  BANK35  BANK36
   498 ;;      Params:         0       0       0       0       0       0       0       0       0       0       0       0       
      +0       0       0       0       0       0       0       0       0       0       0       0       0       0       0       
      +0       0       0       0       0       0
   499 ;;      Locals:         0       0       0       0       0       0       0       0       0       0       0       0       
      +0       0       0       0       0       0       0       0       0       0       0       0       0       0       0       
      +0       0       0       0       0       0
   500 ;;      Temps:          0       0       0       0       0       0       0       0       0       0       0       0       
      +0       0       0       0       0       0       0       0       0       0       0       0       0       0       0       
      +0       0       0       0       0       0
   501 ;;      Totals:         0       0       0       0       0       0       0       0       0       0       0       0       
      +0       0       0       0       0       0       0       0       0       0       0       0       0       0       0       
      +0       0       0       0       0       0
   502 ;;Total ram usage:        0 bytes
   503 ;; Hardware stack levels used:    1
   504 ;; Hardware stack levels required when called:    2
   505 ;; This function calls:
   506 ;;		_FM_Lcd_Easy_Gpio_Init
   507 ;;		_FM_Lcd_Send_Command
   508 ;; This function is called by:
   509 ;;		_main
   510 ;; This function uses a non-reentrant model
   511 ;;
   512                           
   513                           	psect	text5
   514  01FF40                     __ptext5:
   515                           	opt callstack 0
   516  01FF40                     _FM_Lcd_Easy_Init:
   517                           	opt callstack 125
   518  01FF40                     
   519                           ;FM_Lcd_Easy.c: 56:     FM_Lcd_Easy_Gpio_Init();
   520  01FF40  EC69  F0FF         	call	_FM_Lcd_Easy_Gpio_Init	;wreg free
   521                           
   522                           ;FM_Lcd_Easy.c: 58:     FM_Lcd_Send_Command(0x01);
   523  01FF44  0E01               	movlw	1
   524  01FF46  EC74  F0FF         	call	_FM_Lcd_Send_Command
   525                           
   526                           ;FM_Lcd_Easy.c: 59:     FM_Lcd_Send_Command(0x02);
   527  01FF4A  0E02               	movlw	2
   528  01FF4C  EC74  F0FF         	call	_FM_Lcd_Send_Command
   529                           
   530                           ;FM_Lcd_Easy.c: 60:     FM_Lcd_Send_Command(0x04);
   531  01FF50  0E04               	movlw	4
   532  01FF52  EC74  F0FF         	call	_FM_Lcd_Send_Command
   533                           
   534                           ;FM_Lcd_Easy.c: 61:     FM_Lcd_Send_Command(0x0C);
   535  01FF56  0E0C               	movlw	12
   536  01FF58  EC74  F0FF         	call	_FM_Lcd_Send_Command
   537                           
   538                           ;FM_Lcd_Easy.c: 62:     FM_Lcd_Send_Command(0x14);
   539  01FF5C  0E14               	movlw	20
   540  01FF5E  EC74  F0FF         	call	_FM_Lcd_Send_Command
   541                           
   542                           ;FM_Lcd_Easy.c: 63:     FM_Lcd_Send_Command(0x2C);
   543  01FF62  0E2C               	movlw	44
   544  01FF64  EC74  F0FF         	call	_FM_Lcd_Send_Command
   545  01FF68  0012               	return		;funcret
   546  01FF6A                     __end_of_FM_Lcd_Easy_Init:
   547                           	opt callstack 0
   548                           
   549 ;; *************** function _FM_Lcd_Send_Command *****************
   550 ;; Defined at:
   551 ;;		line 42 in file "FM_Lcd_Easy.c"
   552 ;; Parameters:    Size  Location     Type
   553 ;;  command_to_s    1    wreg     unsigned char 
   554 ;; Auto vars:     Size  Location     Type
   555 ;;  command_to_s    1    4[COMRAM] unsigned char 
   556 ;; Return value:  Size  Location     Type
   557 ;;                  1    wreg      void 
   558 ;; Registers used:
   559 ;;		wreg, status,2, status,0, cstack
   560 ;; Tracked objects:
   561 ;;		On entry : 0/0
   562 ;;		On exit  : 0/0
   563 ;;		Unchanged: 0/0
   564 ;; Data sizes:     COMRAM   BANK5   BANK6   BANK7   BANK8   BANK9  BANK10  BANK11  BANK12  BANK13  BANK14  BANK15  BANK1
      +6  BANK17  BANK18  BANK19  BANK20  BANK21  BANK22  BANK23  BANK24  BANK25  BANK26  BANK27  BANK28  BANK29  BANK30  BANK3
      +1  BANK32  BANK33  BANK34  BANK35  BANK36
   565 ;;      Params:         0       0       0       0       0       0       0       0       0       0       0       0       
      +0       0       0       0       0       0       0       0       0       0       0       0       0       0       0       
      +0       0       0       0       0       0
   566 ;;      Locals:         1       0       0       0       0       0       0       0       0       0       0       0       
      +0       0       0       0       0       0       0       0       0       0       0       0       0       0       0       
      +0       0       0       0       0       0
   567 ;;      Temps:          0       0       0       0       0       0       0       0       0       0       0       0       
      +0       0       0       0       0       0       0       0       0       0       0       0       0       0       0       
      +0       0       0       0       0       0
   568 ;;      Totals:         1       0       0       0       0       0       0       0       0       0       0       0       
      +0       0       0       0       0       0       0       0       0       0       0       0       0       0       0       
      +0       0       0       0       0       0
   569 ;;Total ram usage:        1 bytes
   570 ;; Hardware stack levels used:    1
   571 ;; Hardware stack levels required when called:    1
   572 ;; This function calls:
   573 ;;		_FM_Lcd_Send_Nibble
   574 ;; This function is called by:
   575 ;;		_main
   576 ;;		_FM_Lcd_Easy_Init
   577 ;; This function uses a non-reentrant model
   578 ;;
   579                           
   580                           	psect	text6
   581  01FEE8                     __ptext6:
   582                           	opt callstack 0
   583  01FEE8                     _FM_Lcd_Send_Command:
   584                           	opt callstack 126
   585                           
   586                           ;incstack = 0
   587                           ;FM_Lcd_Send_Command@command_to_send stored from wreg
   588  01FEE8  6E05               	movwf	FM_Lcd_Send_Command@command_to_send^(0+1280),c
   589  01FEEA                     
   590                           ;FM_Lcd_Easy.c: 42: void FM_Lcd_Send_Command (char command_to_send);FM_Lcd_Easy.c: 43: {
      +                          ;FM_Lcd_Easy.c: 44:     LATF &= ~(1 << 0);;
   591  01FEEA  90C3               	bcf	195,0,c	;volatile
   592  01FEEC                     
   593                           ;FM_Lcd_Easy.c: 45:     FM_Lcd_Send_Nibble(command_to_send);
   594  01FEEC  5005               	movf	FM_Lcd_Send_Command@command_to_send^(0+1280),w,c
   595  01FEEE  ECD2  F0FF         	call	_FM_Lcd_Send_Nibble
   596  01FEF2  0012               	return		;funcret
   597  01FEF4                     __end_of_FM_Lcd_Send_Command:
   598                           	opt callstack 0
   599                           
   600 ;; *************** function _FM_Lcd_Send_Nibble *****************
   601 ;; Defined at:
   602 ;;		line 22 in file "FM_Lcd_Easy.c"
   603 ;; Parameters:    Size  Location     Type
   604 ;;  byte_to_send    1    wreg     unsigned char 
   605 ;; Auto vars:     Size  Location     Type
   606 ;;  byte_to_send    1    1[COMRAM] unsigned char 
   607 ;;  lower_bits      1    3[COMRAM] unsigned char 
   608 ;;  upper_bits      1    2[COMRAM] unsigned char 
   609 ;; Return value:  Size  Location     Type
   610 ;;                  1    wreg      void 
   611 ;; Registers used:
   612 ;;		wreg, status,2, status,0
   613 ;; Tracked objects:
   614 ;;		On entry : 0/0
   615 ;;		On exit  : 0/0
   616 ;;		Unchanged: 0/0
   617 ;; Data sizes:     COMRAM   BANK5   BANK6   BANK7   BANK8   BANK9  BANK10  BANK11  BANK12  BANK13  BANK14  BANK15  BANK1
      +6  BANK17  BANK18  BANK19  BANK20  BANK21  BANK22  BANK23  BANK24  BANK25  BANK26  BANK27  BANK28  BANK29  BANK30  BANK3
      +1  BANK32  BANK33  BANK34  BANK35  BANK36
   618 ;;      Params:         0       0       0       0       0       0       0       0       0       0       0       0       
      +0       0       0       0       0       0       0       0       0       0       0       0       0       0       0       
      +0       0       0       0       0       0
   619 ;;      Locals:         3       0       0       0       0       0       0       0       0       0       0       0       
      +0       0       0       0       0       0       0       0       0       0       0       0       0       0       0       
      +0       0       0       0       0       0
   620 ;;      Temps:          1       0       0       0       0       0       0       0       0       0       0       0       
      +0       0       0       0       0       0       0       0       0       0       0       0       0       0       0       
      +0       0       0       0       0       0
   621 ;;      Totals:         4       0       0       0       0       0       0       0       0       0       0       0       
      +0       0       0       0       0       0       0       0       0       0       0       0       0       0       0       
      +0       0       0       0       0       0
   622 ;;Total ram usage:        4 bytes
   623 ;; Hardware stack levels used:    1
   624 ;; This function calls:
   625 ;;		Nothing
   626 ;; This function is called by:
   627 ;;		_FM_Lcd_Send_Command
   628 ;;		_FM_Lcd_Send_Character
   629 ;; This function uses a non-reentrant model
   630 ;;
   631                           
   632                           	psect	text7
   633  01FFA4                     __ptext7:
   634                           	opt callstack 0
   635  01FFA4                     _FM_Lcd_Send_Nibble:
   636                           	opt callstack 126
   637                           
   638                           ;incstack = 0
   639                           ;FM_Lcd_Send_Nibble@byte_to_send stored from wreg
   640  01FFA4  6E02               	movwf	FM_Lcd_Send_Nibble@byte_to_send^(0+1280),c
   641  01FFA6                     
   642                           ;FM_Lcd_Easy.c: 22: void FM_Lcd_Send_Nibble (char byte_to_send);FM_Lcd_Easy.c: 23: {;FM_
      +                          Lcd_Easy.c: 24:     uint8_t upper_bits, lower_bits;;FM_Lcd_Easy.c: 26:     upper_bits = 
      +                          (byte_to_send & 0xF0);
   643  01FFA6  5002               	movf	FM_Lcd_Send_Nibble@byte_to_send^(0+1280),w,c
   644  01FFA8  0BF0               	andlw	240
   645  01FFAA  6E03               	movwf	FM_Lcd_Send_Nibble@upper_bits^(0+1280),c
   646                           
   647                           ;FM_Lcd_Easy.c: 27:     lower_bits = (byte_to_send & 0x0F) << 4;
   648  01FFAC  0061  F408  F501   	movff	FM_Lcd_Send_Nibble@byte_to_send,??_FM_Lcd_Send_Nibble
   649  01FFB2  0E0F               	movlw	15
   650  01FFB4  1601               	andwf	??_FM_Lcd_Send_Nibble^(0+1280),f,c
   651  01FFB6  3801               	swapf	??_FM_Lcd_Send_Nibble^(0+1280),w,c
   652  01FFB8  0BF0               	andlw	240
   653  01FFBA  6E04               	movwf	FM_Lcd_Send_Nibble@lower_bits^(0+1280),c
   654                           
   655                           ;FM_Lcd_Easy.c: 33:     LATF |= upper_bits;
   656  01FFBC  5003               	movf	FM_Lcd_Send_Nibble@upper_bits^(0+1280),w,c	;volatile
   657  01FFBE  12C3               	iorwf	195,f,c	;volatile
   658  01FFC0                     
   659                           ;FM_Lcd_Easy.c: 34:     LATF |= (1 << 2);; _delay((unsigned long)((1)*(16000000/4000.0))
      +                          ); LATF &= ~(1 << 2);;;
   660  01FFC0  84C3               	bsf	195,2,c	;volatile
   661  01FFC2  0E06               	movlw	6
   662  01FFC4  6E01               	movwf	??_FM_Lcd_Send_Nibble^(0+1280),c
   663  01FFC6  0E30               	movlw	48
   664  01FFC8                     u27:
   665  01FFC8  2EE8               	decfsz	wreg,f,c
   666  01FFCA  D7FE               	bra	u27
   667  01FFCC  2E01               	decfsz	??_FM_Lcd_Send_Nibble^(0+1280),f,c
   668  01FFCE  D7FC               	bra	u27
   669  01FFD0  D000               	nop2	
   670  01FFD2  94C3               	bcf	195,2,c	;volatile
   671                           
   672                           ;FM_Lcd_Easy.c: 35:     LATF &= ~upper_bits;
   673  01FFD4  5003               	movf	FM_Lcd_Send_Nibble@upper_bits^(0+1280),w,c	;volatile
   674  01FFD6  0AFF               	xorlw	255
   675  01FFD8  16C3               	andwf	195,f,c	;volatile
   676  01FFDA                     
   677                           ;FM_Lcd_Easy.c: 36:     LATF = lower_bits;
   678  01FFDA  0061  F410  F4C3   	movff	FM_Lcd_Send_Nibble@lower_bits,1219	;volatile
   679  01FFE0                     
   680                           ;FM_Lcd_Easy.c: 37:     LATF |= (1 << 2);; _delay((unsigned long)((1)*(16000000/4000.0))
      +                          ); LATF &= ~(1 << 2);;;
   681  01FFE0  84C3               	bsf	195,2,c	;volatile
   682  01FFE2  0E06               	movlw	6
   683  01FFE4  6E01               	movwf	??_FM_Lcd_Send_Nibble^(0+1280),c
   684  01FFE6  0E30               	movlw	48
   685  01FFE8                     u37:
   686  01FFE8  2EE8               	decfsz	wreg,f,c
   687  01FFEA  D7FE               	bra	u37
   688  01FFEC  2E01               	decfsz	??_FM_Lcd_Send_Nibble^(0+1280),f,c
   689  01FFEE  D7FC               	bra	u37
   690  01FFF0  D000               	nop2	
   691  01FFF2  94C3               	bcf	195,2,c	;volatile
   692                           
   693                           ;FM_Lcd_Easy.c: 38:     LATF &= ~lower_bits;
   694  01FFF4  5004               	movf	FM_Lcd_Send_Nibble@lower_bits^(0+1280),w,c	;volatile
   695  01FFF6  0AFF               	xorlw	255
   696  01FFF8  16C3               	andwf	195,f,c	;volatile
   697  01FFFA  0012               	return		;funcret
   698  01FFFC                     __end_of_FM_Lcd_Send_Nibble:
   699                           	opt callstack 0
   700                           
   701 ;; *************** function _FM_Lcd_Easy_Gpio_Init *****************
   702 ;; Defined at:
   703 ;;		line 11 in file "FM_Lcd_Easy.c"
   704 ;; Parameters:    Size  Location     Type
   705 ;;		None
   706 ;; Auto vars:     Size  Location     Type
   707 ;;  bits_data       1    0        unsigned char 
   708 ;; Return value:  Size  Location     Type
   709 ;;                  1    wreg      void 
   710 ;; Registers used:
   711 ;;		wreg, status,2, status,0
   712 ;; Tracked objects:
   713 ;;		On entry : 0/0
   714 ;;		On exit  : 0/0
   715 ;;		Unchanged: 0/0
   716 ;; Data sizes:     COMRAM   BANK5   BANK6   BANK7   BANK8   BANK9  BANK10  BANK11  BANK12  BANK13  BANK14  BANK15  BANK1
      +6  BANK17  BANK18  BANK19  BANK20  BANK21  BANK22  BANK23  BANK24  BANK25  BANK26  BANK27  BANK28  BANK29  BANK30  BANK3
      +1  BANK32  BANK33  BANK34  BANK35  BANK36
   717 ;;      Params:         0       0       0       0       0       0       0       0       0       0       0       0       
      +0       0       0       0       0       0       0       0       0       0       0       0       0       0       0       
      +0       0       0       0       0       0
   718 ;;      Locals:         1       0       0       0       0       0       0       0       0       0       0       0       
      +0       0       0       0       0       0       0       0       0       0       0       0       0       0       0       
      +0       0       0       0       0       0
   719 ;;      Temps:          0       0       0       0       0       0       0       0       0       0       0       0       
      +0       0       0       0       0       0       0       0       0       0       0       0       0       0       0       
      +0       0       0       0       0       0
   720 ;;      Totals:         1       0       0       0       0       0       0       0       0       0       0       0       
      +0       0       0       0       0       0       0       0       0       0       0       0       0       0       0       
      +0       0       0       0       0       0
   721 ;;Total ram usage:        1 bytes
   722 ;; Hardware stack levels used:    1
   723 ;; This function calls:
   724 ;;		Nothing
   725 ;; This function is called by:
   726 ;;		_FM_Lcd_Easy_Init
   727 ;; This function uses a non-reentrant model
   728 ;;
   729                           
   730                           	psect	text8
   731  01FED2                     __ptext8:
   732                           	opt callstack 0
   733  01FED2                     _FM_Lcd_Easy_Gpio_Init:
   734                           	opt callstack 126
   735  01FED2                     
   736                           ;FM_Lcd_Easy.c: 19:     TRISF &= ~(bits_data | ((1 << 0)|(1 << 1)|(1 << 2)));
   737  01FED2  0E08               	movlw	8
   738  01FED4  16CB               	andwf	203,f,c	;volatile
   739  01FED6  0012               	return		;funcret
   740  01FED8                     __end_of_FM_Lcd_Easy_Gpio_Init:
   741                           	opt callstack 0
   742                           
   743 ;; *************** function _FM_Init_Gpio *****************
   744 ;; Defined at:
   745 ;;		line 42 in file "main.c"
   746 ;; Parameters:    Size  Location     Type
   747 ;;		None
   748 ;; Auto vars:     Size  Location     Type
   749 ;;		None
   750 ;; Return value:  Size  Location     Type
   751 ;;                  1    wreg      void 
   752 ;; Registers used:
   753 ;;		status,2, status,0
   754 ;; Tracked objects:
   755 ;;		On entry : 0/0
   756 ;;		On exit  : 0/0
   757 ;;		Unchanged: 0/0
   758 ;; Data sizes:     COMRAM   BANK5   BANK6   BANK7   BANK8   BANK9  BANK10  BANK11  BANK12  BANK13  BANK14  BANK15  BANK1
      +6  BANK17  BANK18  BANK19  BANK20  BANK21  BANK22  BANK23  BANK24  BANK25  BANK26  BANK27  BANK28  BANK29  BANK30  BANK3
      +1  BANK32  BANK33  BANK34  BANK35  BANK36
   759 ;;      Params:         0       0       0       0       0       0       0       0       0       0       0       0       
      +0       0       0       0       0       0       0       0       0       0       0       0       0       0       0       
      +0       0       0       0       0       0
   760 ;;      Locals:         0       0       0       0       0       0       0       0       0       0       0       0       
      +0       0       0       0       0       0       0       0       0       0       0       0       0       0       0       
      +0       0       0       0       0       0
   761 ;;      Temps:          0       0       0       0       0       0       0       0       0       0       0       0       
      +0       0       0       0       0       0       0       0       0       0       0       0       0       0       0       
      +0       0       0       0       0       0
   762 ;;      Totals:         0       0       0       0       0       0       0       0       0       0       0       0       
      +0       0       0       0       0       0       0       0       0       0       0       0       0       0       0       
      +0       0       0       0       0       0
   763 ;;Total ram usage:        0 bytes
   764 ;; Hardware stack levels used:    1
   765 ;; This function calls:
   766 ;;		Nothing
   767 ;; This function is called by:
   768 ;;		_main
   769 ;; This function uses a non-reentrant model
   770 ;;
   771                           
   772                           	psect	text9
   773  01FECE                     __ptext9:
   774                           	opt callstack 0
   775  01FECE                     _FM_Init_Gpio:
   776                           	opt callstack 127
   777  01FECE                     
   778                           ;main.c: 44:     TRISF &= ~(1 << 3);
   779  01FECE  96CB               	bcf	203,3,c	;volatile
   780  01FED0  0012               	return		;funcret
   781  01FED2                     __end_of_FM_Init_Gpio:
   782                           	opt callstack 0
   783  0000                     
   784                           	psect	rparam
   785  0000                     tosu	equ	0x4FF
   786                           tosh	equ	0x4FE
   787                           tosl	equ	0x4FD
   788                           stkptr	equ	0x4FC
   789                           pclatu	equ	0x4FB
   790                           pclath	equ	0x4FA
   791                           pcl	equ	0x4F9
   792                           tblptru	equ	0x4F8
   793                           tblptrh	equ	0x4F7
   794                           tblptrl	equ	0x4F6
   795                           tablat	equ	0x4F5
   796                           prodh	equ	0x4F4
   797                           prodl	equ	0x4F3
   798                           indf0	equ	0x4EF
   799                           postinc0	equ	0x4EE
   800                           postdec0	equ	0x4ED
   801                           preinc0	equ	0x4EC
   802                           plusw0	equ	0x4EB
   803                           fsr0h	equ	0x4EA
   804                           fsr0l	equ	0x4E9
   805                           wreg	equ	0x4E8
   806                           indf1	equ	0x4E7
   807                           postinc1	equ	0x4E6
   808                           postdec1	equ	0x4E5
   809                           preinc1	equ	0x4E4
   810                           plusw1	equ	0x4E3
   811                           fsr1h	equ	0x4E2
   812                           fsr1l	equ	0x4E1
   813                           bsr	equ	0x4E0
   814                           indf2	equ	0x4DF
   815                           postinc2	equ	0x4DE
   816                           postdec2	equ	0x4DD
   817                           preinc2	equ	0x4DC
   818                           plusw2	equ	0x4DB
   819                           fsr2h	equ	0x4DA
   820                           fsr2l	equ	0x4D9
   821                           status	equ	0x4D8


Data Sizes:
    Strings     0
    Constant    0
    Data        0
    BSS         0
    Persistent  0
    Stack       0

Auto Spaces:
    Space          Size  Autos    Used
    COMRAM           95      7       7
    BANK5           160      0       0
    BANK6           256      0       0
    BANK7           256      0       0
    BANK8           256      0       0
    BANK9           256      0       0
    BANK10          256      0       0
    BANK11          256      0       0
    BANK12          256      0       0
    BANK13          256      0       0
    BANK14          256      0       0
    BANK15          256      0       0
    BANK16          256      0       0
    BANK17          256      0       0
    BANK18          256      0       0
    BANK19          256      0       0
    BANK20          256      0       0
    BANK21          256      0       0
    BANK22          256      0       0
    BANK23          256      0       0
    BANK24          256      0       0
    BANK25          256      0       0
    BANK26          256      0       0
    BANK27          256      0       0
    BANK28          256      0       0
    BANK29          256      0       0
    BANK30          256      0       0
    BANK31          256      0       0
    BANK32          256      0       0
    BANK33          256      0       0
    BANK34          256      0       0
    BANK35          256      0       0
    BANK36          256      0       0

Pointer List with Targets:

    None.

Critical Paths under _main in COMRAM

    _main->_FM_Lcd_Send_Character
    _main->_FM_Lcd_Send_Command
    _FM_Lcd_Send_Character->_FM_Lcd_Send_Nibble
    _FM_Lcd_Easy_Init->_FM_Lcd_Send_Command
    _FM_Lcd_Send_Command->_FM_Lcd_Send_Nibble

Critical Paths under _main in BANK5

    None.

Critical Paths under _main in BANK6

    None.

Critical Paths under _main in BANK7

    None.

Critical Paths under _main in BANK8

    None.

Critical Paths under _main in BANK9

    None.

Critical Paths under _main in BANK10

    None.

Critical Paths under _main in BANK11

    None.

Critical Paths under _main in BANK12

    None.

Critical Paths under _main in BANK13

    None.

Critical Paths under _main in BANK14

    None.

Critical Paths under _main in BANK15

    None.

Critical Paths under _main in BANK16

    None.

Critical Paths under _main in BANK17

    None.

Critical Paths under _main in BANK18

    None.

Critical Paths under _main in BANK19

    None.

Critical Paths under _main in BANK20

    None.

Critical Paths under _main in BANK21

    None.

Critical Paths under _main in BANK22

    None.

Critical Paths under _main in BANK23

    None.

Critical Paths under _main in BANK24

    None.

Critical Paths under _main in BANK25

    None.

Critical Paths under _main in BANK26

    None.

Critical Paths under _main in BANK27

    None.

Critical Paths under _main in BANK28

    None.

Critical Paths under _main in BANK29

    None.

Critical Paths under _main in BANK30

    None.

Critical Paths under _main in BANK31

    None.

Critical Paths under _main in BANK32

    None.

Critical Paths under _main in BANK33

    None.

Critical Paths under _main in BANK34

    None.

Critical Paths under _main in BANK35

    None.

Critical Paths under _main in BANK36

    None.

Call Graph Tables:

 ---------------------------------------------------------------------------------
 (Depth) Function   	        Calls       Base Space   Used Autos Params    Refs
 ---------------------------------------------------------------------------------
 (0) _main                                                 2     2      0     330
                                              5 COMRAM     2     2      0
                       _FM_Init_Gpio
                   _FM_Lcd_Easy_Init
              _FM_Lcd_Send_Character
                _FM_Lcd_Send_Command
                  _SYSTEM_Initialize
 ---------------------------------------------------------------------------------
 (1) _SYSTEM_Initialize                                    0     0      0       0
              _OSCILLATOR_Initialize
                     _PMD_Initialize
 ---------------------------------------------------------------------------------
 (2) _PMD_Initialize                                       0     0      0       0
 ---------------------------------------------------------------------------------
 (2) _OSCILLATOR_Initialize                                0     0      0       0
 ---------------------------------------------------------------------------------
 (1) _FM_Lcd_Send_Character                                1     1      0     105
                                              4 COMRAM     1     1      0
                 _FM_Lcd_Send_Nibble
 ---------------------------------------------------------------------------------
 (1) _FM_Lcd_Easy_Init                                     0     0      0     120
              _FM_Lcd_Easy_Gpio_Init
                _FM_Lcd_Send_Command
 ---------------------------------------------------------------------------------
 (1) _FM_Lcd_Send_Command                                  1     1      0     105
                                              4 COMRAM     1     1      0
                 _FM_Lcd_Send_Nibble
 ---------------------------------------------------------------------------------
 (2) _FM_Lcd_Send_Nibble                                   4     4      0      90
                                              0 COMRAM     4     4      0
 ---------------------------------------------------------------------------------
 (2) _FM_Lcd_Easy_Gpio_Init                                1     1      0      15
                                              0 COMRAM     1     1      0
 ---------------------------------------------------------------------------------
 (1) _FM_Init_Gpio                                         0     0      0       0
 ---------------------------------------------------------------------------------
 Estimated maximum stack depth 2
 ---------------------------------------------------------------------------------

 Call Graph Graphs:

 _main (ROOT)
   _FM_Init_Gpio
   _FM_Lcd_Easy_Init
     _FM_Lcd_Easy_Gpio_Init
     _FM_Lcd_Send_Command
       _FM_Lcd_Send_Nibble
   _FM_Lcd_Send_Character
     _FM_Lcd_Send_Nibble
   _FM_Lcd_Send_Command
     _FM_Lcd_Send_Nibble
   _SYSTEM_Initialize
     _OSCILLATOR_Initialize
     _PMD_Initialize

 Address spaces:
Name               Size   Autos  Total    Cost      Usage
BITCOMRAM           5F      0       0       0        0.0%
EEDATA             400      0       0       0        0.0%
NULL                 0      0       0       0        0.0%
CODE                 0      0       0       0        0.0%
COMRAM              5F      7       7       1        7.4%
STACK                0      0       0       2        0.0%
DATA                 0      0       0       3        0.0%
BITBANK5            A0      0       0       4        0.0%
BANK5               A0      0       0       5        0.0%
ABS                  0      0       0       6        0.0%
BITBANK6           100      0       0       7        0.0%
BANK6              100      0       0       8        0.0%
BITBANK7           100      0       0       9        0.0%
BANK7              100      0       0      10        0.0%
BITBANK8           100      0       0      11        0.0%
BANK8              100      0       0      12        0.0%
BITBANK9           100      0       0      13        0.0%
BANK9              100      0       0      14        0.0%
BITBANK10          100      0       0      15        0.0%
BANK10             100      0       0      16        0.0%
BITBANK11          100      0       0      17        0.0%
BANK11             100      0       0      18        0.0%
BITBANK12          100      0       0      19        0.0%
BANK12             100      0       0      20        0.0%
BITBANK13          100      0       0      21        0.0%
BANK13             100      0       0      22        0.0%
BITBANK14          100      0       0      23        0.0%
BANK14             100      0       0      24        0.0%
BITBANK15          100      0       0      25        0.0%
BANK15             100      0       0      26        0.0%
BITBANK16          100      0       0      27        0.0%
BANK16             100      0       0      28        0.0%
BITBANK17          100      0       0      29        0.0%
BANK17             100      0       0      30        0.0%
BITBANK18          100      0       0      31        0.0%
BANK18             100      0       0      32        0.0%
BITBANK19          100      0       0      33        0.0%
BANK19             100      0       0      34        0.0%
BITBANK20          100      0       0      35        0.0%
BANK20             100      0       0      36        0.0%
BITBANK21          100      0       0      37        0.0%
BANK21             100      0       0      38        0.0%
BITBANK22          100      0       0      39        0.0%
BANK22             100      0       0      40        0.0%
BITBANK23          100      0       0      41        0.0%
BANK23             100      0       0      42        0.0%
BITBANK24          100      0       0      43        0.0%
BANK24             100      0       0      44        0.0%
BITBANK25          100      0       0      45        0.0%
BANK25             100      0       0      46        0.0%
BITBANK26          100      0       0      47        0.0%
BANK26             100      0       0      48        0.0%
BITBANK27          100      0       0      49        0.0%
BANK27             100      0       0      50        0.0%
BITBANK28          100      0       0      51        0.0%
BANK28             100      0       0      52        0.0%
BITBANK29          100      0       0      53        0.0%
BANK29             100      0       0      54        0.0%
BITBANK30          100      0       0      55        0.0%
BANK30             100      0       0      56        0.0%
BITBANK31          100      0       0      57        0.0%
BANK31             100      0       0      58        0.0%
BITBANK32          100      0       0      59        0.0%
BANK32             100      0       0      60        0.0%
BITBANK33          100      0       0      61        0.0%
BANK33             100      0       0      62        0.0%
BITBANK34          100      0       0      63        0.0%
BANK34             100      0       0      64        0.0%
BITBANK35          100      0       0      65        0.0%
BANK35             100      0       0      66        0.0%
BITBANK36          100      0       0      67        0.0%
BANK36             100      0       0      68        0.0%
BIGRAM            1FFF      0       0      69        0.0%
BITSFR_5             0      0       0     200        0.0%
SFR_5                0      0       0     200        0.0%
BITSFR_4             0      0       0     200        0.0%
SFR_4                0      0       0     200        0.0%
BITSFR_3             0      0       0     200        0.0%
SFR_3                0      0       0     200        0.0%
BITSFR_2             0      0       0     200        0.0%
SFR_2                0      0       0     200        0.0%
BITSFR_1             0      0       0     200        0.0%
SFR_1                0      0       0     200        0.0%
BITSFR               0      0       0     200        0.0%
SFR                  0      0       0     200        0.0%


Microchip Technology PIC18 Macro Assembler V2.10 build 88905656 
Symbol Table                                                                                   Sat Apr 22 14:30:05 2023

                           __CFG_CP$OFF 000000                                      u17 FF90  
                                    u27 FFC8                                      u37 FFE8  
                           __CFG_LVP$ON 000000                                     l133 FEE6  
                                   l136 FF1A                                     l139 FF3E  
                                   l181 FEF2                                     l166 FED0  
                                   l175 FED6                                     l184 FEFE  
                                   l178 FFFA                                     l187 FF68  
                                   l941 FF6E                                     l871 FFE0  
                                   l863 FFA6                                     l951 FF86  
                                   l943 FF72                                     l873 FFF2  
                                   l865 FFC0                                     l881 FEEC  
                                   l945 FF76                                     l883 FED2  
                                   l867 FFD2                                     l891 FF40  
                                   l875 FF1C                                     l947 FF7C  
                                   l939 FF6A                                     l885 FED2  
                                   l869 FFDA                                     l893 FEF6  
                                   l877 FF00                                     l949 FF82  
                                   l879 FEEA                                     l895 FEF8  
                                   l887 FEDE                                     l889 FECE  
               __size_of_PMD_Initialize 0024                                     wreg 0004E8  
                         __CFG_BBEN$OFF 000000                            __CFG_ZCD$OFF 000000  
                                  _LATA 0004BE                                    _LATB 0004BF  
                                  _LATC 0004C0                                    _LATD 0004C1  
                                  _LATE 0004C2                                    _LATF 0004C3  
                                  _PMD0 000060                                    _PMD1 000061  
                                  _PMD3 000063                                    _PMD4 000064  
                                  _PMD5 000065                                    _PMD6 000066  
                                  _PMD7 000067                                    _PMD8 000068  
            __end_of_FM_Lcd_Send_Nibble FFFC                                    _WPUA 000401  
                                  _WPUB 000409                                    _WPUC 000411  
                                  _WPUD 000419                                    _WPUE 000421  
                                  _WPUF 000429                           __CFG_FCMEN$ON 000000  
                                  _main FF6A            FM_Lcd_Send_Nibble@upper_bits 0503  
               ??_FM_Lcd_Send_Character 0505                                    start FFFC  
FM_Lcd_Send_Character@character_to_send 0505                           __CFG_CSWEN$ON 000000  
                 _FM_Lcd_Easy_Gpio_Init FED2                            ___param_bank 000000  
        __size_of_OSCILLATOR_Initialize 001C           __end_of_OSCILLATOR_Initialize FF1C  
             __size_of_FM_Lcd_Easy_Init 002A                                   ?_main 0501  
                         __CFG_WDTE$OFF 000000             __end_of_FM_Lcd_Send_Command FEF4  
                        __CFG_DEBUG$OFF 000000                                   _OSCEN 0000B3  
                                 _TRISA 0004C6                                   _TRISB 0004C7  
                                 _TRISC 0004C8                                   _TRISD 0004C9  
                                 _TRISE 0004CA                                   _TRISF 0004CB  
                         __CFG_WRTB$OFF 000000                           __CFG_WRTC$OFF 000000  
                         __CFG_WRTD$OFF 000000                      __CFG_MCLRE$EXTMCLR 000000  
                       __initialization FED8                            __end_of_main FFA4  
                        __CFG_SAFEN$OFF 000000                                  ??_main 0506  
                        __CFG_PR1WAY$ON 000000                           __activetblptr 000000  
                                _ACTCON 0000AC                                  _ANSELA 000400  
                                _ANSELB 000408                                  _ANSELC 000410  
                                _ANSELD 000418                                  _ANSELE 000420  
                                _ANSELF 000428                                  _RB1I2C 000289  
                                _RB2I2C 000288                                  _RC3I2C 000287  
                                _RC4I2C 000286                                  _ODCONA 000402  
                                _ODCONB 00040A                                  _ODCONC 000412  
                                _ODCOND 00041A                                  _ODCONE 000422  
                                _ODCONF 00042A                          __CFG_WDTCCS$SC 000000  
                                _INLVLA 000404                                  _INLVLB 00040C  
                                _INLVLC 000414                                  _INLVLD 00041C  
                                _INLVLE 000424                                  _INLVLF 00042C  
                                _OSCFRQ 0000B1                  ?_FM_Lcd_Easy_Gpio_Init 0501  
                        __CFG_XINST$OFF 000000               __CFG_RSTOSC$HFINTOSC_1MHZ 000000  
                         ?_FM_Init_Gpio 0501                          __CFG_STVREN$ON 000000  
                        _PMD_Initialize FF1C                       _SYSTEM_Initialize FEDE  
                            __accesstop 0560                 __end_of__initialization FED8  
                    ?_SYSTEM_Initialize 0501                           ___rparam_used 000001  
                        ??_FM_Init_Gpio 0501                          __pcstackCOMRAM 0501  
                   ??_SYSTEM_Initialize 0501                        _FM_Lcd_Easy_Init FF40  
                __end_of_PMD_Initialize FF40               __end_of_SYSTEM_Initialize FEE8  
                       __CFG_IVT1WAY$ON 000000                         __CFG_MVECEN$OFF 000000  
        __size_of_FM_Lcd_Send_Character 000C           __end_of_FM_Lcd_Send_Character FF00  
                    _FM_Lcd_Send_Nibble FFA4                         __CFG_PPS1WAY$ON 000000  
                       ?_PMD_Initialize 0501                     ?_FM_Lcd_Send_Nibble 0501  
                   __CFG_PWRTS$PWRT_OFF 000000                                 _OSCCON1 0000AD  
                               _OSCCON3 0000AF                                 _OSCTUNE 0000B0  
                               _SLRCONA 000403                                 _SLRCONB 00040B  
                               _SLRCONC 000413                                 _SLRCOND 00041B  
                               _SLRCONE 000423                                 _SLRCONF 00042B  
                  ??_FM_Lcd_Send_Nibble 0501                                 __Hparam 0000  
                               __Lparam 0000                                 __pcinit FED8  
                               __ramtop 2500                                 __ptext0 FF6A  
                               __ptext1 FEDE                                 __ptext2 FF1C  
                               __ptext3 FF00                                 __ptext4 FEF4  
                               __ptext5 FF40                                 __ptext6 FEE8  
                               __ptext7 FFA4                                 __ptext8 FED2  
                               __ptext9 FECE                         __CFG_WRTAPP$OFF 000000  
                 _OSCILLATOR_Initialize FF00                         __CFG_WRTSAF$OFF 000000  
                  __end_of_FM_Init_Gpio FED2              __size_of_SYSTEM_Initialize 000A  
          __size_of_FM_Lcd_Send_Command 000C                    end_of_initialization FED8  
               ??_FM_Lcd_Easy_Gpio_Init 0501                   __CFG_WDTCPS$WDTCPS_31 000000  
                      __CFG_FEXTOSC$OFF 000000                __end_of_FM_Lcd_Easy_Init FF6A  
                ?_OSCILLATOR_Initialize 0501                     start_initialization FED8  
                      __CFG_LPBOREN$OFF 000000                        ??_PMD_Initialize 0501  
                 __size_of_FM_Init_Gpio 0004                   _FM_Lcd_Send_Character FEF4  
                          _FM_Init_Gpio FECE                     _FM_Lcd_Send_Command FEE8  
    FM_Lcd_Send_Command@command_to_send 0505                  __CFG_BBSIZE$BBSIZE_512 000000  
                  ?_FM_Lcd_Send_Command 0501             __size_of_FM_Lcd_Send_Nibble 0058  
        __size_of_FM_Lcd_Easy_Gpio_Init 0006           __end_of_FM_Lcd_Easy_Gpio_Init FED8  
                 ??_FM_Lcd_Send_Command 0505                       ?_FM_Lcd_Easy_Init 0501  
                    ??_FM_Lcd_Easy_Init 0506                                __Hrparam 0000  
                ?_FM_Lcd_Send_Character 0501                                __Lrparam 0000  
                    __CFG_BOREN$SBORDIS 000000                 ??_OSCILLATOR_Initialize 0501  
                         __size_of_main 003A                    __CFG_WDTCWS$WDTCWS_7 000000  
                    __CFG_BORV$VBOR_1P9 000000                       __CFG_CLKOUTEN$OFF 000000  
        FM_Lcd_Send_Nibble@byte_to_send 0502            FM_Lcd_Send_Nibble@lower_bits 0504  
