

Microchip MPLAB XC8 Assembler V2.32 build 20210201212658 
                                                                                               Sun Apr 23 16:16:39 2023

Microchip MPLAB XC8 C Compiler v2.32 (Free license) build 20210201212658 Og1 
     1                           	processor	18F57Q43
     2                           	fnconf	rparam,??,?,0
     3                           	pagewidth 120
     4                           	opt	flic
     5                           	psect	cinit,global,reloc=2,class=CODE,delta=1
     6                           	psect	cstackCOMRAM,global,class=COMRAM,space=1,delta=1,lowdata,noexec
     7                           	psect	text0,global,reloc=2,class=CODE,delta=1
     8                           	psect	text1,global,reloc=2,class=CODE,delta=1
     9                           	psect	intsave_regs,global,class=BIGRAM,space=1,delta=1,noexec
    10                           	psect	rparam,global,class=COMRAM,space=1,delta=1,noexec
    11                           	psect	idloc,global,abs,ovrld,class=IDLOC,space=5,delta=1,noexec
    12                           	psect	config,global,abs,ovrld,class=CONFIG,space=4,delta=1,noexec
    13  0000                     
    14                           ; Generated 17/06/2022 GMT
    15                           ; 
    16                           ; Copyright © 2022, Microchip Technology Inc. and its subsidiaries ("Microchip")
    17                           ; All rights reserved.
    18                           ; 
    19                           ; This software is developed by Microchip Technology Inc. and its subsidiaries ("Microch
      +                          ip").
    20                           ; 
    21                           ; Redistribution and use in source and binary forms, with or without modification, are
    22                           ; permitted provided that the following conditions are met:
    23                           ; 
    24                           ;     1. Redistributions of source code must retain the above copyright notice, this lis
      +                          t of
    25                           ;        conditions and the following disclaimer.
    26                           ; 
    27                           ;     2. Redistributions in binary form must reproduce the above copyright notice, this 
      +                          list
    28                           ;        of conditions and the following disclaimer in the documentation and/or other
    29                           ;        materials provided with the distribution. Publication is not required when
    30                           ;        this file is used in an embedded application.
    31                           ; 
    32                           ;     3. Microchip's name may not be used to endorse or promote products derived from th
      +                          is
    33                           ;        software without specific prior written permission.
    34                           ; 
    35                           ; THIS SOFTWARE IS PROVIDED BY MICROCHIP "AS IS" AND ANY EXPRESS OR IMPLIED WARRANTIES,
    36                           ; INCLUDING, BUT NOT LIMITED TO, THE IMPLIED WARRANTIES OF MERCHANTABILITY AND FITNESS F
      +                          OR
    37                           ; PURPOSE ARE DISCLAIMED.  IN NO EVENT SHALL MICROCHIP BE LIABLE FOR ANY DIRECT, INDIREC
      +                          T,
    38                           ; INCIDENTAL, SPECIAL, EXEMPLARY, OR CONSEQUENTIAL DAMAGES (INCLUDING BUT NOT LIMITED TO
    39                           ; PROCUREMENT OF SUBSTITUTE GOODS OR SERVICES; LOSS OF USE, DATA OR PROFITS; OR BUSINESS
    40                           ; INTERRUPTION) HOWSOEVER CAUSED AND ON ANY THEORY OF LIABILITY, WHETHER IN CONTRACT, ST
      +                          RICT
    41                           ; LIABILITY, OR TORT (INCLUDING NEGLIGENCE OR OTHERWISE) ARISING IN ANY WAY OUT OF THE U
      +                          SE OF
    42                           ; THIS SOFTWARE, EVEN IF ADVISED OF THE POSSIBILITY OF SUCH DAMAGE.
    43                           ; 
    44                           ; 
    45                           ; Code-generator required, PIC18F57Q43 Definitions
    46                           ; 
    47                           ; SFR Addresses
    48  0000                     _ANSELF	set	1064
    49  0000                     _TRISF	set	1227
    50  0000                     _LATF	set	1219
    51                           
    52                           ; #config settings
    53                           
    54                           	psect	cinit
    55  01FFE0                     __pcinit:
    56                           	callstack 0
    57  01FFE0                     start_initialization:
    58                           	callstack 0
    59  01FFE0                     __initialization:
    60                           	callstack 0
    61  01FFE0                     end_of_initialization:
    62                           	callstack 0
    63  01FFE0                     __end_of__initialization:
    64                           	callstack 0
    65  01FFE0  0100               	movlb	0
    66  01FFE2  EFF7  F0FF         	goto	_main	;jump to C main() function
    67                           
    68                           	psect	cstackCOMRAM
    69  000000                     __pcstackCOMRAM:
    70                           	callstack 0
    71  000000                     
    72                           ; 2 bytes @ 0x0
    73 ;;
    74 ;;Main: autosize = 0, tempsize = 0, incstack = 0, save=0
    75 ;;
    76 ;; *************** function _main *****************
    77 ;; Defined at:
    78 ;;		line 31 in file "main.c"
    79 ;; Parameters:    Size  Location     Type
    80 ;;		None
    81 ;; Auto vars:     Size  Location     Type
    82 ;;		None
    83 ;; Return value:  Size  Location     Type
    84 ;;                  2   12[None  ] int 
    85 ;; Registers used:
    86 ;;		status,2, status,0, cstack
    87 ;; Tracked objects:
    88 ;;		On entry : 0/0
    89 ;;		On exit  : 0/0
    90 ;;		Unchanged: 0/0
    91 ;; Data sizes:     COMRAM   BANK5   BANK6   BANK7   BANK8   BANK9  BANK10  BANK11  BANK12  BANK13  BANK14  BANK15  BANK1
      +6  BANK17  BANK18  BANK19  BANK20  BANK21  BANK22  BANK23  BANK24  BANK25  BANK26  BANK27  BANK28  BANK29  BANK30  BANK3
      +1  BANK32  BANK33  BANK34  BANK35  BANK36
    92 ;;      Params:         0       0       0       0       0       0       0       0       0       0       0       0       
      +0       0       0       0       0       0       0       0       0       0       0       0       0       0       0       
      +0       0       0       0       0       0
    93 ;;      Locals:         0       0       0       0       0       0       0       0       0       0       0       0       
      +0       0       0       0       0       0       0       0       0       0       0       0       0       0       0       
      +0       0       0       0       0       0
    94 ;;      Temps:          0       0       0       0       0       0       0       0       0       0       0       0       
      +0       0       0       0       0       0       0       0       0       0       0       0       0       0       0       
      +0       0       0       0       0       0
    95 ;;      Totals:         0       0       0       0       0       0       0       0       0       0       0       0       
      +0       0       0       0       0       0       0       0       0       0       0       0       0       0       0       
      +0       0       0       0       0       0
    96 ;;Total ram usage:        0 bytes
    97 ;; Hardware stack levels required when called: 1
    98 ;; This function calls:
    99 ;;		_GPIO_Init
   100 ;; This function is called by:
   101 ;;		Startup code after reset
   102 ;; This function uses a non-reentrant model
   103 ;;
   104                           
   105                           	psect	text0
   106  01FFEE                     __ptext0:
   107                           	callstack 0
   108  01FFEE                     _main:
   109                           	callstack 126
   110  01FFEE                     
   111                           ;main.c: 33: GPIO_Init();
   112  01FFEE  ECF3  F0FF         	call	_GPIO_Init	;wreg free
   113  01FFF2                     l771:
   114                           
   115                           ;main.c: 35: {;main.c: 37: LATF &= ~(1 << 3);
   116  01FFF2  96C3               	bcf	195,3,c	;volatile
   117  01FFF4  EFF9  F0FF         	goto	l771
   118  01FFF8  EFFE  F0FF         	goto	start
   119  01FFFC                     __end_of_main:
   120                           	callstack 0
   121                           
   122 ;; *************** function _GPIO_Init *****************
   123 ;; Defined at:
   124 ;;		line 47 in file "main.c"
   125 ;; Parameters:    Size  Location     Type
   126 ;;		None
   127 ;; Auto vars:     Size  Location     Type
   128 ;;		None
   129 ;; Return value:  Size  Location     Type
   130 ;;                  1    wreg      void 
   131 ;; Registers used:
   132 ;;		status,2, status,0
   133 ;; Tracked objects:
   134 ;;		On entry : 0/0
   135 ;;		On exit  : 0/0
   136 ;;		Unchanged: 0/0
   137 ;; Data sizes:     COMRAM   BANK5   BANK6   BANK7   BANK8   BANK9  BANK10  BANK11  BANK12  BANK13  BANK14  BANK15  BANK1
      +6  BANK17  BANK18  BANK19  BANK20  BANK21  BANK22  BANK23  BANK24  BANK25  BANK26  BANK27  BANK28  BANK29  BANK30  BANK3
      +1  BANK32  BANK33  BANK34  BANK35  BANK36
   138 ;;      Params:         0       0       0       0       0       0       0       0       0       0       0       0       
      +0       0       0       0       0       0       0       0       0       0       0       0       0       0       0       
      +0       0       0       0       0       0
   139 ;;      Locals:         0       0       0       0       0       0       0       0       0       0       0       0       
      +0       0       0       0       0       0       0       0       0       0       0       0       0       0       0       
      +0       0       0       0       0       0
   140 ;;      Temps:          0       0       0       0       0       0       0       0       0       0       0       0       
      +0       0       0       0       0       0       0       0       0       0       0       0       0       0       0       
      +0       0       0       0       0       0
   141 ;;      Totals:         0       0       0       0       0       0       0       0       0       0       0       0       
      +0       0       0       0       0       0       0       0       0       0       0       0       0       0       0       
      +0       0       0       0       0       0
   142 ;;Total ram usage:        0 bytes
   143 ;; Hardware stack levels used: 1
   144 ;; This function calls:
   145 ;;		Nothing
   146 ;; This function is called by:
   147 ;;		_main
   148 ;; This function uses a non-reentrant model
   149 ;;
   150                           
   151                           	psect	text1
   152  01FFE6                     __ptext1:
   153                           	callstack 0
   154  01FFE6                     _GPIO_Init:
   155                           	callstack 126
   156  01FFE6                     
   157                           ;main.c: 49: ANSELF &= ~(1 << 3);
   158  01FFE6  0104               	movlb	4	; () banked
   159  01FFE8  9728               	bcf	40,3,b	;volatile
   160                           
   161                           ;main.c: 50: TRISF &= ~(1 << 3);
   162  01FFEA  96CB               	bcf	203,3,c	;volatile
   163  01FFEC                     
   164                           ; BSR set to: 4
   165  01FFEC  0012               	return		;funcret
   166  01FFEE                     __end_of_GPIO_Init:
   167                           	callstack 0
   168  0000                     
   169                           	psect	rparam
   170  0000                     
   171                           	psect	idloc
   172                           
   173                           ;Config register IDLOC0 @ 0x200000
   174                           ;	unspecified, using default values
   175  200000                     	org	2097152
   176  200000  0FFF               	dw	4095
   177                           
   178                           ;Config register IDLOC1 @ 0x200002
   179                           ;	unspecified, using default values
   180  200002                     	org	2097154
   181  200002  0FFF               	dw	4095
   182                           
   183                           ;Config register IDLOC2 @ 0x200004
   184                           ;	unspecified, using default values
   185  200004                     	org	2097156
   186  200004  0FFF               	dw	4095
   187                           
   188                           ;Config register IDLOC3 @ 0x200006
   189                           ;	unspecified, using default values
   190  200006                     	org	2097158
   191  200006  0FFF               	dw	4095
   192                           
   193                           ;Config register IDLOC4 @ 0x200008
   194                           ;	unspecified, using default values
   195  200008                     	org	2097160
   196  200008  0FFF               	dw	4095
   197                           
   198                           ;Config register IDLOC5 @ 0x20000A
   199                           ;	unspecified, using default values
   200  20000A                     	org	2097162
   201  20000A  0FFF               	dw	4095
   202                           
   203                           ;Config register IDLOC6 @ 0x20000C
   204                           ;	unspecified, using default values
   205  20000C                     	org	2097164
   206  20000C  0FFF               	dw	4095
   207                           
   208                           ;Config register IDLOC7 @ 0x20000E
   209                           ;	unspecified, using default values
   210  20000E                     	org	2097166
   211  20000E  0FFF               	dw	4095
   212                           
   213                           ;Config register IDLOC8 @ 0x200010
   214                           ;	unspecified, using default values
   215  200010                     	org	2097168
   216  200010  0FFF               	dw	4095
   217                           
   218                           ;Config register IDLOC9 @ 0x200012
   219                           ;	unspecified, using default values
   220  200012                     	org	2097170
   221  200012  0FFF               	dw	4095
   222                           
   223                           ;Config register IDLOC10 @ 0x200014
   224                           ;	unspecified, using default values
   225  200014                     	org	2097172
   226  200014  0FFF               	dw	4095
   227                           
   228                           ;Config register IDLOC11 @ 0x200016
   229                           ;	unspecified, using default values
   230  200016                     	org	2097174
   231  200016  0FFF               	dw	4095
   232                           
   233                           ;Config register IDLOC12 @ 0x200018
   234                           ;	unspecified, using default values
   235  200018                     	org	2097176
   236  200018  0FFF               	dw	4095
   237                           
   238                           ;Config register IDLOC13 @ 0x20001A
   239                           ;	unspecified, using default values
   240  20001A                     	org	2097178
   241  20001A  0FFF               	dw	4095
   242                           
   243                           ;Config register IDLOC14 @ 0x20001C
   244                           ;	unspecified, using default values
   245  20001C                     	org	2097180
   246  20001C  0FFF               	dw	4095
   247                           
   248                           ;Config register IDLOC15 @ 0x20001E
   249                           ;	unspecified, using default values
   250  20001E                     	org	2097182
   251  20001E  0FFF               	dw	4095
   252                           
   253                           ;Config register IDLOC16 @ 0x200020
   254                           ;	unspecified, using default values
   255  200020                     	org	2097184
   256  200020  0FFF               	dw	4095
   257                           
   258                           ;Config register IDLOC17 @ 0x200022
   259                           ;	unspecified, using default values
   260  200022                     	org	2097186
   261  200022  0FFF               	dw	4095
   262                           
   263                           ;Config register IDLOC18 @ 0x200024
   264                           ;	unspecified, using default values
   265  200024                     	org	2097188
   266  200024  0FFF               	dw	4095
   267                           
   268                           ;Config register IDLOC19 @ 0x200026
   269                           ;	unspecified, using default values
   270  200026                     	org	2097190
   271  200026  0FFF               	dw	4095
   272                           
   273                           ;Config register IDLOC20 @ 0x200028
   274                           ;	unspecified, using default values
   275  200028                     	org	2097192
   276  200028  0FFF               	dw	4095
   277                           
   278                           ;Config register IDLOC21 @ 0x20002A
   279                           ;	unspecified, using default values
   280  20002A                     	org	2097194
   281  20002A  0FFF               	dw	4095
   282                           
   283                           ;Config register IDLOC22 @ 0x20002C
   284                           ;	unspecified, using default values
   285  20002C                     	org	2097196
   286  20002C  0FFF               	dw	4095
   287                           
   288                           ;Config register IDLOC23 @ 0x20002E
   289                           ;	unspecified, using default values
   290  20002E                     	org	2097198
   291  20002E  0FFF               	dw	4095
   292                           
   293                           ;Config register IDLOC24 @ 0x200030
   294                           ;	unspecified, using default values
   295  200030                     	org	2097200
   296  200030  0FFF               	dw	4095
   297                           
   298                           ;Config register IDLOC25 @ 0x200032
   299                           ;	unspecified, using default values
   300  200032                     	org	2097202
   301  200032  0FFF               	dw	4095
   302                           
   303                           ;Config register IDLOC26 @ 0x200034
   304                           ;	unspecified, using default values
   305  200034                     	org	2097204
   306  200034  0FFF               	dw	4095
   307                           
   308                           ;Config register IDLOC27 @ 0x200036
   309                           ;	unspecified, using default values
   310  200036                     	org	2097206
   311  200036  0FFF               	dw	4095
   312                           
   313                           ;Config register IDLOC28 @ 0x200038
   314                           ;	unspecified, using default values
   315  200038                     	org	2097208
   316  200038  0FFF               	dw	4095
   317                           
   318                           ;Config register IDLOC29 @ 0x20003A
   319                           ;	unspecified, using default values
   320  20003A                     	org	2097210
   321  20003A  0FFF               	dw	4095
   322                           
   323                           ;Config register IDLOC30 @ 0x20003C
   324                           ;	unspecified, using default values
   325  20003C                     	org	2097212
   326  20003C  0FFF               	dw	4095
   327                           
   328                           ;Config register IDLOC31 @ 0x20003E
   329                           ;	unspecified, using default values
   330  20003E                     	org	2097214
   331  20003E  0FFF               	dw	4095
   332                           
   333                           	psect	config
   334                           
   335                           ;Config register CONFIG1 @ 0x300000
   336                           ;	unspecified, using default values
   337                           ;	External Oscillator Selection
   338                           ;	FEXTOSC = 0x7, unprogrammed default
   339                           ;	Reset Oscillator Selection
   340                           ;	RSTOSC = 0x7, unprogrammed default
   341  300000                     	org	3145728
   342  300000  FF                 	db	255
   343                           
   344                           ;Config register CONFIG2 @ 0x300001
   345                           ;	unspecified, using default values
   346                           ;	Clock out Enable bit
   347                           ;	CLKOUTEN = 0x1, unprogrammed default
   348                           ;	PRLOCKED One-Way Set Enable bit
   349                           ;	PR1WAY = 0x1, unprogrammed default
   350                           ;	Clock Switch Enable bit
   351                           ;	CSWEN = 0x1, unprogrammed default
   352                           ;	Fail-Safe Clock Monitor Enable bit
   353                           ;	FCMEN = 0x1, unprogrammed default
   354  300001                     	org	3145729
   355  300001  FF                 	db	255
   356                           
   357                           ;Config register CONFIG3 @ 0x300002
   358                           ;	unspecified, using default values
   359                           ;	MCLR Enable bit
   360                           ;	MCLRE = 0x1, unprogrammed default
   361                           ;	Power-up timer selection bits
   362                           ;	PWRTS = 0x3, unprogrammed default
   363                           ;	Multi-vector enable bit
   364                           ;	MVECEN = 0x1, unprogrammed default
   365                           ;	IVTLOCK bit One-way set enable bit
   366                           ;	IVT1WAY = 0x1, unprogrammed default
   367                           ;	Low Power BOR Enable bit
   368                           ;	LPBOREN = 0x1, unprogrammed default
   369                           ;	Brown-out Reset Enable bits
   370                           ;	BOREN = 0x3, unprogrammed default
   371  300002                     	org	3145730
   372  300002  FF                 	db	255
   373                           
   374                           ;Config register CONFIG4 @ 0x300003
   375                           ;	unspecified, using default values
   376                           ;	Brown-out Reset Voltage Selection bits
   377                           ;	BORV = 0x3, unprogrammed default
   378                           ;	ZCD Disable bit
   379                           ;	ZCD = 0x1, unprogrammed default
   380                           ;	PPSLOCK bit One-Way Set Enable bit
   381                           ;	PPS1WAY = 0x1, unprogrammed default
   382                           ;	Stack Full/Underflow Reset Enable bit
   383                           ;	STVREN = 0x1, unprogrammed default
   384                           ;	Low Voltage Programming Enable bit
   385                           ;	LVP = 0x1, unprogrammed default
   386                           ;	Extended Instruction Set Enable bit
   387                           ;	XINST = 0x1, unprogrammed default
   388  300003                     	org	3145731
   389  300003  FF                 	db	255
   390                           
   391                           ;Config register CONFIG5 @ 0x300004
   392                           ;	unspecified, using default values
   393                           ;	WDT Period selection bits
   394                           ;	WDTCPS = 0x1F, unprogrammed default
   395                           ;	WDT operating mode
   396                           ;	WDTE = 0x3, unprogrammed default
   397  300004                     	org	3145732
   398  300004  FF                 	db	255
   399                           
   400                           ;Config register CONFIG6 @ 0x300005
   401                           ;	unspecified, using default values
   402                           ;	WDT Window Select bits
   403                           ;	WDTCWS = 0x7, unprogrammed default
   404                           ;	WDT input clock selector
   405                           ;	WDTCCS = 0x7, unprogrammed default
   406  300005                     	org	3145733
   407  300005  FF                 	db	255
   408                           
   409                           ;Config register CONFIG7 @ 0x300006
   410                           ;	unspecified, using default values
   411                           ;	Boot Block Size selection bits
   412                           ;	BBSIZE = 0x7, unprogrammed default
   413                           ;	Boot Block enable bit
   414                           ;	BBEN = 0x1, unprogrammed default
   415                           ;	Storage Area Flash enable bit
   416                           ;	SAFEN = 0x1, unprogrammed default
   417                           ;	Background Debugger
   418                           ;	DEBUG = 0x1, unprogrammed default
   419  300006                     	org	3145734
   420  300006  FF                 	db	255
   421                           
   422                           ;Config register CONFIG8 @ 0x300007
   423                           ;	unspecified, using default values
   424                           ;	Boot Block Write Protection bit
   425                           ;	WRTB = 0x1, unprogrammed default
   426                           ;	Configuration Register Write Protection bit
   427                           ;	WRTC = 0x1, unprogrammed default
   428                           ;	Data EEPROM Write Protection bit
   429                           ;	WRTD = 0x1, unprogrammed default
   430                           ;	SAF Write protection bit
   431                           ;	WRTSAF = 0x1, unprogrammed default
   432                           ;	Application Block write protection bit
   433                           ;	WRTAPP = 0x1, unprogrammed default
   434  300007                     	org	3145735
   435  300007  FF                 	db	255
   436                           
   437                           ; Padding undefined space
   438  300008                     	org	3145736
   439  300008  FF                 	db	255
   440                           
   441                           ;Config register CONFIG10 @ 0x300009
   442                           ;	unspecified, using default values
   443                           ;	PFM and Data EEPROM Code Protection bit
   444                           ;	CP = 0x1, unprogrammed default
   445  300009                     	org	3145737
   446  300009  FF                 	db	255
   447                           tosu	equ	0x4FF
   448                           tosh	equ	0x4FE
   449                           tosl	equ	0x4FD
   450                           stkptr	equ	0x4FC
   451                           pclatu	equ	0x4FB
   452                           pclath	equ	0x4FA
   453                           pcl	equ	0x4F9
   454                           tblptru	equ	0x4F8
   455                           tblptrh	equ	0x4F7
   456                           tblptrl	equ	0x4F6
   457                           tablat	equ	0x4F5
   458                           prodh	equ	0x4F4
   459                           prodl	equ	0x4F3
   460                           indf0	equ	0x4EF
   461                           postinc0	equ	0x4EE
   462                           postdec0	equ	0x4ED
   463                           preinc0	equ	0x4EC
   464                           plusw0	equ	0x4EB
   465                           fsr0h	equ	0x4EA
   466                           fsr0l	equ	0x4E9
   467                           wreg	equ	0x4E8
   468                           indf1	equ	0x4E7
   469                           postinc1	equ	0x4E6
   470                           postdec1	equ	0x4E5
   471                           preinc1	equ	0x4E4
   472                           plusw1	equ	0x4E3
   473                           fsr1h	equ	0x4E2
   474                           fsr1l	equ	0x4E1
   475                           bsr	equ	0x4E0
   476                           indf2	equ	0x4DF
   477                           postinc2	equ	0x4DE
   478                           postdec2	equ	0x4DD
   479                           preinc2	equ	0x4DC
   480                           plusw2	equ	0x4DB
   481                           fsr2h	equ	0x4DA
   482                           fsr2l	equ	0x4D9
   483                           status	equ	0x4D8

Data Sizes:
    Strings     0
    Constant    0
    Data        0
    BSS         0
    Persistent  0
    Stack       0

Auto Spaces:
    Space          Size  Autos    Used
    COMRAM           95      0       0
    BANK5           160      0       0
    BANK6           256      0       0
    BANK7           256      0       0
    BANK8           256      0       0
    BANK9           256      0       0
    BANK10          256      0       0
    BANK11          256      0       0
    BANK12          256      0       0
    BANK13          256      0       0
    BANK14          256      0       0
    BANK15          256      0       0
    BANK16          256      0       0
    BANK17          256      0       0
    BANK18          256      0       0
    BANK19          256      0       0
    BANK20          256      0       0
    BANK21          256      0       0
    BANK22          256      0       0
    BANK23          256      0       0
    BANK24          256      0       0
    BANK25          256      0       0
    BANK26          256      0       0
    BANK27          256      0       0
    BANK28          256      0       0
    BANK29          256      0       0
    BANK30          256      0       0
    BANK31          256      0       0
    BANK32          256      0       0
    BANK33          256      0       0
    BANK34          256      0       0
    BANK35          256      0       0
    BANK36          256      0       0

Pointer List with Targets:

    None.

Critical Paths under _main in COMRAM

    None.

Critical Paths under _main in BANK5

    None.

Critical Paths under _main in BANK6

    None.

Critical Paths under _main in BANK7

    None.

Critical Paths under _main in BANK8

    None.

Critical Paths under _main in BANK9

    None.

Critical Paths under _main in BANK10

    None.

Critical Paths under _main in BANK11

    None.

Critical Paths under _main in BANK12

    None.

Critical Paths under _main in BANK13

    None.

Critical Paths under _main in BANK14

    None.

Critical Paths under _main in BANK15

    None.

Critical Paths under _main in BANK16

    None.

Critical Paths under _main in BANK17

    None.

Critical Paths under _main in BANK18

    None.

Critical Paths under _main in BANK19

    None.

Critical Paths under _main in BANK20

    None.

Critical Paths under _main in BANK21

    None.

Critical Paths under _main in BANK22

    None.

Critical Paths under _main in BANK23

    None.

Critical Paths under _main in BANK24

    None.

Critical Paths under _main in BANK25

    None.

Critical Paths under _main in BANK26

    None.

Critical Paths under _main in BANK27

    None.

Critical Paths under _main in BANK28

    None.

Critical Paths under _main in BANK29

    None.

Critical Paths under _main in BANK30

    None.

Critical Paths under _main in BANK31

    None.

Critical Paths under _main in BANK32

    None.

Critical Paths under _main in BANK33

    None.

Critical Paths under _main in BANK34

    None.

Critical Paths under _main in BANK35

    None.

Critical Paths under _main in BANK36

    None.

Call Graph Tables:

 ---------------------------------------------------------------------------------
 (Depth) Function   	        Calls       Base Space   Used Autos Params    Refs
 ---------------------------------------------------------------------------------
 (0) _main                                                 0     0      0       0
                          _GPIO_Init
 ---------------------------------------------------------------------------------
 (1) _GPIO_Init                                            0     0      0       0
 ---------------------------------------------------------------------------------
 Estimated maximum stack depth 1
 ---------------------------------------------------------------------------------

 Call Graph Graphs:

 _main (ROOT)
   _GPIO_Init

 Address spaces:
Name               Size   Autos  Total    Cost      Usage
BITCOMRAM           5F      0       0       0        0.0%
EEDATA             400      0       0       0        0.0%
NULL                 0      0       0       0        0.0%
CODE                 0      0       0       0        0.0%
COMRAM              5F      0       0       1        0.0%
STACK                0      0       0       2        0.0%
DATA                 0      0       0       3        0.0%
BITBANK5            A0      0       0       4        0.0%
BANK5               A0      0       0       5        0.0%
BITBANK6           100      0       0       6        0.0%
BANK6              100      0       0       7        0.0%
BITBANK7           100      0       0       8        0.0%
BANK7              100      0       0       9        0.0%
BITBANK8           100      0       0      10        0.0%
BANK8              100      0       0      11        0.0%
BITBANK9           100      0       0      12        0.0%
BANK9              100      0       0      13        0.0%
BITBANK10          100      0       0      14        0.0%
BANK10             100      0       0      15        0.0%
BITBANK11          100      0       0      16        0.0%
BANK11             100      0       0      17        0.0%
BITBANK12          100      0       0      18        0.0%
BANK12             100      0       0      19        0.0%
BITBANK13          100      0       0      20        0.0%
BANK13             100      0       0      21        0.0%
BITBANK14          100      0       0      22        0.0%
BANK14             100      0       0      23        0.0%
BITBANK15          100      0       0      24        0.0%
BANK15             100      0       0      25        0.0%
BITBANK16          100      0       0      26        0.0%
BANK16             100      0       0      27        0.0%
BITBANK17          100      0       0      28        0.0%
BANK17             100      0       0      29        0.0%
BITBANK18          100      0       0      30        0.0%
BANK18             100      0       0      31        0.0%
BITBANK19          100      0       0      32        0.0%
BANK19             100      0       0      33        0.0%
BITBANK20          100      0       0      34        0.0%
BANK20             100      0       0      35        0.0%
BITBANK21          100      0       0      36        0.0%
BANK21             100      0       0      37        0.0%
BITBANK22          100      0       0      38        0.0%
BANK22             100      0       0      39        0.0%
BITBANK23          100      0       0      40        0.0%
BANK23             100      0       0      41        0.0%
BITBANK24          100      0       0      42        0.0%
BANK24             100      0       0      43        0.0%
BITBANK25          100      0       0      44        0.0%
BANK25             100      0       0      45        0.0%
BITBANK26          100      0       0      46        0.0%
BANK26             100      0       0      47        0.0%
BITBANK27          100      0       0      48        0.0%
BANK27             100      0       0      49        0.0%
BITBANK28          100      0       0      50        0.0%
BANK28             100      0       0      51        0.0%
BITBANK29          100      0       0      52        0.0%
BANK29             100      0       0      53        0.0%
BITBANK30          100      0       0      54        0.0%
BANK30             100      0       0      55        0.0%
BITBANK31          100      0       0      56        0.0%
BANK31             100      0       0      57        0.0%
BITBANK32          100      0       0      58        0.0%
BANK32             100      0       0      59        0.0%
BITBANK33          100      0       0      60        0.0%
BANK33             100      0       0      61        0.0%
BITBANK34          100      0       0      62        0.0%
BANK34             100      0       0      63        0.0%
BITBANK35          100      0       0      64        0.0%
BANK35             100      0       0      65        0.0%
BITBANK36          100      0       0      66        0.0%
BANK36             100      0       0      67        0.0%
ABS                  0      0       0      68        0.0%
BIGRAM            1FFF      0       0      69        0.0%
BITSFR_6             0      0       0     200        0.0%
SFR_6                0      0       0     200        0.0%
BITSFR_5             0      0       0     200        0.0%
SFR_5                0      0       0     200        0.0%
BITSFR_4             0      0       0     200        0.0%
SFR_4                0      0       0     200        0.0%
BITSFR_3             0      0       0     200        0.0%
SFR_3                0      0       0     200        0.0%
BITSFR_2             0      0       0     200        0.0%
SFR_2                0      0       0     200        0.0%
BITSFR_1             0      0       0     200        0.0%
SFR_1                0      0       0     200        0.0%
BITSFR               0      0       0     200        0.0%
SFR                  0      0       0     200        0.0%


Microchip Technology PIC18 Macro Assembler V2.32 build 20210201212658 
Symbol Table                                                                                   Sun Apr 23 16:16:39 2023

                     l19 FFEC                      l771 FFF2                      l767 FFE6  
                    l769 FFEE                     _LATF 0004C3                     _main FFEE  
                   start FFFC       __size_of_GPIO_Init 0008             ___param_bank 000000  
                  ?_main 0000                    _TRISF 0004CB          __initialization FFE0  
           __end_of_main FFFC                   ??_main 0000            __activetblptr 000000  
      __end_of_GPIO_Init FFEE                   _ANSELF 000428                   isa$std 000001  
             __accesstop 0560  __end_of__initialization FFE0            ___rparam_used 000001  
         __pcstackCOMRAM 0000                  __Hparam 0000                  __Lparam 0000  
                __pcinit FFE0                  __ramtop 2500                  __ptext0 FFEE  
                __ptext1 FFE6                _GPIO_Init FFE6     end_of_initialization FFE0  
             ?_GPIO_Init 0000      start_initialization FFE0              ??_GPIO_Init 0000  
               __Hrparam 0000                 __Lrparam 0000            __size_of_main 000E  
               isa$xinst 000000  
